ARM GAS  C:\Users\UpBc\AppData\Local\Temp\ccKWvxM9.s 			page 1


   1              		.syntax unified
   2              		.cpu cortex-m3
   3              		.fpu softvfp
   4              		.eabi_attribute 20, 1
   5              		.eabi_attribute 21, 1
   6              		.eabi_attribute 23, 3
   7              		.eabi_attribute 24, 1
   8              		.eabi_attribute 25, 1
   9              		.eabi_attribute 26, 1
  10              		.eabi_attribute 30, 1
  11              		.eabi_attribute 34, 1
  12              		.eabi_attribute 18, 4
  13              		.thumb
  14              		.syntax unified
  15              		.file	"cymetadata.c"
  16              		.text
  17              	.Ltext0:
  18              		.cfi_sections	.debug_frame
  19              		.global	cy_metadata
  20              		.global	cy_meta_flashprotect
  21              		.global	cy_meta_wonvl
  22              		.global	cy_meta_custnvl
  23              		.global	cy_meta_configecc
  24              		.section	.cyconfigecc,"a",%progbits
  25              		.align	2
  26              		.type	cy_meta_configecc, %object
  27              		.size	cy_meta_configecc, 1000
  28              	cy_meta_configecc:
  29 0000 02       		.byte	2
  30 0001 52       		.byte	82
  31 0002 00       		.byte	0
  32 0003 40       		.byte	64
  33 0004 01       		.byte	1
  34 0005 64       		.byte	100
  35 0006 00       		.byte	0
  36 0007 40       		.byte	64
  37 0008 02       		.byte	2
  38 0009 65       		.byte	101
  39 000a 00       		.byte	0
  40 000b 40       		.byte	64
  41 000c 47       		.byte	71
  42 000d 08       		.byte	8
  43 000e 01       		.byte	1
  44 000f 40       		.byte	64
  45 0010 2B       		.byte	43
  46 0011 09       		.byte	9
  47 0012 01       		.byte	1
  48 0013 40       		.byte	64
  49 0014 01       		.byte	1
  50 0015 15       		.byte	21
  51 0016 01       		.byte	1
  52 0017 40       		.byte	64
  53 0018 53       		.byte	83
  54 0019 18       		.byte	24
  55 001a 01       		.byte	1
  56 001b 40       		.byte	64
  57 001c 45       		.byte	69
ARM GAS  C:\Users\UpBc\AppData\Local\Temp\ccKWvxM9.s 			page 2


  58 001d 19       		.byte	25
  59 001e 01       		.byte	1
  60 001f 40       		.byte	64
  61 0020 0F       		.byte	15
  62 0021 1A       		.byte	26
  63 0022 01       		.byte	1
  64 0023 40       		.byte	64
  65 0024 3E       		.byte	62
  66 0025 1B       		.byte	27
  67 0026 01       		.byte	1
  68 0027 40       		.byte	64
  69 0028 02       		.byte	2
  70 0029 40       		.byte	64
  71 002a 01       		.byte	1
  72 002b 40       		.byte	64
  73 002c 01       		.byte	1
  74 002d 41       		.byte	65
  75 002e 01       		.byte	1
  76 002f 40       		.byte	64
  77 0030 01       		.byte	1
  78 0031 42       		.byte	66
  79 0032 01       		.byte	1
  80 0033 40       		.byte	64
  81 0034 01       		.byte	1
  82 0035 43       		.byte	67
  83 0036 01       		.byte	1
  84 0037 40       		.byte	64
  85 0038 01       		.byte	1
  86 0039 48       		.byte	72
  87 003a 01       		.byte	1
  88 003b 40       		.byte	64
  89 003c 02       		.byte	2
  90 003d 49       		.byte	73
  91 003e 01       		.byte	1
  92 003f 40       		.byte	64
  93 0040 02       		.byte	2
  94 0041 4C       		.byte	76
  95 0042 01       		.byte	1
  96 0043 40       		.byte	64
  97 0044 0A       		.byte	10
  98 0045 4D       		.byte	77
  99 0046 01       		.byte	1
 100 0047 40       		.byte	64
 101 0048 04       		.byte	4
 102 0049 50       		.byte	80
 103 004a 01       		.byte	1
 104 004b 40       		.byte	64
 105 004c 01       		.byte	1
 106 004d 51       		.byte	81
 107 004e 01       		.byte	1
 108 004f 40       		.byte	64
 109 0050 61       		.byte	97
 110 0051 80       		.byte	-128
 111 0052 64       		.byte	100
 112 0053 40       		.byte	64
 113 0054 89       		.byte	-119
 114 0055 0F       		.byte	15
ARM GAS  C:\Users\UpBc\AppData\Local\Temp\ccKWvxM9.s 			page 3


 115 0056 88       		.byte	-120
 116 0057 3C       		.byte	60
 117 0058 8B       		.byte	-117
 118 0059 72       		.byte	114
 119 005a 01       		.byte	1
 120 005b 05       		.byte	5
 121 005c 03       		.byte	3
 122 005d 18       		.byte	24
 123 005e 05       		.byte	5
 124 005f 02       		.byte	2
 125 0060 06       		.byte	6
 126 0061 02       		.byte	2
 127 0062 07       		.byte	7
 128 0063 0C       		.byte	12
 129 0064 08       		.byte	8
 130 0065 01       		.byte	1
 131 0066 09       		.byte	9
 132 0067 05       		.byte	5
 133 0068 0B       		.byte	11
 134 0069 18       		.byte	24
 135 006a 10       		.byte	16
 136 006b 01       		.byte	1
 137 006c 14       		.byte	20
 138 006d 06       		.byte	6
 139 006e 19       		.byte	25
 140 006f 10       		.byte	16
 141 0070 1A       		.byte	26
 142 0071 01       		.byte	1
 143 0072 1B       		.byte	27
 144 0073 0D       		.byte	13
 145 0074 1C       		.byte	28
 146 0075 06       		.byte	6
 147 0076 1F       		.byte	31
 148 0077 10       		.byte	16
 149 0078 22       		.byte	34
 150 0079 01       		.byte	1
 151 007a 28       		.byte	40
 152 007b 04       		.byte	4
 153 007c 31       		.byte	49
 154 007d 03       		.byte	3
 155 007e 33       		.byte	51
 156 007f 1C       		.byte	28
 157 0080 34       		.byte	52
 158 0081 06       		.byte	6
 159 0082 36       		.byte	54
 160 0083 01       		.byte	1
 161 0084 38       		.byte	56
 162 0085 A0       		.byte	-96
 163 0086 39       		.byte	57
 164 0087 02       		.byte	2
 165 0088 3A       		.byte	58
 166 0089 08       		.byte	8
 167 008a 3B       		.byte	59
 168 008b 08       		.byte	8
 169 008c 3E       		.byte	62
 170 008d 10       		.byte	16
 171 008e 58       		.byte	88
ARM GAS  C:\Users\UpBc\AppData\Local\Temp\ccKWvxM9.s 			page 4


 172 008f 04       		.byte	4
 173 0090 59       		.byte	89
 174 0091 04       		.byte	4
 175 0092 5F       		.byte	95
 176 0093 01       		.byte	1
 177 0094 86       		.byte	-122
 178 0095 05       		.byte	5
 179 0096 87       		.byte	-121
 180 0097 02       		.byte	2
 181 0098 89       		.byte	-119
 182 0099 02       		.byte	2
 183 009a 8A       		.byte	-118
 184 009b 08       		.byte	8
 185 009c 8C       		.byte	-116
 186 009d 03       		.byte	3
 187 009e 8E       		.byte	-114
 188 009f 14       		.byte	20
 189 00a0 8F       		.byte	-113
 190 00a1 02       		.byte	2
 191 00a2 92       		.byte	-110
 192 00a3 18       		.byte	24
 193 00a4 94       		.byte	-108
 194 00a5 1A       		.byte	26
 195 00a6 96       		.byte	-106
 196 00a7 04       		.byte	4
 197 00a8 97       		.byte	-105
 198 00a9 02       		.byte	2
 199 00aa 99       		.byte	-103
 200 00ab 01       		.byte	1
 201 00ac A0       		.byte	-96
 202 00ad 03       		.byte	3
 203 00ae A2       		.byte	-94
 204 00af 04       		.byte	4
 205 00b0 A8       		.byte	-88
 206 00b1 03       		.byte	3
 207 00b2 AA       		.byte	-86
 208 00b3 0C       		.byte	12
 209 00b4 AD       		.byte	-83
 210 00b5 02       		.byte	2
 211 00b6 B3       		.byte	-77
 212 00b7 01       		.byte	1
 213 00b8 B6       		.byte	-74
 214 00b9 1F       		.byte	31
 215 00ba B7       		.byte	-73
 216 00bb 02       		.byte	2
 217 00bc BA       		.byte	-70
 218 00bd 80       		.byte	-128
 219 00be BF       		.byte	-65
 220 00bf 44       		.byte	68
 221 00c0 C0       		.byte	-64
 222 00c1 12       		.byte	18
 223 00c2 C1       		.byte	-63
 224 00c3 06       		.byte	6
 225 00c4 C5       		.byte	-59
 226 00c5 0B       		.byte	11
 227 00c6 C6       		.byte	-58
 228 00c7 EC       		.byte	-20
ARM GAS  C:\Users\UpBc\AppData\Local\Temp\ccKWvxM9.s 			page 5


 229 00c8 C8       		.byte	-56
 230 00c9 0D       		.byte	13
 231 00ca C9       		.byte	-55
 232 00cb FF       		.byte	-1
 233 00cc CA       		.byte	-54
 234 00cd FF       		.byte	-1
 235 00ce CB       		.byte	-53
 236 00cf FF       		.byte	-1
 237 00d0 CE       		.byte	-50
 238 00d1 F0       		.byte	-16
 239 00d2 CF       		.byte	-49
 240 00d3 44       		.byte	68
 241 00d4 D0       		.byte	-48
 242 00d5 0C       		.byte	12
 243 00d6 D4       		.byte	-44
 244 00d7 01       		.byte	1
 245 00d8 D8       		.byte	-40
 246 00d9 04       		.byte	4
 247 00da D9       		.byte	-39
 248 00db 04       		.byte	4
 249 00dc DA       		.byte	-38
 250 00dd 04       		.byte	4
 251 00de DB       		.byte	-37
 252 00df 04       		.byte	4
 253 00e0 DF       		.byte	-33
 254 00e1 01       		.byte	1
 255 00e2 E6       		.byte	-26
 256 00e3 C0       		.byte	-64
 257 00e4 EA       		.byte	-22
 258 00e5 40       		.byte	64
 259 00e6 EB       		.byte	-21
 260 00e7 02       		.byte	2
 261 00e8 00       		.byte	0
 262 00e9 24       		.byte	36
 263 00ea 01       		.byte	1
 264 00eb 80       		.byte	-128
 265 00ec 04       		.byte	4
 266 00ed 0C       		.byte	12
 267 00ee 07       		.byte	7
 268 00ef 04       		.byte	4
 269 00f0 09       		.byte	9
 270 00f1 09       		.byte	9
 271 00f2 0E       		.byte	14
 272 00f3 09       		.byte	9
 273 00f4 0F       		.byte	15
 274 00f5 50       		.byte	80
 275 00f6 10       		.byte	16
 276 00f7 80       		.byte	-128
 277 00f8 13       		.byte	19
 278 00f9 10       		.byte	16
 279 00fa 17       		.byte	23
 280 00fb 11       		.byte	17
 281 00fc 19       		.byte	25
 282 00fd 80       		.byte	-128
 283 00fe 1A       		.byte	26
 284 00ff 01       		.byte	1
 285 0100 1C       		.byte	28
ARM GAS  C:\Users\UpBc\AppData\Local\Temp\ccKWvxM9.s 			page 6


 286 0101 09       		.byte	9
 287 0102 1F       		.byte	31
 288 0103 08       		.byte	8
 289 0104 22       		.byte	34
 290 0105 44       		.byte	68
 291 0106 25       		.byte	37
 292 0107 09       		.byte	9
 293 0108 27       		.byte	39
 294 0109 50       		.byte	80
 295 010a 29       		.byte	41
 296 010b 80       		.byte	-128
 297 010c 31       		.byte	49
 298 010d 28       		.byte	40
 299 010e 37       		.byte	55
 300 010f 50       		.byte	80
 301 0110 38       		.byte	56
 302 0111 88       		.byte	-120
 303 0112 3B       		.byte	59
 304 0113 10       		.byte	16
 305 0114 3C       		.byte	60
 306 0115 04       		.byte	4
 307 0116 3E       		.byte	62
 308 0117 01       		.byte	1
 309 0118 3F       		.byte	63
 310 0119 10       		.byte	16
 311 011a 40       		.byte	64
 312 011b 04       		.byte	4
 313 011c 42       		.byte	66
 314 011d 01       		.byte	1
 315 011e 48       		.byte	72
 316 011f 20       		.byte	32
 317 0120 4B       		.byte	75
 318 0121 10       		.byte	16
 319 0122 50       		.byte	80
 320 0123 C0       		.byte	-64
 321 0124 51       		.byte	81
 322 0125 20       		.byte	32
 323 0126 59       		.byte	89
 324 0127 01       		.byte	1
 325 0128 5A       		.byte	90
 326 0129 88       		.byte	-120
 327 012a 5B       		.byte	91
 328 012b 20       		.byte	32
 329 012c C0       		.byte	-64
 330 012d 67       		.byte	103
 331 012e C2       		.byte	-62
 332 012f FC       		.byte	-4
 333 0130 C4       		.byte	-60
 334 0131 5A       		.byte	90
 335 0132 CA       		.byte	-54
 336 0133 08       		.byte	8
 337 0134 CC       		.byte	-52
 338 0135 36       		.byte	54
 339 0136 CE       		.byte	-50
 340 0137 EE       		.byte	-18
 341 0138 D0       		.byte	-48
 342 0139 0C       		.byte	12
ARM GAS  C:\Users\UpBc\AppData\Local\Temp\ccKWvxM9.s 			page 7


 343 013a D2       		.byte	-46
 344 013b 04       		.byte	4
 345 013c D6       		.byte	-42
 346 013d 0F       		.byte	15
 347 013e EE       		.byte	-18
 348 013f 08       		.byte	8
 349 0140 02       		.byte	2
 350 0141 20       		.byte	32
 351 0142 03       		.byte	3
 352 0143 01       		.byte	1
 353 0144 07       		.byte	7
 354 0145 02       		.byte	2
 355 0146 08       		.byte	8
 356 0147 0C       		.byte	12
 357 0148 0A       		.byte	10
 358 0149 02       		.byte	2
 359 014a 0B       		.byte	11
 360 014b 02       		.byte	2
 361 014c 0D       		.byte	13
 362 014d 02       		.byte	2
 363 014e 0E       		.byte	14
 364 014f 04       		.byte	4
 365 0150 12       		.byte	18
 366 0151 0B       		.byte	11
 367 0152 13       		.byte	19
 368 0153 02       		.byte	2
 369 0154 15       		.byte	21
 370 0155 02       		.byte	2
 371 0156 18       		.byte	24
 372 0157 04       		.byte	4
 373 0158 1A       		.byte	26
 374 0159 10       		.byte	16
 375 015a 1E       		.byte	30
 376 015b 20       		.byte	32
 377 015c 20       		.byte	32
 378 015d 04       		.byte	4
 379 015e 22       		.byte	34
 380 015f 09       		.byte	9
 381 0160 24       		.byte	36
 382 0161 0F       		.byte	15
 383 0162 27       		.byte	39
 384 0163 01       		.byte	1
 385 0164 2C       		.byte	44
 386 0165 0F       		.byte	15
 387 0166 2F       		.byte	47
 388 0167 02       		.byte	2
 389 0168 30       		.byte	48
 390 0169 10       		.byte	16
 391 016a 32       		.byte	50
 392 016b 20       		.byte	32
 393 016c 34       		.byte	52
 394 016d 07       		.byte	7
 395 016e 35       		.byte	53
 396 016f 02       		.byte	2
 397 0170 36       		.byte	54
 398 0171 08       		.byte	8
 399 0172 37       		.byte	55
ARM GAS  C:\Users\UpBc\AppData\Local\Temp\ccKWvxM9.s 			page 8


 400 0173 01       		.byte	1
 401 0174 3A       		.byte	58
 402 0175 20       		.byte	32
 403 0176 3E       		.byte	62
 404 0177 04       		.byte	4
 405 0178 3F       		.byte	63
 406 0179 40       		.byte	64
 407 017a 54       		.byte	84
 408 017b 1C       		.byte	28
 409 017c 58       		.byte	88
 410 017d 04       		.byte	4
 411 017e 59       		.byte	89
 412 017f 04       		.byte	4
 413 0180 5B       		.byte	91
 414 0181 04       		.byte	4
 415 0182 5F       		.byte	95
 416 0183 01       		.byte	1
 417 0184 80       		.byte	-128
 418 0185 24       		.byte	36
 419 0186 82       		.byte	-126
 420 0187 41       		.byte	65
 421 0188 84       		.byte	-124
 422 0189 02       		.byte	2
 423 018a 86       		.byte	-122
 424 018b 01       		.byte	1
 425 018c 87       		.byte	-121
 426 018d 02       		.byte	2
 427 018e 88       		.byte	-120
 428 018f 01       		.byte	1
 429 0190 89       		.byte	-119
 430 0191 10       		.byte	16
 431 0192 8A       		.byte	-118
 432 0193 0E       		.byte	14
 433 0194 8B       		.byte	-117
 434 0195 0A       		.byte	10
 435 0196 8C       		.byte	-116
 436 0197 43       		.byte	67
 437 0198 8E       		.byte	-114
 438 0199 30       		.byte	48
 439 019a 94       		.byte	-108
 440 019b 71       		.byte	113
 441 019c 95       		.byte	-107
 442 019d 1C       		.byte	28
 443 019e 96       		.byte	-106
 444 019f 08       		.byte	8
 445 01a0 97       		.byte	-105
 446 01a1 02       		.byte	2
 447 01a2 98       		.byte	-104
 448 01a3 40       		.byte	64
 449 01a4 9A       		.byte	-102
 450 01a5 03       		.byte	3
 451 01a6 9B       		.byte	-101
 452 01a7 10       		.byte	16
 453 01a8 9F       		.byte	-97
 454 01a9 1C       		.byte	28
 455 01aa A4       		.byte	-92
 456 01ab 50       		.byte	80
ARM GAS  C:\Users\UpBc\AppData\Local\Temp\ccKWvxM9.s 			page 9


 457 01ac A8       		.byte	-88
 458 01ad 30       		.byte	48
 459 01ae A9       		.byte	-87
 460 01af 09       		.byte	9
 461 01b0 AA       		.byte	-86
 462 01b1 47       		.byte	71
 463 01b2 AD       		.byte	-83
 464 01b3 08       		.byte	8
 465 01b4 AF       		.byte	-81
 466 01b5 16       		.byte	22
 467 01b6 B3       		.byte	-77
 468 01b7 06       		.byte	6
 469 01b8 B4       		.byte	-76
 470 01b9 7F       		.byte	127
 471 01ba B5       		.byte	-75
 472 01bb 18       		.byte	24
 473 01bc B7       		.byte	-73
 474 01bd 01       		.byte	1
 475 01be BB       		.byte	-69
 476 01bf 28       		.byte	40
 477 01c0 BF       		.byte	-65
 478 01c1 40       		.byte	64
 479 01c2 C0       		.byte	-64
 480 01c3 06       		.byte	6
 481 01c4 C5       		.byte	-59
 482 01c5 04       		.byte	4
 483 01c6 C9       		.byte	-55
 484 01c7 FF       		.byte	-1
 485 01c8 CA       		.byte	-54
 486 01c9 07       		.byte	7
 487 01ca CB       		.byte	-53
 488 01cb FF       		.byte	-1
 489 01cc CC       		.byte	-52
 490 01cd 40       		.byte	64
 491 01ce CD       		.byte	-51
 492 01cf 20       		.byte	32
 493 01d0 CE       		.byte	-50
 494 01d1 F0       		.byte	-16
 495 01d2 CF       		.byte	-49
 496 01d3 05       		.byte	5
 497 01d4 D0       		.byte	-48
 498 01d5 08       		.byte	8
 499 01d6 D8       		.byte	-40
 500 01d7 04       		.byte	4
 501 01d8 D9       		.byte	-39
 502 01d9 04       		.byte	4
 503 01da DA       		.byte	-38
 504 01db 04       		.byte	4
 505 01dc DF       		.byte	-33
 506 01dd 01       		.byte	1
 507 01de E0       		.byte	-32
 508 01df 40       		.byte	64
 509 01e0 E1       		.byte	-31
 510 01e1 A8       		.byte	-88
 511 01e2 E2       		.byte	-30
 512 01e3 40       		.byte	64
 513 01e4 E3       		.byte	-29
ARM GAS  C:\Users\UpBc\AppData\Local\Temp\ccKWvxM9.s 			page 10


 514 01e5 20       		.byte	32
 515 01e6 00       		.byte	0
 516 01e7 04       		.byte	4
 517 01e8 01       		.byte	1
 518 01e9 A0       		.byte	-96
 519 01ea 03       		.byte	3
 520 01eb 40       		.byte	64
 521 01ec 04       		.byte	4
 522 01ed 41       		.byte	65
 523 01ee 05       		.byte	5
 524 01ef 10       		.byte	16
 525 01f0 09       		.byte	9
 526 01f1 08       		.byte	8
 527 01f2 0A       		.byte	10
 528 01f3 03       		.byte	3
 529 01f4 0B       		.byte	11
 530 01f5 04       		.byte	4
 531 01f6 0D       		.byte	13
 532 01f7 02       		.byte	2
 533 01f8 0E       		.byte	14
 534 01f9 40       		.byte	64
 535 01fa 0F       		.byte	15
 536 01fb 0A       		.byte	10
 537 01fc 10       		.byte	16
 538 01fd 20       		.byte	32
 539 01fe 13       		.byte	19
 540 01ff 10       		.byte	16
 541 0200 15       		.byte	21
 542 0201 40       		.byte	64
 543 0202 17       		.byte	23
 544 0203 05       		.byte	5
 545 0204 19       		.byte	25
 546 0205 20       		.byte	32
 547 0206 1C       		.byte	28
 548 0207 40       		.byte	64
 549 0208 1D       		.byte	29
 550 0209 10       		.byte	16
 551 020a 1E       		.byte	30
 552 020b 0D       		.byte	13
 553 020c 1F       		.byte	31
 554 020d 04       		.byte	4
 555 020e 20       		.byte	32
 556 020f 04       		.byte	4
 557 0210 22       		.byte	34
 558 0211 10       		.byte	16
 559 0212 23       		.byte	35
 560 0213 11       		.byte	17
 561 0214 27       		.byte	39
 562 0215 0A       		.byte	10
 563 0216 29       		.byte	41
 564 0217 A0       		.byte	-96
 565 0218 2E       		.byte	46
 566 0219 40       		.byte	64
 567 021a 2F       		.byte	47
 568 021b 20       		.byte	32
 569 021c 31       		.byte	49
 570 021d 08       		.byte	8
ARM GAS  C:\Users\UpBc\AppData\Local\Temp\ccKWvxM9.s 			page 11


 571 021e 32       		.byte	50
 572 021f 10       		.byte	16
 573 0220 33       		.byte	51
 574 0221 40       		.byte	64
 575 0222 37       		.byte	55
 576 0223 05       		.byte	5
 577 0224 38       		.byte	56
 578 0225 08       		.byte	8
 579 0226 3B       		.byte	59
 580 0227 10       		.byte	16
 581 0228 3D       		.byte	61
 582 0229 60       		.byte	96
 583 022a 3E       		.byte	62
 584 022b 05       		.byte	5
 585 022c 3F       		.byte	63
 586 022d 40       		.byte	64
 587 022e 46       		.byte	70
 588 022f 40       		.byte	64
 589 0230 47       		.byte	71
 590 0231 02       		.byte	2
 591 0232 48       		.byte	72
 592 0233 14       		.byte	20
 593 0234 4B       		.byte	75
 594 0235 04       		.byte	4
 595 0236 50       		.byte	80
 596 0237 04       		.byte	4
 597 0238 5E       		.byte	94
 598 0239 02       		.byte	2
 599 023a 5F       		.byte	95
 600 023b 08       		.byte	8
 601 023c 66       		.byte	102
 602 023d 40       		.byte	64
 603 023e 67       		.byte	103
 604 023f 08       		.byte	8
 605 0240 90       		.byte	-112
 606 0241 01       		.byte	1
 607 0242 93       		.byte	-109
 608 0243 40       		.byte	64
 609 0244 94       		.byte	-108
 610 0245 08       		.byte	8
 611 0246 97       		.byte	-105
 612 0247 10       		.byte	16
 613 0248 99       		.byte	-103
 614 0249 80       		.byte	-128
 615 024a 9B       		.byte	-101
 616 024b 40       		.byte	64
 617 024c 9F       		.byte	-97
 618 024d 05       		.byte	5
 619 024e A0       		.byte	-96
 620 024f 24       		.byte	36
 621 0250 A1       		.byte	-95
 622 0251 08       		.byte	8
 623 0252 A4       		.byte	-92
 624 0253 10       		.byte	16
 625 0254 A6       		.byte	-90
 626 0255 04       		.byte	4
 627 0256 A8       		.byte	-88
ARM GAS  C:\Users\UpBc\AppData\Local\Temp\ccKWvxM9.s 			page 12


 628 0257 40       		.byte	64
 629 0258 AB       		.byte	-85
 630 0259 20       		.byte	32
 631 025a B3       		.byte	-77
 632 025b 48       		.byte	72
 633 025c B5       		.byte	-75
 634 025d 21       		.byte	33
 635 025e C0       		.byte	-64
 636 025f DF       		.byte	-33
 637 0260 C2       		.byte	-62
 638 0261 D6       		.byte	-42
 639 0262 C4       		.byte	-60
 640 0263 B6       		.byte	-74
 641 0264 CA       		.byte	-54
 642 0265 5C       		.byte	92
 643 0266 CC       		.byte	-52
 644 0267 CE       		.byte	-50
 645 0268 CE       		.byte	-50
 646 0269 F6       		.byte	-10
 647 026a D2       		.byte	-46
 648 026b 04       		.byte	4
 649 026c D6       		.byte	-42
 650 026d C0       		.byte	-64
 651 026e D8       		.byte	-40
 652 026f 30       		.byte	48
 653 0270 01       		.byte	1
 654 0271 0A       		.byte	10
 655 0272 03       		.byte	3
 656 0273 51       		.byte	81
 657 0274 09       		.byte	9
 658 0275 14       		.byte	20
 659 0276 0B       		.byte	11
 660 0277 49       		.byte	73
 661 0278 0D       		.byte	13
 662 0279 01       		.byte	1
 663 027a 0F       		.byte	15
 664 027b 26       		.byte	38
 665 027c 15       		.byte	21
 666 027d 1F       		.byte	31
 667 027e 19       		.byte	25
 668 027f 1F       		.byte	31
 669 0280 31       		.byte	49
 670 0281 07       		.byte	7
 671 0282 33       		.byte	51
 672 0283 18       		.byte	24
 673 0284 35       		.byte	53
 674 0285 60       		.byte	96
 675 0286 37       		.byte	55
 676 0287 60       		.byte	96
 677 0288 3F       		.byte	63
 678 0289 50       		.byte	80
 679 028a 59       		.byte	89
 680 028b 04       		.byte	4
 681 028c 5F       		.byte	95
 682 028d 01       		.byte	1
 683 028e 05       		.byte	5
 684 028f 01       		.byte	1
ARM GAS  C:\Users\UpBc\AppData\Local\Temp\ccKWvxM9.s 			page 13


 685 0290 07       		.byte	7
 686 0291 19       		.byte	25
 687 0292 08       		.byte	8
 688 0293 10       		.byte	16
 689 0294 09       		.byte	9
 690 0295 10       		.byte	16
 691 0296 0C       		.byte	12
 692 0297 81       		.byte	-127
 693 0298 0E       		.byte	14
 694 0299 28       		.byte	40
 695 029a 0F       		.byte	15
 696 029b 40       		.byte	64
 697 029c 15       		.byte	21
 698 029d 50       		.byte	80
 699 029e 16       		.byte	22
 700 029f 20       		.byte	32
 701 02a0 17       		.byte	23
 702 02a1 02       		.byte	2
 703 02a2 1D       		.byte	29
 704 02a3 0B       		.byte	11
 705 02a4 1E       		.byte	30
 706 02a5 66       		.byte	102
 707 02a6 1F       		.byte	31
 708 02a7 04       		.byte	4
 709 02a8 20       		.byte	32
 710 02a9 50       		.byte	80
 711 02aa 21       		.byte	33
 712 02ab 20       		.byte	32
 713 02ac 23       		.byte	35
 714 02ad 02       		.byte	2
 715 02ae 25       		.byte	37
 716 02af 50       		.byte	80
 717 02b0 27       		.byte	39
 718 02b1 21       		.byte	33
 719 02b2 2C       		.byte	44
 720 02b3 90       		.byte	-112
 721 02b4 2E       		.byte	46
 722 02b5 40       		.byte	64
 723 02b6 2F       		.byte	47
 724 02b7 04       		.byte	4
 725 02b8 30       		.byte	48
 726 02b9 08       		.byte	8
 727 02ba 33       		.byte	51
 728 02bb 10       		.byte	16
 729 02bc 36       		.byte	54
 730 02bd 04       		.byte	4
 731 02be 37       		.byte	55
 732 02bf 22       		.byte	34
 733 02c0 38       		.byte	56
 734 02c1 52       		.byte	82
 735 02c2 3D       		.byte	61
 736 02c3 80       		.byte	-128
 737 02c4 3E       		.byte	62
 738 02c5 2A       		.byte	42
 739 02c6 44       		.byte	68
 740 02c7 01       		.byte	1
 741 02c8 45       		.byte	69
ARM GAS  C:\Users\UpBc\AppData\Local\Temp\ccKWvxM9.s 			page 14


 742 02c9 2A       		.byte	42
 743 02ca 46       		.byte	70
 744 02cb 02       		.byte	2
 745 02cc 47       		.byte	71
 746 02cd 04       		.byte	4
 747 02ce 4E       		.byte	78
 748 02cf 01       		.byte	1
 749 02d0 4F       		.byte	79
 750 02d1 02       		.byte	2
 751 02d2 57       		.byte	87
 752 02d3 20       		.byte	32
 753 02d4 5E       		.byte	94
 754 02d5 04       		.byte	4
 755 02d6 6C       		.byte	108
 756 02d7 08       		.byte	8
 757 02d8 6D       		.byte	109
 758 02d9 50       		.byte	80
 759 02da 6F       		.byte	111
 760 02db 10       		.byte	16
 761 02dc 74       		.byte	116
 762 02dd 80       		.byte	-128
 763 02de 76       		.byte	118
 764 02df 28       		.byte	40
 765 02e0 77       		.byte	119
 766 02e1 08       		.byte	8
 767 02e2 8C       		.byte	-116
 768 02e3 01       		.byte	1
 769 02e4 8F       		.byte	-113
 770 02e5 04       		.byte	4
 771 02e6 92       		.byte	-110
 772 02e7 02       		.byte	2
 773 02e8 93       		.byte	-109
 774 02e9 40       		.byte	64
 775 02ea 9F       		.byte	-97
 776 02eb 05       		.byte	5
 777 02ec A2       		.byte	-94
 778 02ed 04       		.byte	4
 779 02ee A5       		.byte	-91
 780 02ef 12       		.byte	18
 781 02f0 A6       		.byte	-90
 782 02f1 01       		.byte	1
 783 02f2 A7       		.byte	-89
 784 02f3 25       		.byte	37
 785 02f4 B7       		.byte	-73
 786 02f5 01       		.byte	1
 787 02f6 C0       		.byte	-64
 788 02f7 F0       		.byte	-16
 789 02f8 C2       		.byte	-62
 790 02f9 F0       		.byte	-16
 791 02fa C4       		.byte	-60
 792 02fb F0       		.byte	-16
 793 02fc CA       		.byte	-54
 794 02fd F0       		.byte	-16
 795 02fe CC       		.byte	-52
 796 02ff E6       		.byte	-26
 797 0300 CE       		.byte	-50
 798 0301 FD       		.byte	-3
ARM GAS  C:\Users\UpBc\AppData\Local\Temp\ccKWvxM9.s 			page 15


 799 0302 D0       		.byte	-48
 800 0303 F0       		.byte	-16
 801 0304 D2       		.byte	-46
 802 0305 10       		.byte	16
 803 0306 D6       		.byte	-42
 804 0307 40       		.byte	64
 805 0308 EE       		.byte	-18
 806 0309 08       		.byte	8
 807 030a 33       		.byte	51
 808 030b 20       		.byte	32
 809 030c CC       		.byte	-52
 810 030d 10       		.byte	16
 811 030e A7       		.byte	-89
 812 030f 20       		.byte	32
 813 0310 A7       		.byte	-89
 814 0311 20       		.byte	32
 815 0312 A7       		.byte	-89
 816 0313 20       		.byte	32
 817 0314 A7       		.byte	-89
 818 0315 20       		.byte	32
 819 0316 AF       		.byte	-81
 820 0317 20       		.byte	32
 821 0318 EE       		.byte	-18
 822 0319 10       		.byte	16
 823 031a 1F       		.byte	31
 824 031b 80       		.byte	-128
 825 031c C6       		.byte	-58
 826 031d 01       		.byte	1
 827 031e 12       		.byte	18
 828 031f 80       		.byte	-128
 829 0320 72       		.byte	114
 830 0321 10       		.byte	16
 831 0322 8E       		.byte	-114
 832 0323 80       		.byte	-128
 833 0324 92       		.byte	-110
 834 0325 10       		.byte	16
 835 0326 AF       		.byte	-81
 836 0327 80       		.byte	-128
 837 0328 B6       		.byte	-74
 838 0329 10       		.byte	16
 839 032a C4       		.byte	-60
 840 032b 08       		.byte	8
 841 032c DC       		.byte	-36
 842 032d 01       		.byte	1
 843 032e E2       		.byte	-30
 844 032f 02       		.byte	2
 845 0330 EC       		.byte	-20
 846 0331 08       		.byte	8
 847 0332 00       		.byte	0
 848 0333 01       		.byte	1
 849 0334 0C       		.byte	12
 850 0335 01       		.byte	1
 851 0336 10       		.byte	16
 852 0337 01       		.byte	1
 853 0338 1C       		.byte	28
 854 0339 01       		.byte	1
 855 033a 00       		.byte	0
ARM GAS  C:\Users\UpBc\AppData\Local\Temp\ccKWvxM9.s 			page 16


 856 033b 03       		.byte	3
 857 033c 00       		.byte	0
 858 033d FF       		.byte	-1
 859 033e 11       		.byte	17
 860 033f 00       		.byte	0
 861 0340 08       		.byte	8
 862 0341 40       		.byte	64
 863 0342 00       		.byte	0
 864 0343 00       		.byte	0
 865 0344 02       		.byte	2
 866 0345 C0       		.byte	-64
 867 0346 00       		.byte	0
 868 0347 00       		.byte	0
 869 0348 27       		.byte	39
 870 0349 C7       		.byte	-57
 871 034a 10       		.byte	16
 872 034b 38       		.byte	56
 873 034c 37       		.byte	55
 874 034d 0D       		.byte	13
 875 034e 00       		.byte	0
 876 034f 12       		.byte	18
 877 0350 31       		.byte	49
 878 0351 DA       		.byte	-38
 879 0352 06       		.byte	6
 880 0353 25       		.byte	37
 881 0354 26       		.byte	38
 882 0355 10       		.byte	16
 883 0356 11       		.byte	17
 884 0357 09       		.byte	9
 885 0358 04       		.byte	4
 886 0359 00       		.byte	0
 887 035a 00       		.byte	0
 888 035b 00       		.byte	0
 889 035c 11       		.byte	17
 890 035d 80       		.byte	-128
 891 035e 00       		.byte	0
 892 035f 00       		.byte	0
 893 0360 06       		.byte	6
 894 0361 18       		.byte	24
 895 0362 00       		.byte	0
 896 0363 04       		.byte	4
 897 0364 08       		.byte	8
 898 0365 3D       		.byte	61
 899 0366 00       		.byte	0
 900 0367 C2       		.byte	-62
 901 0368 08       		.byte	8
 902 0369 00       		.byte	0
 903 036a 00       		.byte	0
 904 036b 3F       		.byte	63
 905 036c 08       		.byte	8
 906 036d 00       		.byte	0
 907 036e 07       		.byte	7
 908 036f 03       		.byte	3
 909 0370 20       		.byte	32
 910 0371 1C       		.byte	28
 911 0372 10       		.byte	16
 912 0373 E0       		.byte	-32
ARM GAS  C:\Users\UpBc\AppData\Local\Temp\ccKWvxM9.s 			page 17


 913 0374 00       		.byte	0
 914 0375 00       		.byte	0
 915 0376 08       		.byte	8
 916 0377 A8       		.byte	-88
 917 0378 00       		.byte	0
 918 0379 00       		.byte	0
 919 037a 10       		.byte	16
 920 037b 00       		.byte	0
 921 037c 34       		.byte	52
 922 037d 01       		.byte	1
 923 037e 05       		.byte	5
 924 037f 00       		.byte	0
 925 0380 02       		.byte	2
 926 0381 E0       		.byte	-32
 927 0382 C0       		.byte	-64
 928 0383 00       		.byte	0
 929 0384 0A       		.byte	10
 930 0385 FF       		.byte	-1
 931 0386 FF       		.byte	-1
 932 0387 FF       		.byte	-1
 933 0388 62       		.byte	98
 934 0389 A0       		.byte	-96
 935 038a F0       		.byte	-16
 936 038b 41       		.byte	65
 937 038c 0C       		.byte	12
 938 038d 00       		.byte	0
 939 038e 00       		.byte	0
 940 038f 00       		.byte	0
 941 0390 00       		.byte	0
 942 0391 00       		.byte	0
 943 0392 02       		.byte	2
 944 0393 12       		.byte	18
 945 0394 04       		.byte	4
 946 0395 04       		.byte	4
 947 0396 04       		.byte	4
 948 0397 04       		.byte	4
 949 0398 00       		.byte	0
 950 0399 00       		.byte	0
 951 039a 00       		.byte	0
 952 039b 01       		.byte	1
 953 039c 00       		.byte	0
 954 039d 00       		.byte	0
 955 039e 00       		.byte	0
 956 039f 00       		.byte	0
 957 03a0 00       		.byte	0
 958 03a1 00       		.byte	0
 959 03a2 40       		.byte	64
 960 03a3 02       		.byte	2
 961 03a4 00       		.byte	0
 962 03a5 10       		.byte	16
 963 03a6 30       		.byte	48
 964 03a7 10       		.byte	16
 965 03a8 00       		.byte	0
 966 03a9 10       		.byte	16
 967 03aa 10       		.byte	16
 968 03ab 12       		.byte	18
 969 03ac 00       		.byte	0
ARM GAS  C:\Users\UpBc\AppData\Local\Temp\ccKWvxM9.s 			page 18


 970 03ad 00       		.byte	0
 971 03ae 00       		.byte	0
 972 03af 00       		.byte	0
 973 03b0 00       		.byte	0
 974 03b1 00       		.byte	0
 975 03b2 00       		.byte	0
 976 03b3 00       		.byte	0
 977 03b4 00       		.byte	0
 978 03b5 00       		.byte	0
 979 03b6 00       		.byte	0
 980 03b7 00       		.byte	0
 981 03b8 00       		.byte	0
 982 03b9 00       		.byte	0
 983 03ba 00       		.byte	0
 984 03bb 00       		.byte	0
 985 03bc 80       		.byte	-128
 986 03bd 00       		.byte	0
 987 03be 40       		.byte	64
 988 03bf 80       		.byte	-128
 989 03c0 80       		.byte	-128
 990 03c1 00       		.byte	0
 991 03c2 80       		.byte	-128
 992 03c3 00       		.byte	0
 993 03c4 00       		.byte	0
 994 03c5 00       		.byte	0
 995 03c6 00       		.byte	0
 996 03c7 00       		.byte	0
 997 03c8 00       		.byte	0
 998 03c9 0B       		.byte	11
 999 03ca 0B       		.byte	11
 1000 03cb 00       		.byte	0
 1001 03cc 00       		.byte	0
 1002 03cd 00       		.byte	0
 1003 03ce 80       		.byte	-128
 1004 03cf 00       		.byte	0
 1005 03d0 00       		.byte	0
 1006 03d1 02       		.byte	2
 1007 03d2 02       		.byte	2
 1008 03d3 00       		.byte	0
 1009 03d4 00       		.byte	0
 1010 03d5 00       		.byte	0
 1011 03d6 00       		.byte	0
 1012 03d7 00       		.byte	0
 1013 03d8 0F       		.byte	15
 1014 03d9 00       		.byte	0
 1015 03da 00       		.byte	0
 1016 03db FF       		.byte	-1
 1017 03dc F0       		.byte	-16
 1018 03dd 00       		.byte	0
 1019 03de 00       		.byte	0
 1020 03df 00       		.byte	0
 1021 03e0 00       		.byte	0
 1022 03e1 00       		.byte	0
 1023 03e2 00       		.byte	0
 1024 03e3 00       		.byte	0
 1025 03e4 0E       		.byte	14
 1026 03e5 00       		.byte	0
ARM GAS  C:\Users\UpBc\AppData\Local\Temp\ccKWvxM9.s 			page 19


 1027 03e6 18       		.byte	24
 1028 03e7 01       		.byte	1
 1029              		.section	.cywolatch,"a",%progbits
 1030              		.align	2
 1031              		.type	cy_meta_wonvl, %object
 1032              		.size	cy_meta_wonvl, 4
 1033              	cy_meta_wonvl:
 1034 0000 BC       		.byte	-68
 1035 0001 90       		.byte	-112
 1036 0002 AC       		.byte	-84
 1037 0003 AF       		.byte	-81
 1038              		.section	.cycustnvl,"a",%progbits
 1039              		.align	2
 1040              		.type	cy_meta_custnvl, %object
 1041              		.size	cy_meta_custnvl, 4
 1042              	cy_meta_custnvl:
 1043 0000 00       		.byte	0
 1044 0001 00       		.byte	0
 1045 0002 40       		.byte	64
 1046 0003 05       		.byte	5
 1047              		.section	.cymeta,"a",%progbits
 1048              		.align	2
 1049              		.type	cy_metadata, %object
 1050              		.size	cy_metadata, 12
 1051              	cy_metadata:
 1052 0000 00       		.byte	0
 1053 0001 01       		.byte	1
 1054 0002 2E       		.byte	46
 1055 0003 16       		.byte	22
 1056 0004 10       		.byte	16
 1057 0005 69       		.byte	105
 1058 0006 00       		.byte	0
 1059 0007 01       		.byte	1
 1060 0008 00       		.byte	0
 1061 0009 00       		.byte	0
 1062 000a 00       		.byte	0
 1063 000b 00       		.byte	0
 1064              		.section	.cyflashprotect,"a",%progbits
 1065              		.align	2
 1066              		.type	cy_meta_flashprotect, %object
 1067              		.size	cy_meta_flashprotect, 256
 1068              	cy_meta_flashprotect:
 1069 0000 00000000 		.space	256
 1069      00000000 
 1069      00000000 
 1069      00000000 
 1069      00000000 
 1070              		.text
 1071              	.Letext0:
 1072              		.file 1 "d:\\cypress\\psoc creator\\4.4\\psoc creator\\import\\gnu\\arm\\5.4.1\\arm-none-eabi\\inc
 1073              		.file 2 "d:\\cypress\\psoc creator\\4.4\\psoc creator\\import\\gnu\\arm\\5.4.1\\arm-none-eabi\\inc
 1074              		.file 3 "Generated_Source\\PSoC5\\cymetadata.c"
 1075              		.section	.debug_info,"",%progbits
 1076              	.Ldebug_info0:
 1077 0000 31010000 		.4byte	0x131
 1078 0004 0400     		.2byte	0x4
 1079 0006 00000000 		.4byte	.Ldebug_abbrev0
ARM GAS  C:\Users\UpBc\AppData\Local\Temp\ccKWvxM9.s 			page 20


 1080 000a 04       		.byte	0x4
 1081 000b 01       		.uleb128 0x1
 1082 000c 24000000 		.4byte	.LASF17
 1083 0010 0C       		.byte	0xc
 1084 0011 BE010000 		.4byte	.LASF18
 1085 0015 D7000000 		.4byte	.LASF19
 1086 0019 00000000 		.4byte	.Ldebug_line0
 1087 001d 02       		.uleb128 0x2
 1088 001e 01       		.byte	0x1
 1089 001f 06       		.byte	0x6
 1090 0020 B2010000 		.4byte	.LASF0
 1091 0024 03       		.uleb128 0x3
 1092 0025 00000000 		.4byte	.LASF9
 1093 0029 01       		.byte	0x1
 1094 002a 1D       		.byte	0x1d
 1095 002b 2F000000 		.4byte	0x2f
 1096 002f 02       		.uleb128 0x2
 1097 0030 01       		.byte	0x1
 1098 0031 08       		.byte	0x8
 1099 0032 16000000 		.4byte	.LASF1
 1100 0036 02       		.uleb128 0x2
 1101 0037 02       		.byte	0x2
 1102 0038 05       		.byte	0x5
 1103 0039 9F010000 		.4byte	.LASF2
 1104 003d 02       		.uleb128 0x2
 1105 003e 02       		.byte	0x2
 1106 003f 07       		.byte	0x7
 1107 0040 C4000000 		.4byte	.LASF3
 1108 0044 02       		.uleb128 0x2
 1109 0045 04       		.byte	0x4
 1110 0046 05       		.byte	0x5
 1111 0047 A9010000 		.4byte	.LASF4
 1112 004b 02       		.uleb128 0x2
 1113 004c 04       		.byte	0x4
 1114 004d 07       		.byte	0x7
 1115 004e B2000000 		.4byte	.LASF5
 1116 0052 02       		.uleb128 0x2
 1117 0053 08       		.byte	0x8
 1118 0054 05       		.byte	0x5
 1119 0055 91010000 		.4byte	.LASF6
 1120 0059 02       		.uleb128 0x2
 1121 005a 08       		.byte	0x8
 1122 005b 07       		.byte	0x7
 1123 005c 46010000 		.4byte	.LASF7
 1124 0060 04       		.uleb128 0x4
 1125 0061 04       		.byte	0x4
 1126 0062 05       		.byte	0x5
 1127 0063 696E7400 		.ascii	"int\000"
 1128 0067 02       		.uleb128 0x2
 1129 0068 04       		.byte	0x4
 1130 0069 07       		.byte	0x7
 1131 006a 39010000 		.4byte	.LASF8
 1132 006e 03       		.uleb128 0x3
 1133 006f 5D010000 		.4byte	.LASF10
 1134 0073 02       		.byte	0x2
 1135 0074 18       		.byte	0x18
 1136 0075 24000000 		.4byte	0x24
ARM GAS  C:\Users\UpBc\AppData\Local\Temp\ccKWvxM9.s 			page 21


 1137 0079 05       		.uleb128 0x5
 1138 007a 91000000 		.4byte	0x91
 1139 007e 8A000000 		.4byte	0x8a
 1140 0082 06       		.uleb128 0x6
 1141 0083 8A000000 		.4byte	0x8a
 1142 0087 E703     		.2byte	0x3e7
 1143 0089 00       		.byte	0
 1144 008a 02       		.uleb128 0x2
 1145 008b 04       		.byte	0x4
 1146 008c 07       		.byte	0x7
 1147 008d 88010000 		.4byte	.LASF11
 1148 0091 07       		.uleb128 0x7
 1149 0092 6E000000 		.4byte	0x6e
 1150 0096 08       		.uleb128 0x8
 1151 0097 27010000 		.4byte	.LASF12
 1152 009b 03       		.byte	0x3
 1153 009c 1F       		.byte	0x1f
 1154 009d A7000000 		.4byte	0xa7
 1155 00a1 05       		.uleb128 0x5
 1156 00a2 03       		.byte	0x3
 1157 00a3 00000000 		.4byte	cy_meta_configecc
 1158 00a7 07       		.uleb128 0x7
 1159 00a8 79000000 		.4byte	0x79
 1160 00ac 05       		.uleb128 0x5
 1161 00ad 91000000 		.4byte	0x91
 1162 00b1 BC000000 		.4byte	0xbc
 1163 00b5 09       		.uleb128 0x9
 1164 00b6 8A000000 		.4byte	0x8a
 1165 00ba 03       		.byte	0x3
 1166 00bb 00       		.byte	0
 1167 00bc 08       		.uleb128 0x8
 1168 00bd 17010000 		.4byte	.LASF13
 1169 00c1 03       		.byte	0x3
 1170 00c2 A9       		.byte	0xa9
 1171 00c3 CD000000 		.4byte	0xcd
 1172 00c7 05       		.uleb128 0x5
 1173 00c8 03       		.byte	0x3
 1174 00c9 00000000 		.4byte	cy_meta_custnvl
 1175 00cd 07       		.uleb128 0x7
 1176 00ce AC000000 		.4byte	0xac
 1177 00d2 08       		.uleb128 0x8
 1178 00d3 7A010000 		.4byte	.LASF14
 1179 00d7 03       		.byte	0x3
 1180 00d8 B7       		.byte	0xb7
 1181 00d9 E3000000 		.4byte	0xe3
 1182 00dd 05       		.uleb128 0x5
 1183 00de 03       		.byte	0x3
 1184 00df 00000000 		.4byte	cy_meta_wonvl
 1185 00e3 07       		.uleb128 0x7
 1186 00e4 AC000000 		.4byte	0xac
 1187 00e8 05       		.uleb128 0x5
 1188 00e9 91000000 		.4byte	0x91
 1189 00ed F8000000 		.4byte	0xf8
 1190 00f1 09       		.uleb128 0x9
 1191 00f2 8A000000 		.4byte	0x8a
 1192 00f6 FF       		.byte	0xff
 1193 00f7 00       		.byte	0
ARM GAS  C:\Users\UpBc\AppData\Local\Temp\ccKWvxM9.s 			page 22


 1194 00f8 08       		.uleb128 0x8
 1195 00f9 65010000 		.4byte	.LASF15
 1196 00fd 03       		.byte	0x3
 1197 00fe C5       		.byte	0xc5
 1198 00ff 09010000 		.4byte	0x109
 1199 0103 05       		.uleb128 0x5
 1200 0104 03       		.byte	0x3
 1201 0105 00000000 		.4byte	cy_meta_flashprotect
 1202 0109 07       		.uleb128 0x7
 1203 010a E8000000 		.4byte	0xe8
 1204 010e 05       		.uleb128 0x5
 1205 010f 91000000 		.4byte	0x91
 1206 0113 1E010000 		.4byte	0x11e
 1207 0117 09       		.uleb128 0x9
 1208 0118 8A000000 		.4byte	0x8a
 1209 011c 0B       		.byte	0xb
 1210 011d 00       		.byte	0
 1211 011e 08       		.uleb128 0x8
 1212 011f 0A000000 		.4byte	.LASF16
 1213 0123 03       		.byte	0x3
 1214 0124 F2       		.byte	0xf2
 1215 0125 2F010000 		.4byte	0x12f
 1216 0129 05       		.uleb128 0x5
 1217 012a 03       		.byte	0x3
 1218 012b 00000000 		.4byte	cy_metadata
 1219 012f 07       		.uleb128 0x7
 1220 0130 0E010000 		.4byte	0x10e
 1221 0134 00       		.byte	0
 1222              		.section	.debug_abbrev,"",%progbits
 1223              	.Ldebug_abbrev0:
 1224 0000 01       		.uleb128 0x1
 1225 0001 11       		.uleb128 0x11
 1226 0002 01       		.byte	0x1
 1227 0003 25       		.uleb128 0x25
 1228 0004 0E       		.uleb128 0xe
 1229 0005 13       		.uleb128 0x13
 1230 0006 0B       		.uleb128 0xb
 1231 0007 03       		.uleb128 0x3
 1232 0008 0E       		.uleb128 0xe
 1233 0009 1B       		.uleb128 0x1b
 1234 000a 0E       		.uleb128 0xe
 1235 000b 10       		.uleb128 0x10
 1236 000c 17       		.uleb128 0x17
 1237 000d 00       		.byte	0
 1238 000e 00       		.byte	0
 1239 000f 02       		.uleb128 0x2
 1240 0010 24       		.uleb128 0x24
 1241 0011 00       		.byte	0
 1242 0012 0B       		.uleb128 0xb
 1243 0013 0B       		.uleb128 0xb
 1244 0014 3E       		.uleb128 0x3e
 1245 0015 0B       		.uleb128 0xb
 1246 0016 03       		.uleb128 0x3
 1247 0017 0E       		.uleb128 0xe
 1248 0018 00       		.byte	0
 1249 0019 00       		.byte	0
 1250 001a 03       		.uleb128 0x3
ARM GAS  C:\Users\UpBc\AppData\Local\Temp\ccKWvxM9.s 			page 23


 1251 001b 16       		.uleb128 0x16
 1252 001c 00       		.byte	0
 1253 001d 03       		.uleb128 0x3
 1254 001e 0E       		.uleb128 0xe
 1255 001f 3A       		.uleb128 0x3a
 1256 0020 0B       		.uleb128 0xb
 1257 0021 3B       		.uleb128 0x3b
 1258 0022 0B       		.uleb128 0xb
 1259 0023 49       		.uleb128 0x49
 1260 0024 13       		.uleb128 0x13
 1261 0025 00       		.byte	0
 1262 0026 00       		.byte	0
 1263 0027 04       		.uleb128 0x4
 1264 0028 24       		.uleb128 0x24
 1265 0029 00       		.byte	0
 1266 002a 0B       		.uleb128 0xb
 1267 002b 0B       		.uleb128 0xb
 1268 002c 3E       		.uleb128 0x3e
 1269 002d 0B       		.uleb128 0xb
 1270 002e 03       		.uleb128 0x3
 1271 002f 08       		.uleb128 0x8
 1272 0030 00       		.byte	0
 1273 0031 00       		.byte	0
 1274 0032 05       		.uleb128 0x5
 1275 0033 01       		.uleb128 0x1
 1276 0034 01       		.byte	0x1
 1277 0035 49       		.uleb128 0x49
 1278 0036 13       		.uleb128 0x13
 1279 0037 01       		.uleb128 0x1
 1280 0038 13       		.uleb128 0x13
 1281 0039 00       		.byte	0
 1282 003a 00       		.byte	0
 1283 003b 06       		.uleb128 0x6
 1284 003c 21       		.uleb128 0x21
 1285 003d 00       		.byte	0
 1286 003e 49       		.uleb128 0x49
 1287 003f 13       		.uleb128 0x13
 1288 0040 2F       		.uleb128 0x2f
 1289 0041 05       		.uleb128 0x5
 1290 0042 00       		.byte	0
 1291 0043 00       		.byte	0
 1292 0044 07       		.uleb128 0x7
 1293 0045 26       		.uleb128 0x26
 1294 0046 00       		.byte	0
 1295 0047 49       		.uleb128 0x49
 1296 0048 13       		.uleb128 0x13
 1297 0049 00       		.byte	0
 1298 004a 00       		.byte	0
 1299 004b 08       		.uleb128 0x8
 1300 004c 34       		.uleb128 0x34
 1301 004d 00       		.byte	0
 1302 004e 03       		.uleb128 0x3
 1303 004f 0E       		.uleb128 0xe
 1304 0050 3A       		.uleb128 0x3a
 1305 0051 0B       		.uleb128 0xb
 1306 0052 3B       		.uleb128 0x3b
 1307 0053 0B       		.uleb128 0xb
ARM GAS  C:\Users\UpBc\AppData\Local\Temp\ccKWvxM9.s 			page 24


 1308 0054 49       		.uleb128 0x49
 1309 0055 13       		.uleb128 0x13
 1310 0056 3F       		.uleb128 0x3f
 1311 0057 19       		.uleb128 0x19
 1312 0058 02       		.uleb128 0x2
 1313 0059 18       		.uleb128 0x18
 1314 005a 00       		.byte	0
 1315 005b 00       		.byte	0
 1316 005c 09       		.uleb128 0x9
 1317 005d 21       		.uleb128 0x21
 1318 005e 00       		.byte	0
 1319 005f 49       		.uleb128 0x49
 1320 0060 13       		.uleb128 0x13
 1321 0061 2F       		.uleb128 0x2f
 1322 0062 0B       		.uleb128 0xb
 1323 0063 00       		.byte	0
 1324 0064 00       		.byte	0
 1325 0065 00       		.byte	0
 1326              		.section	.debug_aranges,"",%progbits
 1327 0000 14000000 		.4byte	0x14
 1328 0004 0200     		.2byte	0x2
 1329 0006 00000000 		.4byte	.Ldebug_info0
 1330 000a 04       		.byte	0x4
 1331 000b 00       		.byte	0
 1332 000c 0000     		.2byte	0
 1333 000e 0000     		.2byte	0
 1334 0010 00000000 		.4byte	0
 1335 0014 00000000 		.4byte	0
 1336              		.section	.debug_line,"",%progbits
 1337              	.Ldebug_line0:
 1338 0000 15010000 		.section	.debug_str,"MS",%progbits,1
 1338      02000F01 
 1338      00000201 
 1338      FB0E0D00 
 1338      01010101 
 1339              	.LASF9:
 1340 0000 5F5F7569 		.ascii	"__uint8_t\000"
 1340      6E74385F 
 1340      7400
 1341              	.LASF16:
 1342 000a 63795F6D 		.ascii	"cy_metadata\000"
 1342      65746164 
 1342      61746100 
 1343              	.LASF1:
 1344 0016 756E7369 		.ascii	"unsigned char\000"
 1344      676E6564 
 1344      20636861 
 1344      7200
 1345              	.LASF17:
 1346 0024 474E5520 		.ascii	"GNU C11 5.4.1 20160609 (release) [ARM/embedded-5-br"
 1346      43313120 
 1346      352E342E 
 1346      31203230 
 1346      31363036 
 1347 0057 616E6368 		.ascii	"anch revision 237715] -mcpu=cortex-m3 -mthumb -g -O"
 1347      20726576 
 1347      6973696F 
ARM GAS  C:\Users\UpBc\AppData\Local\Temp\ccKWvxM9.s 			page 25


 1347      6E203233 
 1347      37373135 
 1348 008a 67202D66 		.ascii	"g -ffunction-sections -ffat-lto-objects\000"
 1348      66756E63 
 1348      74696F6E 
 1348      2D736563 
 1348      74696F6E 
 1349              	.LASF5:
 1350 00b2 6C6F6E67 		.ascii	"long unsigned int\000"
 1350      20756E73 
 1350      69676E65 
 1350      6420696E 
 1350      7400
 1351              	.LASF3:
 1352 00c4 73686F72 		.ascii	"short unsigned int\000"
 1352      7420756E 
 1352      7369676E 
 1352      65642069 
 1352      6E7400
 1353              	.LASF19:
 1354 00d7 433A5C55 		.ascii	"C:\\Users\\UpBc\\Documents\\PSoC Creator\\DAQ Examp"
 1354      73657273 
 1354      5C557042 
 1354      635C446F 
 1354      63756D65 
 1355 0105 6C655C44 		.ascii	"le\\Design01.cydsn\000"
 1355      65736967 
 1355      6E30312E 
 1355      63796473 
 1355      6E00
 1356              	.LASF13:
 1357 0117 63795F6D 		.ascii	"cy_meta_custnvl\000"
 1357      6574615F 
 1357      63757374 
 1357      6E766C00 
 1358              	.LASF12:
 1359 0127 63795F6D 		.ascii	"cy_meta_configecc\000"
 1359      6574615F 
 1359      636F6E66 
 1359      69676563 
 1359      6300
 1360              	.LASF8:
 1361 0139 756E7369 		.ascii	"unsigned int\000"
 1361      676E6564 
 1361      20696E74 
 1361      00
 1362              	.LASF7:
 1363 0146 6C6F6E67 		.ascii	"long long unsigned int\000"
 1363      206C6F6E 
 1363      6720756E 
 1363      7369676E 
 1363      65642069 
 1364              	.LASF10:
 1365 015d 75696E74 		.ascii	"uint8_t\000"
 1365      385F7400 
 1366              	.LASF15:
 1367 0165 63795F6D 		.ascii	"cy_meta_flashprotect\000"
ARM GAS  C:\Users\UpBc\AppData\Local\Temp\ccKWvxM9.s 			page 26


 1367      6574615F 
 1367      666C6173 
 1367      6870726F 
 1367      74656374 
 1368              	.LASF14:
 1369 017a 63795F6D 		.ascii	"cy_meta_wonvl\000"
 1369      6574615F 
 1369      776F6E76 
 1369      6C00
 1370              	.LASF11:
 1371 0188 73697A65 		.ascii	"sizetype\000"
 1371      74797065 
 1371      00
 1372              	.LASF6:
 1373 0191 6C6F6E67 		.ascii	"long long int\000"
 1373      206C6F6E 
 1373      6720696E 
 1373      7400
 1374              	.LASF2:
 1375 019f 73686F72 		.ascii	"short int\000"
 1375      7420696E 
 1375      7400
 1376              	.LASF4:
 1377 01a9 6C6F6E67 		.ascii	"long int\000"
 1377      20696E74 
 1377      00
 1378              	.LASF0:
 1379 01b2 7369676E 		.ascii	"signed char\000"
 1379      65642063 
 1379      68617200 
 1380              	.LASF18:
 1381 01be 47656E65 		.ascii	"Generated_Source\\PSoC5\\cymetadata.c\000"
 1381      72617465 
 1381      645F536F 
 1381      75726365 
 1381      5C50536F 
 1382              		.ident	"GCC: (GNU Tools for ARM Embedded Processors) 5.4.1 20160609 (release) [ARM/embedded-5-bran
