ARM GAS  C:\Users\UpBc\AppData\Local\Temp\cciUYCR8.s 			page 1


   1              		.syntax unified
   2              		.cpu cortex-m3
   3              		.fpu softvfp
   4              		.eabi_attribute 20, 1
   5              		.eabi_attribute 21, 1
   6              		.eabi_attribute 23, 3
   7              		.eabi_attribute 24, 1
   8              		.eabi_attribute 25, 1
   9              		.eabi_attribute 26, 1
  10              		.eabi_attribute 30, 1
  11              		.eabi_attribute 34, 1
  12              		.eabi_attribute 18, 4
  13              		.thumb
  14              		.syntax unified
  15              		.file	"main.c"
  16              		.text
  17              	.Ltext0:
  18              		.cfi_sections	.debug_frame
  19              		.section	.text.main,"ax",%progbits
  20              		.align	2
  21              		.global	main
  22              		.thumb
  23              		.thumb_func
  24              		.type	main, %function
  25              	main:
  26              	.LFB63:
  27              		.file 1 "main.c"
   1:main.c        **** /* ========================================
   2:main.c        ****  *
   3:main.c        ****  * Copyright YOUR COMPANY, THE YEAR
   4:main.c        ****  * All Rights Reserved
   5:main.c        ****  * UNPUBLISHED, LICENSED SOFTWARE.
   6:main.c        ****  *
   7:main.c        ****  * CONFIDENTIAL AND PROPRIETARY INFORMATION
   8:main.c        ****  * WHICH IS THE PROPERTY OF your company.
   9:main.c        ****  *
  10:main.c        ****  * ========================================
  11:main.c        **** */
  12:main.c        **** #include "project.h"
  13:main.c        **** 
  14:main.c        **** int main(void)
  15:main.c        **** {
  28              		.loc 1 15 0
  29              		.cfi_startproc
  30              		@ args = 0, pretend = 0, frame = 0
  31              		@ frame_needed = 0, uses_anonymous_args = 0
  32 0000 10B5     		push	{r4, lr}
  33              		.cfi_def_cfa_offset 8
  34              		.cfi_offset 4, -8
  35              		.cfi_offset 14, -4
  16:main.c        ****     CyGlobalIntEnable; /* Enable global interrupts. */
  36              		.loc 1 16 0
  37              		.syntax unified
  38              	@ 16 "main.c" 1
  39 0002 62B6     		CPSIE   i
  40              	@ 0 "" 2
  17:main.c        **** 
ARM GAS  C:\Users\UpBc\AppData\Local\Temp\cciUYCR8.s 			page 2


  18:main.c        ****     UART_Start();
  41              		.loc 1 18 0
  42              		.thumb
  43              		.syntax unified
  44 0004 FFF7FEFF 		bl	UART_Start
  45              	.LVL0:
  19:main.c        ****     int inputs = 0;
  20:main.c        ****     int data = 0;
  46              		.loc 1 20 0
  47 0008 0024     		movs	r4, #0
  48              	.LVL1:
  49              	.L2:
  21:main.c        ****     //int buffer[4];
  22:main.c        **** 
  23:main.c        ****     while (1)
  24:main.c        ****     {    reread: UART_ClearRxBuffer();
  50              		.loc 1 24 0
  51 000a FFF7FEFF 		bl	UART_ClearRxBuffer
  52              	.LVL2:
  25:main.c        ****     //UART_ClearTxBuffer();
  26:main.c        ****     
  27:main.c        ****         if(UART_ReadRxStatus() == 0)
  53              		.loc 1 27 0
  54 000e FFF7FEFF 		bl	UART_ReadRxStatus
  55              	.LVL3:
  56 0012 10B9     		cbnz	r0, .L4
  28:main.c        ****     {
  29:main.c        ****         data = UART_ReadRxData();
  57              		.loc 1 29 0
  58 0014 FFF7FEFF 		bl	UART_ReadRxData
  59              	.LVL4:
  60 0018 0446     		mov	r4, r0
  61              	.LVL5:
  62              	.L4:
  30:main.c        ****     }
  31:main.c        ****     
  32:main.c        ****        if(data == 'r')
  63              		.loc 1 32 0
  64 001a 722C     		cmp	r4, #114
  65 001c 08D1     		bne	.L5
  33:main.c        ****        {
  34:main.c        ****            ack_Write(0);
  66              		.loc 1 34 0
  67 001e 0020     		movs	r0, #0
  68 0020 FFF7FEFF 		bl	ack_Write
  69              	.LVL6:
  70              	.LDL1:
  35:main.c        ****            goto read;
  36:main.c        ****        }
  37:main.c        ****       
  38:main.c        ****        if(data == '0')
  39:main.c        ****        {
  40:main.c        ****           ack_Write(1);
  41:main.c        ****           DOutput_Write(0x0);
  42:main.c        ****           goto reread;
  43:main.c        ****        }
  44:main.c        ****        if(data == '1')
ARM GAS  C:\Users\UpBc\AppData\Local\Temp\cciUYCR8.s 			page 3


  45:main.c        ****        {
  46:main.c        ****           ack_Write(1);
  47:main.c        ****           DOutput_Write(0x1);
  48:main.c        ****           goto reread;
  49:main.c        ****        }
  50:main.c        ****        if(data == '2')
  51:main.c        ****        {
  52:main.c        ****           ack_Write(1);
  53:main.c        ****           DOutput_Write(0x2);
  54:main.c        ****           goto reread;
  55:main.c        ****        }
  56:main.c        ****        if(data == '3')
  57:main.c        ****        {
  58:main.c        ****           ack_Write(1);
  59:main.c        ****           DOutput_Write(0x3);
  60:main.c        ****           goto reread;
  61:main.c        ****        }
  62:main.c        ****        if(data == '4')
  63:main.c        ****        {
  64:main.c        ****           ack_Write(1);
  65:main.c        ****           DOutput_Write(0x4);
  66:main.c        ****           goto reread;
  67:main.c        ****        }
  68:main.c        ****        if(data == '5')
  69:main.c        ****        {
  70:main.c        ****           ack_Write(1);
  71:main.c        ****           DOutput_Write(0x5);
  72:main.c        ****           goto reread;
  73:main.c        ****        }
  74:main.c        ****        if(data == '6')
  75:main.c        ****        {
  76:main.c        ****           ack_Write(1);
  77:main.c        ****           DOutput_Write(0x6);
  78:main.c        ****           goto reread;
  79:main.c        ****        }
  80:main.c        ****        if(data == '7')
  81:main.c        ****        {
  82:main.c        ****           ack_Write(1);
  83:main.c        ****           DOutput_Write(0x7);
  84:main.c        ****           goto reread;
  85:main.c        ****        }
  86:main.c        ****        if(data == '8')
  87:main.c        ****        {
  88:main.c        ****           ack_Write(1);
  89:main.c        ****           DOutput_Write(0x8);
  90:main.c        ****           goto reread;
  91:main.c        ****        }
  92:main.c        ****        if(data == '9')
  93:main.c        ****        {
  94:main.c        ****           ack_Write(1);
  95:main.c        ****           DOutput_Write(0x9);
  96:main.c        ****           goto reread;
  97:main.c        ****        }
  98:main.c        ****        if(data == 'A')
  99:main.c        ****        {
 100:main.c        ****           ack_Write(1);
 101:main.c        ****           DOutput_Write(0xA);
ARM GAS  C:\Users\UpBc\AppData\Local\Temp\cciUYCR8.s 			page 4


 102:main.c        ****           goto reread;
 103:main.c        ****        }
 104:main.c        ****        if(data == 'B')
 105:main.c        ****        {
 106:main.c        ****           ack_Write(1);
 107:main.c        ****           DOutput_Write(0xB);
 108:main.c        ****           goto reread;
 109:main.c        ****        }
 110:main.c        ****        if(data == 'C')
 111:main.c        ****        {
 112:main.c        ****           ack_Write(1);
 113:main.c        ****           DOutput_Write(0xC);
 114:main.c        ****           goto reread;
 115:main.c        ****        }
 116:main.c        ****        if(data == 'D')
 117:main.c        ****        {
 118:main.c        ****           ack_Write(1);
 119:main.c        ****           DOutput_Write(0xD);
 120:main.c        ****           goto reread;
 121:main.c        ****        }
 122:main.c        ****        if(data == 'E')
 123:main.c        ****        {
 124:main.c        ****           ack_Write(1);
 125:main.c        ****           DOutput_Write(0xE);
 126:main.c        ****           goto reread;
 127:main.c        ****        }
 128:main.c        ****        if(data == 'F')
 129:main.c        ****        {
 130:main.c        ****           ack_Write(1);
 131:main.c        ****           DOutput_Write(0xF);
 132:main.c        ****           goto reread;
 133:main.c        ****        }
 134:main.c        ****     else
 135:main.c        ****     {
 136:main.c        ****         ack_Write(0);
 137:main.c        ****         UART_PutString("nan1");
 138:main.c        ****     }
 139:main.c        ****      
 140:main.c        ****     goto reread;
 141:main.c        ****         CyDelay(200); 
 142:main.c        ****     
 143:main.c        ****    read:    inputs = DInput_Read();
  71              		.loc 1 143 0
  72 0024 FFF7FEFF 		bl	DInput_Read
  73              	.LVL7:
 144:main.c        ****        
 145:main.c        ****        if(inputs == 0x0)
  74              		.loc 1 145 0
  75 0028 0028     		cmp	r0, #0
  76 002a 40F09C80 		bne	.L39
  77 002e 96E0     		b	.L6
  78              	.LVL8:
  79              	.L5:
  38:main.c        ****        {
  80              		.loc 1 38 0
  81 0030 302C     		cmp	r4, #48
  82 0032 06D1     		bne	.L8
ARM GAS  C:\Users\UpBc\AppData\Local\Temp\cciUYCR8.s 			page 5


  40:main.c        ****           DOutput_Write(0x0);
  83              		.loc 1 40 0
  84 0034 0120     		movs	r0, #1
  85 0036 FFF7FEFF 		bl	ack_Write
  86              	.LVL9:
  41:main.c        ****           goto reread;
  87              		.loc 1 41 0
  88 003a 0020     		movs	r0, #0
  89 003c FFF7FEFF 		bl	DOutput_Write
  90              	.LVL10:
  42:main.c        ****        }
  91              		.loc 1 42 0
  92 0040 E3E7     		b	.L2
  93              	.L8:
  44:main.c        ****        {
  94              		.loc 1 44 0
  95 0042 312C     		cmp	r4, #49
  96 0044 06D1     		bne	.L9
  46:main.c        ****           DOutput_Write(0x1);
  97              		.loc 1 46 0
  98 0046 0120     		movs	r0, #1
  99 0048 FFF7FEFF 		bl	ack_Write
 100              	.LVL11:
  47:main.c        ****           goto reread;
 101              		.loc 1 47 0
 102 004c 0120     		movs	r0, #1
 103 004e FFF7FEFF 		bl	DOutput_Write
 104              	.LVL12:
  48:main.c        ****        }
 105              		.loc 1 48 0
 106 0052 DAE7     		b	.L2
 107              	.L9:
  50:main.c        ****        {
 108              		.loc 1 50 0
 109 0054 322C     		cmp	r4, #50
 110 0056 06D1     		bne	.L10
  52:main.c        ****           DOutput_Write(0x2);
 111              		.loc 1 52 0
 112 0058 0120     		movs	r0, #1
 113 005a FFF7FEFF 		bl	ack_Write
 114              	.LVL13:
  53:main.c        ****           goto reread;
 115              		.loc 1 53 0
 116 005e 0220     		movs	r0, #2
 117 0060 FFF7FEFF 		bl	DOutput_Write
 118              	.LVL14:
  54:main.c        ****        }
 119              		.loc 1 54 0
 120 0064 D1E7     		b	.L2
 121              	.L10:
  56:main.c        ****        {
 122              		.loc 1 56 0
 123 0066 332C     		cmp	r4, #51
 124 0068 06D1     		bne	.L11
  58:main.c        ****           DOutput_Write(0x3);
 125              		.loc 1 58 0
 126 006a 0120     		movs	r0, #1
ARM GAS  C:\Users\UpBc\AppData\Local\Temp\cciUYCR8.s 			page 6


 127 006c FFF7FEFF 		bl	ack_Write
 128              	.LVL15:
  59:main.c        ****           goto reread;
 129              		.loc 1 59 0
 130 0070 0320     		movs	r0, #3
 131 0072 FFF7FEFF 		bl	DOutput_Write
 132              	.LVL16:
  60:main.c        ****        }
 133              		.loc 1 60 0
 134 0076 C8E7     		b	.L2
 135              	.L11:
  62:main.c        ****        {
 136              		.loc 1 62 0
 137 0078 342C     		cmp	r4, #52
 138 007a 06D1     		bne	.L12
  64:main.c        ****           DOutput_Write(0x4);
 139              		.loc 1 64 0
 140 007c 0120     		movs	r0, #1
 141 007e FFF7FEFF 		bl	ack_Write
 142              	.LVL17:
  65:main.c        ****           goto reread;
 143              		.loc 1 65 0
 144 0082 0420     		movs	r0, #4
 145 0084 FFF7FEFF 		bl	DOutput_Write
 146              	.LVL18:
  66:main.c        ****        }
 147              		.loc 1 66 0
 148 0088 BFE7     		b	.L2
 149              	.L12:
  68:main.c        ****        {
 150              		.loc 1 68 0
 151 008a 352C     		cmp	r4, #53
 152 008c 06D1     		bne	.L13
  70:main.c        ****           DOutput_Write(0x5);
 153              		.loc 1 70 0
 154 008e 0120     		movs	r0, #1
 155 0090 FFF7FEFF 		bl	ack_Write
 156              	.LVL19:
  71:main.c        ****           goto reread;
 157              		.loc 1 71 0
 158 0094 0520     		movs	r0, #5
 159 0096 FFF7FEFF 		bl	DOutput_Write
 160              	.LVL20:
  72:main.c        ****        }
 161              		.loc 1 72 0
 162 009a B6E7     		b	.L2
 163              	.L13:
  74:main.c        ****        {
 164              		.loc 1 74 0
 165 009c 362C     		cmp	r4, #54
 166 009e 06D1     		bne	.L14
  76:main.c        ****           DOutput_Write(0x6);
 167              		.loc 1 76 0
 168 00a0 0120     		movs	r0, #1
 169 00a2 FFF7FEFF 		bl	ack_Write
 170              	.LVL21:
  77:main.c        ****           goto reread;
ARM GAS  C:\Users\UpBc\AppData\Local\Temp\cciUYCR8.s 			page 7


 171              		.loc 1 77 0
 172 00a6 0620     		movs	r0, #6
 173 00a8 FFF7FEFF 		bl	DOutput_Write
 174              	.LVL22:
  78:main.c        ****        }
 175              		.loc 1 78 0
 176 00ac ADE7     		b	.L2
 177              	.L14:
  80:main.c        ****        {
 178              		.loc 1 80 0
 179 00ae 372C     		cmp	r4, #55
 180 00b0 06D1     		bne	.L15
  82:main.c        ****           DOutput_Write(0x7);
 181              		.loc 1 82 0
 182 00b2 0120     		movs	r0, #1
 183 00b4 FFF7FEFF 		bl	ack_Write
 184              	.LVL23:
  83:main.c        ****           goto reread;
 185              		.loc 1 83 0
 186 00b8 0720     		movs	r0, #7
 187 00ba FFF7FEFF 		bl	DOutput_Write
 188              	.LVL24:
  84:main.c        ****        }
 189              		.loc 1 84 0
 190 00be A4E7     		b	.L2
 191              	.L15:
  86:main.c        ****        {
 192              		.loc 1 86 0
 193 00c0 382C     		cmp	r4, #56
 194 00c2 06D1     		bne	.L16
  88:main.c        ****           DOutput_Write(0x8);
 195              		.loc 1 88 0
 196 00c4 0120     		movs	r0, #1
 197 00c6 FFF7FEFF 		bl	ack_Write
 198              	.LVL25:
  89:main.c        ****           goto reread;
 199              		.loc 1 89 0
 200 00ca 0820     		movs	r0, #8
 201 00cc FFF7FEFF 		bl	DOutput_Write
 202              	.LVL26:
  90:main.c        ****        }
 203              		.loc 1 90 0
 204 00d0 9BE7     		b	.L2
 205              	.L16:
  92:main.c        ****        {
 206              		.loc 1 92 0
 207 00d2 392C     		cmp	r4, #57
 208 00d4 06D1     		bne	.L17
  94:main.c        ****           DOutput_Write(0x9);
 209              		.loc 1 94 0
 210 00d6 0120     		movs	r0, #1
 211 00d8 FFF7FEFF 		bl	ack_Write
 212              	.LVL27:
  95:main.c        ****           goto reread;
 213              		.loc 1 95 0
 214 00dc 0920     		movs	r0, #9
 215 00de FFF7FEFF 		bl	DOutput_Write
ARM GAS  C:\Users\UpBc\AppData\Local\Temp\cciUYCR8.s 			page 8


 216              	.LVL28:
  96:main.c        ****        }
 217              		.loc 1 96 0
 218 00e2 92E7     		b	.L2
 219              	.L17:
  98:main.c        ****        {
 220              		.loc 1 98 0
 221 00e4 412C     		cmp	r4, #65
 222 00e6 06D1     		bne	.L18
 100:main.c        ****           DOutput_Write(0xA);
 223              		.loc 1 100 0
 224 00e8 0120     		movs	r0, #1
 225 00ea FFF7FEFF 		bl	ack_Write
 226              	.LVL29:
 101:main.c        ****           goto reread;
 227              		.loc 1 101 0
 228 00ee 0A20     		movs	r0, #10
 229 00f0 FFF7FEFF 		bl	DOutput_Write
 230              	.LVL30:
 102:main.c        ****        }
 231              		.loc 1 102 0
 232 00f4 89E7     		b	.L2
 233              	.L18:
 104:main.c        ****        {
 234              		.loc 1 104 0
 235 00f6 422C     		cmp	r4, #66
 236 00f8 06D1     		bne	.L19
 106:main.c        ****           DOutput_Write(0xB);
 237              		.loc 1 106 0
 238 00fa 0120     		movs	r0, #1
 239 00fc FFF7FEFF 		bl	ack_Write
 240              	.LVL31:
 107:main.c        ****           goto reread;
 241              		.loc 1 107 0
 242 0100 0B20     		movs	r0, #11
 243 0102 FFF7FEFF 		bl	DOutput_Write
 244              	.LVL32:
 108:main.c        ****        }
 245              		.loc 1 108 0
 246 0106 80E7     		b	.L2
 247              	.L19:
 110:main.c        ****        {
 248              		.loc 1 110 0
 249 0108 432C     		cmp	r4, #67
 250 010a 06D1     		bne	.L20
 112:main.c        ****           DOutput_Write(0xC);
 251              		.loc 1 112 0
 252 010c 0120     		movs	r0, #1
 253 010e FFF7FEFF 		bl	ack_Write
 254              	.LVL33:
 113:main.c        ****           goto reread;
 255              		.loc 1 113 0
 256 0112 0C20     		movs	r0, #12
 257 0114 FFF7FEFF 		bl	DOutput_Write
 258              	.LVL34:
 114:main.c        ****        }
 259              		.loc 1 114 0
ARM GAS  C:\Users\UpBc\AppData\Local\Temp\cciUYCR8.s 			page 9


 260 0118 77E7     		b	.L2
 261              	.L20:
 116:main.c        ****        {
 262              		.loc 1 116 0
 263 011a 442C     		cmp	r4, #68
 264 011c 06D1     		bne	.L21
 118:main.c        ****           DOutput_Write(0xD);
 265              		.loc 1 118 0
 266 011e 0120     		movs	r0, #1
 267 0120 FFF7FEFF 		bl	ack_Write
 268              	.LVL35:
 119:main.c        ****           goto reread;
 269              		.loc 1 119 0
 270 0124 0D20     		movs	r0, #13
 271 0126 FFF7FEFF 		bl	DOutput_Write
 272              	.LVL36:
 120:main.c        ****        }
 273              		.loc 1 120 0
 274 012a 6EE7     		b	.L2
 275              	.L21:
 122:main.c        ****        {
 276              		.loc 1 122 0
 277 012c 452C     		cmp	r4, #69
 278 012e 06D1     		bne	.L22
 124:main.c        ****           DOutput_Write(0xE);
 279              		.loc 1 124 0
 280 0130 0120     		movs	r0, #1
 281 0132 FFF7FEFF 		bl	ack_Write
 282              	.LVL37:
 125:main.c        ****           goto reread;
 283              		.loc 1 125 0
 284 0136 0E20     		movs	r0, #14
 285 0138 FFF7FEFF 		bl	DOutput_Write
 286              	.LVL38:
 126:main.c        ****        }
 287              		.loc 1 126 0
 288 013c 65E7     		b	.L2
 289              	.L22:
 128:main.c        ****        {
 290              		.loc 1 128 0
 291 013e 462C     		cmp	r4, #70
 292 0140 06D1     		bne	.L23
 130:main.c        ****           DOutput_Write(0xF);
 293              		.loc 1 130 0
 294 0142 0120     		movs	r0, #1
 295 0144 FFF7FEFF 		bl	ack_Write
 296              	.LVL39:
 131:main.c        ****           goto reread;
 297              		.loc 1 131 0
 298 0148 0F20     		movs	r0, #15
 299 014a FFF7FEFF 		bl	DOutput_Write
 300              	.LVL40:
 132:main.c        ****        }
 301              		.loc 1 132 0
 302 014e 5CE7     		b	.L2
 303              	.L23:
 136:main.c        ****         UART_PutString("nan1");
ARM GAS  C:\Users\UpBc\AppData\Local\Temp\cciUYCR8.s 			page 10


 304              		.loc 1 136 0
 305 0150 0020     		movs	r0, #0
 306 0152 FFF7FEFF 		bl	ack_Write
 307              	.LVL41:
 137:main.c        ****     }
 308              		.loc 1 137 0
 309 0156 3348     		ldr	r0, .L41
 310 0158 FFF7FEFF 		bl	UART_PutString
 311              	.LVL42:
 140:main.c        ****         CyDelay(200); 
 312              		.loc 1 140 0
 313 015c 55E7     		b	.L2
 314              	.LVL43:
 315              	.L6:
 146:main.c        ****        {
 147:main.c        ****           UART_PutChar('0');
 316              		.loc 1 147 0
 317 015e 3020     		movs	r0, #48
 318              	.LVL44:
 319 0160 FFF7FEFF 		bl	UART_PutChar
 320              	.LVL45:
 148:main.c        ****           goto reread;
 321              		.loc 1 148 0
 322 0164 51E7     		b	.L2
 323              	.LVL46:
 324              	.L39:
 149:main.c        ****        }
 150:main.c        ****        if(inputs == 0x1)
 325              		.loc 1 150 0
 326 0166 0128     		cmp	r0, #1
 327 0168 03D1     		bne	.L24
 151:main.c        ****        {
 152:main.c        ****           UART_PutChar('1');
 328              		.loc 1 152 0
 329 016a 3120     		movs	r0, #49
 330              	.LVL47:
 331 016c FFF7FEFF 		bl	UART_PutChar
 332              	.LVL48:
 153:main.c        ****           goto reread;
 333              		.loc 1 153 0
 334 0170 4BE7     		b	.L2
 335              	.LVL49:
 336              	.L24:
 154:main.c        ****        }
 155:main.c        ****        if(inputs == 0x2)
 337              		.loc 1 155 0
 338 0172 0228     		cmp	r0, #2
 339 0174 03D1     		bne	.L25
 156:main.c        ****        {
 157:main.c        ****           UART_PutChar('2');
 340              		.loc 1 157 0
 341 0176 3220     		movs	r0, #50
 342              	.LVL50:
 343 0178 FFF7FEFF 		bl	UART_PutChar
 344              	.LVL51:
 158:main.c        ****           goto reread;
 345              		.loc 1 158 0
ARM GAS  C:\Users\UpBc\AppData\Local\Temp\cciUYCR8.s 			page 11


 346 017c 45E7     		b	.L2
 347              	.LVL52:
 348              	.L25:
 159:main.c        ****        }
 160:main.c        ****        if(inputs == 0x3)
 349              		.loc 1 160 0
 350 017e 0328     		cmp	r0, #3
 351 0180 03D1     		bne	.L26
 161:main.c        ****        {
 162:main.c        ****           UART_PutChar('3');
 352              		.loc 1 162 0
 353 0182 3320     		movs	r0, #51
 354              	.LVL53:
 355 0184 FFF7FEFF 		bl	UART_PutChar
 356              	.LVL54:
 163:main.c        ****           goto reread;
 357              		.loc 1 163 0
 358 0188 3FE7     		b	.L2
 359              	.LVL55:
 360              	.L26:
 164:main.c        ****        }
 165:main.c        ****        if(inputs == 0x4)
 361              		.loc 1 165 0
 362 018a 0428     		cmp	r0, #4
 363 018c 03D1     		bne	.L27
 166:main.c        ****        {
 167:main.c        ****           UART_PutChar('4');
 364              		.loc 1 167 0
 365 018e 3420     		movs	r0, #52
 366              	.LVL56:
 367 0190 FFF7FEFF 		bl	UART_PutChar
 368              	.LVL57:
 168:main.c        ****           goto reread;
 369              		.loc 1 168 0
 370 0194 39E7     		b	.L2
 371              	.LVL58:
 372              	.L27:
 169:main.c        ****        }
 170:main.c        ****        if(inputs == 0x5)
 373              		.loc 1 170 0
 374 0196 0528     		cmp	r0, #5
 375 0198 03D1     		bne	.L28
 171:main.c        ****        {
 172:main.c        ****           UART_PutChar('5');
 376              		.loc 1 172 0
 377 019a 3520     		movs	r0, #53
 378              	.LVL59:
 379 019c FFF7FEFF 		bl	UART_PutChar
 380              	.LVL60:
 173:main.c        ****           goto reread;
 381              		.loc 1 173 0
 382 01a0 33E7     		b	.L2
 383              	.LVL61:
 384              	.L28:
 174:main.c        ****        }
 175:main.c        ****        if(inputs == 0x6)
 385              		.loc 1 175 0
ARM GAS  C:\Users\UpBc\AppData\Local\Temp\cciUYCR8.s 			page 12


 386 01a2 0628     		cmp	r0, #6
 387 01a4 03D1     		bne	.L29
 176:main.c        ****        {
 177:main.c        ****           UART_PutChar('6');
 388              		.loc 1 177 0
 389 01a6 3620     		movs	r0, #54
 390              	.LVL62:
 391 01a8 FFF7FEFF 		bl	UART_PutChar
 392              	.LVL63:
 178:main.c        ****           goto reread;
 393              		.loc 1 178 0
 394 01ac 2DE7     		b	.L2
 395              	.LVL64:
 396              	.L29:
 179:main.c        ****        }
 180:main.c        ****        if(inputs == 0x7)
 397              		.loc 1 180 0
 398 01ae 0728     		cmp	r0, #7
 399 01b0 03D1     		bne	.L30
 181:main.c        ****        {
 182:main.c        ****           UART_PutChar('7');
 400              		.loc 1 182 0
 401 01b2 3720     		movs	r0, #55
 402              	.LVL65:
 403 01b4 FFF7FEFF 		bl	UART_PutChar
 404              	.LVL66:
 183:main.c        ****           goto reread;
 405              		.loc 1 183 0
 406 01b8 27E7     		b	.L2
 407              	.LVL67:
 408              	.L30:
 184:main.c        ****        }
 185:main.c        ****        if(inputs == 0x8)
 409              		.loc 1 185 0
 410 01ba 0828     		cmp	r0, #8
 411 01bc 03D1     		bne	.L31
 186:main.c        ****        {
 187:main.c        ****           UART_PutChar('8');
 412              		.loc 1 187 0
 413 01be 3820     		movs	r0, #56
 414              	.LVL68:
 415 01c0 FFF7FEFF 		bl	UART_PutChar
 416              	.LVL69:
 188:main.c        ****           goto reread;
 417              		.loc 1 188 0
 418 01c4 21E7     		b	.L2
 419              	.LVL70:
 420              	.L31:
 189:main.c        ****        }
 190:main.c        ****        if(inputs == 0x9)
 421              		.loc 1 190 0
 422 01c6 0928     		cmp	r0, #9
 423 01c8 03D1     		bne	.L32
 191:main.c        ****        {
 192:main.c        ****           UART_PutChar('9');
 424              		.loc 1 192 0
 425 01ca 3920     		movs	r0, #57
ARM GAS  C:\Users\UpBc\AppData\Local\Temp\cciUYCR8.s 			page 13


 426              	.LVL71:
 427 01cc FFF7FEFF 		bl	UART_PutChar
 428              	.LVL72:
 193:main.c        ****           goto reread;
 429              		.loc 1 193 0
 430 01d0 1BE7     		b	.L2
 431              	.LVL73:
 432              	.L32:
 194:main.c        ****        }
 195:main.c        ****        if(inputs == 0xA)
 433              		.loc 1 195 0
 434 01d2 0A28     		cmp	r0, #10
 435 01d4 03D1     		bne	.L33
 196:main.c        ****        {
 197:main.c        ****           UART_PutChar('A');
 436              		.loc 1 197 0
 437 01d6 4120     		movs	r0, #65
 438              	.LVL74:
 439 01d8 FFF7FEFF 		bl	UART_PutChar
 440              	.LVL75:
 198:main.c        ****           goto reread;
 441              		.loc 1 198 0
 442 01dc 15E7     		b	.L2
 443              	.LVL76:
 444              	.L33:
 199:main.c        ****        }
 200:main.c        ****        if(inputs == 0xB)
 445              		.loc 1 200 0
 446 01de 0B28     		cmp	r0, #11
 447 01e0 03D1     		bne	.L34
 201:main.c        ****        {
 202:main.c        ****           UART_PutChar('B');
 448              		.loc 1 202 0
 449 01e2 4220     		movs	r0, #66
 450              	.LVL77:
 451 01e4 FFF7FEFF 		bl	UART_PutChar
 452              	.LVL78:
 203:main.c        ****           goto reread;
 453              		.loc 1 203 0
 454 01e8 0FE7     		b	.L2
 455              	.LVL79:
 456              	.L34:
 204:main.c        ****        }
 205:main.c        ****        if(inputs == 0xC)
 457              		.loc 1 205 0
 458 01ea 0C28     		cmp	r0, #12
 459 01ec 03D1     		bne	.L35
 206:main.c        ****        {
 207:main.c        ****           UART_PutChar('C');
 460              		.loc 1 207 0
 461 01ee 4320     		movs	r0, #67
 462              	.LVL80:
 463 01f0 FFF7FEFF 		bl	UART_PutChar
 464              	.LVL81:
 208:main.c        ****           goto reread;
 465              		.loc 1 208 0
 466 01f4 09E7     		b	.L2
ARM GAS  C:\Users\UpBc\AppData\Local\Temp\cciUYCR8.s 			page 14


 467              	.LVL82:
 468              	.L35:
 209:main.c        ****        }
 210:main.c        ****        if(inputs == 0xD)
 469              		.loc 1 210 0
 470 01f6 0D28     		cmp	r0, #13
 471 01f8 03D1     		bne	.L36
 211:main.c        ****        {
 212:main.c        ****           UART_PutChar('D');
 472              		.loc 1 212 0
 473 01fa 4420     		movs	r0, #68
 474              	.LVL83:
 475 01fc FFF7FEFF 		bl	UART_PutChar
 476              	.LVL84:
 213:main.c        ****           goto reread;
 477              		.loc 1 213 0
 478 0200 03E7     		b	.L2
 479              	.LVL85:
 480              	.L36:
 214:main.c        ****        }
 215:main.c        ****        if(inputs == 0xE)
 481              		.loc 1 215 0
 482 0202 0E28     		cmp	r0, #14
 483 0204 03D1     		bne	.L37
 216:main.c        ****        {
 217:main.c        ****           UART_PutChar('E');
 484              		.loc 1 217 0
 485 0206 4520     		movs	r0, #69
 486              	.LVL86:
 487 0208 FFF7FEFF 		bl	UART_PutChar
 488              	.LVL87:
 218:main.c        ****           goto reread;
 489              		.loc 1 218 0
 490 020c FDE6     		b	.L2
 491              	.LVL88:
 492              	.L37:
 219:main.c        ****        }
 220:main.c        ****        if(inputs == 0xF)
 493              		.loc 1 220 0
 494 020e 0F28     		cmp	r0, #15
 495 0210 03D1     		bne	.L38
 221:main.c        ****        {
 222:main.c        ****           UART_PutChar('F');
 496              		.loc 1 222 0
 497 0212 4620     		movs	r0, #70
 498              	.LVL89:
 499 0214 FFF7FEFF 		bl	UART_PutChar
 500              	.LVL90:
 223:main.c        ****           goto reread;
 501              		.loc 1 223 0
 502 0218 F7E6     		b	.L2
 503              	.LVL91:
 504              	.L38:
 224:main.c        ****        }
 225:main.c        ****       
 226:main.c        ****     CyDelay(200);
 505              		.loc 1 226 0
ARM GAS  C:\Users\UpBc\AppData\Local\Temp\cciUYCR8.s 			page 15


 506 021a C820     		movs	r0, #200
 507              	.LVL92:
 508 021c FFF7FEFF 		bl	CyDelay
 509              	.LVL93:
 510              	.L3:
 227:main.c        ****     
 228:main.c        ****     }
 511              		.loc 1 228 0
 512 0220 F3E6     		b	.L2
 513              	.L42:
 514 0222 00BF     		.align	2
 515              	.L41:
 516 0224 00000000 		.word	.LC0
 517              		.cfi_endproc
 518              	.LFE63:
 519              		.size	main, .-main
 520              		.section	.rodata.str1.4,"aMS",%progbits,1
 521              		.align	2
 522              	.LC0:
 523 0000 6E616E31 		.ascii	"nan1\000"
 523      00
 524              		.text
 525              	.Letext0:
 526              		.file 2 "d:\\cypress\\psoc creator\\4.4\\psoc creator\\import\\gnu\\arm\\5.4.1\\arm-none-eabi\\inc
 527              		.file 3 "d:\\cypress\\psoc creator\\4.4\\psoc creator\\import\\gnu\\arm\\5.4.1\\arm-none-eabi\\inc
 528              		.file 4 "Generated_Source\\PSoC5/UART.h"
 529              		.file 5 "Generated_Source\\PSoC5/ack.h"
 530              		.file 6 "Generated_Source\\PSoC5/DInput.h"
 531              		.file 7 "Generated_Source\\PSoC5/DOutput.h"
 532              		.file 8 "Generated_Source\\PSoC5/CyLib.h"
 533              		.file 9 "Generated_Source\\PSoC5/core_cm3.h"
 534              		.section	.debug_info,"",%progbits
 535              	.Ldebug_info0:
 536 0000 88050000 		.4byte	0x588
 537 0004 0400     		.2byte	0x4
 538 0006 00000000 		.4byte	.Ldebug_abbrev0
 539 000a 04       		.byte	0x4
 540 000b 01       		.uleb128 0x1
 541 000c 6E000000 		.4byte	.LASF30
 542 0010 0C       		.byte	0xc
 543 0011 AF010000 		.4byte	.LASF31
 544 0015 C5010000 		.4byte	.LASF32
 545 0019 00000000 		.4byte	.Ldebug_ranges0+0
 546 001d 00000000 		.4byte	0
 547 0021 00000000 		.4byte	.Ldebug_line0
 548 0025 02       		.uleb128 0x2
 549 0026 01       		.byte	0x1
 550 0027 06       		.byte	0x6
 551 0028 1D020000 		.4byte	.LASF0
 552 002c 02       		.uleb128 0x2
 553 002d 01       		.byte	0x1
 554 002e 08       		.byte	0x8
 555 002f 60000000 		.4byte	.LASF1
 556 0033 02       		.uleb128 0x2
 557 0034 02       		.byte	0x2
 558 0035 05       		.byte	0x5
 559 0036 BB010000 		.4byte	.LASF2
ARM GAS  C:\Users\UpBc\AppData\Local\Temp\cciUYCR8.s 			page 16


 560 003a 02       		.uleb128 0x2
 561 003b 02       		.byte	0x2
 562 003c 07       		.byte	0x7
 563 003d 0E010000 		.4byte	.LASF3
 564 0041 03       		.uleb128 0x3
 565 0042 38000000 		.4byte	.LASF9
 566 0046 02       		.byte	0x2
 567 0047 3F       		.byte	0x3f
 568 0048 4C000000 		.4byte	0x4c
 569 004c 02       		.uleb128 0x2
 570 004d 04       		.byte	0x4
 571 004e 05       		.byte	0x5
 572 004f 08020000 		.4byte	.LASF4
 573 0053 02       		.uleb128 0x2
 574 0054 04       		.byte	0x4
 575 0055 07       		.byte	0x7
 576 0056 FC000000 		.4byte	.LASF5
 577 005a 02       		.uleb128 0x2
 578 005b 08       		.byte	0x8
 579 005c 05       		.byte	0x5
 580 005d A1010000 		.4byte	.LASF6
 581 0061 02       		.uleb128 0x2
 582 0062 08       		.byte	0x8
 583 0063 07       		.byte	0x7
 584 0064 5E010000 		.4byte	.LASF7
 585 0068 04       		.uleb128 0x4
 586 0069 04       		.byte	0x4
 587 006a 05       		.byte	0x5
 588 006b 696E7400 		.ascii	"int\000"
 589 006f 02       		.uleb128 0x2
 590 0070 04       		.byte	0x4
 591 0071 07       		.byte	0x7
 592 0072 4A010000 		.4byte	.LASF8
 593 0076 03       		.uleb128 0x3
 594 0077 83010000 		.4byte	.LASF10
 595 007b 03       		.byte	0x3
 596 007c 2C       		.byte	0x2c
 597 007d 41000000 		.4byte	0x41
 598 0081 02       		.uleb128 0x2
 599 0082 04       		.byte	0x4
 600 0083 04       		.byte	0x4
 601 0084 55000000 		.4byte	.LASF11
 602 0088 02       		.uleb128 0x2
 603 0089 08       		.byte	0x8
 604 008a 04       		.byte	0x4
 605 008b 39010000 		.4byte	.LASF12
 606 008f 02       		.uleb128 0x2
 607 0090 01       		.byte	0x1
 608 0091 08       		.byte	0x8
 609 0092 B6010000 		.4byte	.LASF13
 610 0096 02       		.uleb128 0x2
 611 0097 08       		.byte	0x8
 612 0098 04       		.byte	0x4
 613 0099 11020000 		.4byte	.LASF14
 614 009d 02       		.uleb128 0x2
 615 009e 04       		.byte	0x4
 616 009f 07       		.byte	0x7
ARM GAS  C:\Users\UpBc\AppData\Local\Temp\cciUYCR8.s 			page 17


 617 00a0 98010000 		.4byte	.LASF15
 618 00a4 05       		.uleb128 0x5
 619 00a5 40010000 		.4byte	.LASF33
 620 00a9 01       		.byte	0x1
 621 00aa 0E       		.byte	0xe
 622 00ab 68000000 		.4byte	0x68
 623 00af 00000000 		.4byte	.LFB63
 624 00b3 28020000 		.4byte	.LFE63-.LFB63
 625 00b7 01       		.uleb128 0x1
 626 00b8 9C       		.byte	0x9c
 627 00b9 0C050000 		.4byte	0x50c
 628 00bd 06       		.uleb128 0x6
 629 00be 57010000 		.4byte	.LASF16
 630 00c2 01       		.byte	0x1
 631 00c3 13       		.byte	0x13
 632 00c4 68000000 		.4byte	0x68
 633 00c8 00000000 		.4byte	.LLST0
 634 00cc 06       		.uleb128 0x6
 635 00cd 5B000000 		.4byte	.LASF17
 636 00d1 01       		.byte	0x1
 637 00d2 14       		.byte	0x14
 638 00d3 68000000 		.4byte	0x68
 639 00d7 DA000000 		.4byte	.LLST1
 640 00db 07       		.uleb128 0x7
 641 00dc 38020000 		.4byte	.LASF18
 642 00e0 01       		.byte	0x1
 643 00e1 18       		.byte	0x18
 644 00e2 20020000 		.4byte	.L3
 645 00e6 07       		.uleb128 0x7
 646 00e7 45010000 		.4byte	.LASF19
 647 00eb 01       		.byte	0x1
 648 00ec 8F       		.byte	0x8f
 649 00ed 24000000 		.4byte	.LDL1
 650 00f1 08       		.uleb128 0x8
 651 00f2 08000000 		.4byte	.LVL0
 652 00f6 1D050000 		.4byte	0x51d
 653 00fa 08       		.uleb128 0x8
 654 00fb 0E000000 		.4byte	.LVL2
 655 00ff 28050000 		.4byte	0x528
 656 0103 08       		.uleb128 0x8
 657 0104 12000000 		.4byte	.LVL3
 658 0108 33050000 		.4byte	0x533
 659 010c 08       		.uleb128 0x8
 660 010d 18000000 		.4byte	.LVL4
 661 0111 3E050000 		.4byte	0x53e
 662 0115 09       		.uleb128 0x9
 663 0116 24000000 		.4byte	.LVL6
 664 011a 49050000 		.4byte	0x549
 665 011e 28010000 		.4byte	0x128
 666 0122 0A       		.uleb128 0xa
 667 0123 01       		.uleb128 0x1
 668 0124 50       		.byte	0x50
 669 0125 01       		.uleb128 0x1
 670 0126 30       		.byte	0x30
 671 0127 00       		.byte	0
 672 0128 08       		.uleb128 0x8
 673 0129 28000000 		.4byte	.LVL7
ARM GAS  C:\Users\UpBc\AppData\Local\Temp\cciUYCR8.s 			page 18


 674 012d 54050000 		.4byte	0x554
 675 0131 09       		.uleb128 0x9
 676 0132 3A000000 		.4byte	.LVL9
 677 0136 49050000 		.4byte	0x549
 678 013a 44010000 		.4byte	0x144
 679 013e 0A       		.uleb128 0xa
 680 013f 01       		.uleb128 0x1
 681 0140 50       		.byte	0x50
 682 0141 01       		.uleb128 0x1
 683 0142 31       		.byte	0x31
 684 0143 00       		.byte	0
 685 0144 09       		.uleb128 0x9
 686 0145 40000000 		.4byte	.LVL10
 687 0149 5F050000 		.4byte	0x55f
 688 014d 57010000 		.4byte	0x157
 689 0151 0A       		.uleb128 0xa
 690 0152 01       		.uleb128 0x1
 691 0153 50       		.byte	0x50
 692 0154 01       		.uleb128 0x1
 693 0155 30       		.byte	0x30
 694 0156 00       		.byte	0
 695 0157 09       		.uleb128 0x9
 696 0158 4C000000 		.4byte	.LVL11
 697 015c 49050000 		.4byte	0x549
 698 0160 6A010000 		.4byte	0x16a
 699 0164 0A       		.uleb128 0xa
 700 0165 01       		.uleb128 0x1
 701 0166 50       		.byte	0x50
 702 0167 01       		.uleb128 0x1
 703 0168 31       		.byte	0x31
 704 0169 00       		.byte	0
 705 016a 09       		.uleb128 0x9
 706 016b 52000000 		.4byte	.LVL12
 707 016f 5F050000 		.4byte	0x55f
 708 0173 7D010000 		.4byte	0x17d
 709 0177 0A       		.uleb128 0xa
 710 0178 01       		.uleb128 0x1
 711 0179 50       		.byte	0x50
 712 017a 01       		.uleb128 0x1
 713 017b 31       		.byte	0x31
 714 017c 00       		.byte	0
 715 017d 09       		.uleb128 0x9
 716 017e 5E000000 		.4byte	.LVL13
 717 0182 49050000 		.4byte	0x549
 718 0186 90010000 		.4byte	0x190
 719 018a 0A       		.uleb128 0xa
 720 018b 01       		.uleb128 0x1
 721 018c 50       		.byte	0x50
 722 018d 01       		.uleb128 0x1
 723 018e 31       		.byte	0x31
 724 018f 00       		.byte	0
 725 0190 09       		.uleb128 0x9
 726 0191 64000000 		.4byte	.LVL14
 727 0195 5F050000 		.4byte	0x55f
 728 0199 A3010000 		.4byte	0x1a3
 729 019d 0A       		.uleb128 0xa
 730 019e 01       		.uleb128 0x1
ARM GAS  C:\Users\UpBc\AppData\Local\Temp\cciUYCR8.s 			page 19


 731 019f 50       		.byte	0x50
 732 01a0 01       		.uleb128 0x1
 733 01a1 32       		.byte	0x32
 734 01a2 00       		.byte	0
 735 01a3 09       		.uleb128 0x9
 736 01a4 70000000 		.4byte	.LVL15
 737 01a8 49050000 		.4byte	0x549
 738 01ac B6010000 		.4byte	0x1b6
 739 01b0 0A       		.uleb128 0xa
 740 01b1 01       		.uleb128 0x1
 741 01b2 50       		.byte	0x50
 742 01b3 01       		.uleb128 0x1
 743 01b4 31       		.byte	0x31
 744 01b5 00       		.byte	0
 745 01b6 09       		.uleb128 0x9
 746 01b7 76000000 		.4byte	.LVL16
 747 01bb 5F050000 		.4byte	0x55f
 748 01bf C9010000 		.4byte	0x1c9
 749 01c3 0A       		.uleb128 0xa
 750 01c4 01       		.uleb128 0x1
 751 01c5 50       		.byte	0x50
 752 01c6 01       		.uleb128 0x1
 753 01c7 33       		.byte	0x33
 754 01c8 00       		.byte	0
 755 01c9 09       		.uleb128 0x9
 756 01ca 82000000 		.4byte	.LVL17
 757 01ce 49050000 		.4byte	0x549
 758 01d2 DC010000 		.4byte	0x1dc
 759 01d6 0A       		.uleb128 0xa
 760 01d7 01       		.uleb128 0x1
 761 01d8 50       		.byte	0x50
 762 01d9 01       		.uleb128 0x1
 763 01da 31       		.byte	0x31
 764 01db 00       		.byte	0
 765 01dc 09       		.uleb128 0x9
 766 01dd 88000000 		.4byte	.LVL18
 767 01e1 5F050000 		.4byte	0x55f
 768 01e5 EF010000 		.4byte	0x1ef
 769 01e9 0A       		.uleb128 0xa
 770 01ea 01       		.uleb128 0x1
 771 01eb 50       		.byte	0x50
 772 01ec 01       		.uleb128 0x1
 773 01ed 34       		.byte	0x34
 774 01ee 00       		.byte	0
 775 01ef 09       		.uleb128 0x9
 776 01f0 94000000 		.4byte	.LVL19
 777 01f4 49050000 		.4byte	0x549
 778 01f8 02020000 		.4byte	0x202
 779 01fc 0A       		.uleb128 0xa
 780 01fd 01       		.uleb128 0x1
 781 01fe 50       		.byte	0x50
 782 01ff 01       		.uleb128 0x1
 783 0200 31       		.byte	0x31
 784 0201 00       		.byte	0
 785 0202 09       		.uleb128 0x9
 786 0203 9A000000 		.4byte	.LVL20
 787 0207 5F050000 		.4byte	0x55f
ARM GAS  C:\Users\UpBc\AppData\Local\Temp\cciUYCR8.s 			page 20


 788 020b 15020000 		.4byte	0x215
 789 020f 0A       		.uleb128 0xa
 790 0210 01       		.uleb128 0x1
 791 0211 50       		.byte	0x50
 792 0212 01       		.uleb128 0x1
 793 0213 35       		.byte	0x35
 794 0214 00       		.byte	0
 795 0215 09       		.uleb128 0x9
 796 0216 A6000000 		.4byte	.LVL21
 797 021a 49050000 		.4byte	0x549
 798 021e 28020000 		.4byte	0x228
 799 0222 0A       		.uleb128 0xa
 800 0223 01       		.uleb128 0x1
 801 0224 50       		.byte	0x50
 802 0225 01       		.uleb128 0x1
 803 0226 31       		.byte	0x31
 804 0227 00       		.byte	0
 805 0228 09       		.uleb128 0x9
 806 0229 AC000000 		.4byte	.LVL22
 807 022d 5F050000 		.4byte	0x55f
 808 0231 3B020000 		.4byte	0x23b
 809 0235 0A       		.uleb128 0xa
 810 0236 01       		.uleb128 0x1
 811 0237 50       		.byte	0x50
 812 0238 01       		.uleb128 0x1
 813 0239 36       		.byte	0x36
 814 023a 00       		.byte	0
 815 023b 09       		.uleb128 0x9
 816 023c B8000000 		.4byte	.LVL23
 817 0240 49050000 		.4byte	0x549
 818 0244 4E020000 		.4byte	0x24e
 819 0248 0A       		.uleb128 0xa
 820 0249 01       		.uleb128 0x1
 821 024a 50       		.byte	0x50
 822 024b 01       		.uleb128 0x1
 823 024c 31       		.byte	0x31
 824 024d 00       		.byte	0
 825 024e 09       		.uleb128 0x9
 826 024f BE000000 		.4byte	.LVL24
 827 0253 5F050000 		.4byte	0x55f
 828 0257 61020000 		.4byte	0x261
 829 025b 0A       		.uleb128 0xa
 830 025c 01       		.uleb128 0x1
 831 025d 50       		.byte	0x50
 832 025e 01       		.uleb128 0x1
 833 025f 37       		.byte	0x37
 834 0260 00       		.byte	0
 835 0261 09       		.uleb128 0x9
 836 0262 CA000000 		.4byte	.LVL25
 837 0266 49050000 		.4byte	0x549
 838 026a 74020000 		.4byte	0x274
 839 026e 0A       		.uleb128 0xa
 840 026f 01       		.uleb128 0x1
 841 0270 50       		.byte	0x50
 842 0271 01       		.uleb128 0x1
 843 0272 31       		.byte	0x31
 844 0273 00       		.byte	0
ARM GAS  C:\Users\UpBc\AppData\Local\Temp\cciUYCR8.s 			page 21


 845 0274 09       		.uleb128 0x9
 846 0275 D0000000 		.4byte	.LVL26
 847 0279 5F050000 		.4byte	0x55f
 848 027d 87020000 		.4byte	0x287
 849 0281 0A       		.uleb128 0xa
 850 0282 01       		.uleb128 0x1
 851 0283 50       		.byte	0x50
 852 0284 01       		.uleb128 0x1
 853 0285 38       		.byte	0x38
 854 0286 00       		.byte	0
 855 0287 09       		.uleb128 0x9
 856 0288 DC000000 		.4byte	.LVL27
 857 028c 49050000 		.4byte	0x549
 858 0290 9A020000 		.4byte	0x29a
 859 0294 0A       		.uleb128 0xa
 860 0295 01       		.uleb128 0x1
 861 0296 50       		.byte	0x50
 862 0297 01       		.uleb128 0x1
 863 0298 31       		.byte	0x31
 864 0299 00       		.byte	0
 865 029a 09       		.uleb128 0x9
 866 029b E2000000 		.4byte	.LVL28
 867 029f 5F050000 		.4byte	0x55f
 868 02a3 AD020000 		.4byte	0x2ad
 869 02a7 0A       		.uleb128 0xa
 870 02a8 01       		.uleb128 0x1
 871 02a9 50       		.byte	0x50
 872 02aa 01       		.uleb128 0x1
 873 02ab 39       		.byte	0x39
 874 02ac 00       		.byte	0
 875 02ad 09       		.uleb128 0x9
 876 02ae EE000000 		.4byte	.LVL29
 877 02b2 49050000 		.4byte	0x549
 878 02b6 C0020000 		.4byte	0x2c0
 879 02ba 0A       		.uleb128 0xa
 880 02bb 01       		.uleb128 0x1
 881 02bc 50       		.byte	0x50
 882 02bd 01       		.uleb128 0x1
 883 02be 31       		.byte	0x31
 884 02bf 00       		.byte	0
 885 02c0 09       		.uleb128 0x9
 886 02c1 F4000000 		.4byte	.LVL30
 887 02c5 5F050000 		.4byte	0x55f
 888 02c9 D3020000 		.4byte	0x2d3
 889 02cd 0A       		.uleb128 0xa
 890 02ce 01       		.uleb128 0x1
 891 02cf 50       		.byte	0x50
 892 02d0 01       		.uleb128 0x1
 893 02d1 3A       		.byte	0x3a
 894 02d2 00       		.byte	0
 895 02d3 09       		.uleb128 0x9
 896 02d4 00010000 		.4byte	.LVL31
 897 02d8 49050000 		.4byte	0x549
 898 02dc E6020000 		.4byte	0x2e6
 899 02e0 0A       		.uleb128 0xa
 900 02e1 01       		.uleb128 0x1
 901 02e2 50       		.byte	0x50
ARM GAS  C:\Users\UpBc\AppData\Local\Temp\cciUYCR8.s 			page 22


 902 02e3 01       		.uleb128 0x1
 903 02e4 31       		.byte	0x31
 904 02e5 00       		.byte	0
 905 02e6 09       		.uleb128 0x9
 906 02e7 06010000 		.4byte	.LVL32
 907 02eb 5F050000 		.4byte	0x55f
 908 02ef F9020000 		.4byte	0x2f9
 909 02f3 0A       		.uleb128 0xa
 910 02f4 01       		.uleb128 0x1
 911 02f5 50       		.byte	0x50
 912 02f6 01       		.uleb128 0x1
 913 02f7 3B       		.byte	0x3b
 914 02f8 00       		.byte	0
 915 02f9 09       		.uleb128 0x9
 916 02fa 12010000 		.4byte	.LVL33
 917 02fe 49050000 		.4byte	0x549
 918 0302 0C030000 		.4byte	0x30c
 919 0306 0A       		.uleb128 0xa
 920 0307 01       		.uleb128 0x1
 921 0308 50       		.byte	0x50
 922 0309 01       		.uleb128 0x1
 923 030a 31       		.byte	0x31
 924 030b 00       		.byte	0
 925 030c 09       		.uleb128 0x9
 926 030d 18010000 		.4byte	.LVL34
 927 0311 5F050000 		.4byte	0x55f
 928 0315 1F030000 		.4byte	0x31f
 929 0319 0A       		.uleb128 0xa
 930 031a 01       		.uleb128 0x1
 931 031b 50       		.byte	0x50
 932 031c 01       		.uleb128 0x1
 933 031d 3C       		.byte	0x3c
 934 031e 00       		.byte	0
 935 031f 09       		.uleb128 0x9
 936 0320 24010000 		.4byte	.LVL35
 937 0324 49050000 		.4byte	0x549
 938 0328 32030000 		.4byte	0x332
 939 032c 0A       		.uleb128 0xa
 940 032d 01       		.uleb128 0x1
 941 032e 50       		.byte	0x50
 942 032f 01       		.uleb128 0x1
 943 0330 31       		.byte	0x31
 944 0331 00       		.byte	0
 945 0332 09       		.uleb128 0x9
 946 0333 2A010000 		.4byte	.LVL36
 947 0337 5F050000 		.4byte	0x55f
 948 033b 45030000 		.4byte	0x345
 949 033f 0A       		.uleb128 0xa
 950 0340 01       		.uleb128 0x1
 951 0341 50       		.byte	0x50
 952 0342 01       		.uleb128 0x1
 953 0343 3D       		.byte	0x3d
 954 0344 00       		.byte	0
 955 0345 09       		.uleb128 0x9
 956 0346 36010000 		.4byte	.LVL37
 957 034a 49050000 		.4byte	0x549
 958 034e 58030000 		.4byte	0x358
ARM GAS  C:\Users\UpBc\AppData\Local\Temp\cciUYCR8.s 			page 23


 959 0352 0A       		.uleb128 0xa
 960 0353 01       		.uleb128 0x1
 961 0354 50       		.byte	0x50
 962 0355 01       		.uleb128 0x1
 963 0356 31       		.byte	0x31
 964 0357 00       		.byte	0
 965 0358 09       		.uleb128 0x9
 966 0359 3C010000 		.4byte	.LVL38
 967 035d 5F050000 		.4byte	0x55f
 968 0361 6B030000 		.4byte	0x36b
 969 0365 0A       		.uleb128 0xa
 970 0366 01       		.uleb128 0x1
 971 0367 50       		.byte	0x50
 972 0368 01       		.uleb128 0x1
 973 0369 3E       		.byte	0x3e
 974 036a 00       		.byte	0
 975 036b 09       		.uleb128 0x9
 976 036c 48010000 		.4byte	.LVL39
 977 0370 49050000 		.4byte	0x549
 978 0374 7E030000 		.4byte	0x37e
 979 0378 0A       		.uleb128 0xa
 980 0379 01       		.uleb128 0x1
 981 037a 50       		.byte	0x50
 982 037b 01       		.uleb128 0x1
 983 037c 31       		.byte	0x31
 984 037d 00       		.byte	0
 985 037e 09       		.uleb128 0x9
 986 037f 4E010000 		.4byte	.LVL40
 987 0383 5F050000 		.4byte	0x55f
 988 0387 91030000 		.4byte	0x391
 989 038b 0A       		.uleb128 0xa
 990 038c 01       		.uleb128 0x1
 991 038d 50       		.byte	0x50
 992 038e 01       		.uleb128 0x1
 993 038f 3F       		.byte	0x3f
 994 0390 00       		.byte	0
 995 0391 09       		.uleb128 0x9
 996 0392 56010000 		.4byte	.LVL41
 997 0396 49050000 		.4byte	0x549
 998 039a A4030000 		.4byte	0x3a4
 999 039e 0A       		.uleb128 0xa
 1000 039f 01       		.uleb128 0x1
 1001 03a0 50       		.byte	0x50
 1002 03a1 01       		.uleb128 0x1
 1003 03a2 30       		.byte	0x30
 1004 03a3 00       		.byte	0
 1005 03a4 09       		.uleb128 0x9
 1006 03a5 5C010000 		.4byte	.LVL42
 1007 03a9 6A050000 		.4byte	0x56a
 1008 03ad BB030000 		.4byte	0x3bb
 1009 03b1 0A       		.uleb128 0xa
 1010 03b2 01       		.uleb128 0x1
 1011 03b3 50       		.byte	0x50
 1012 03b4 05       		.uleb128 0x5
 1013 03b5 03       		.byte	0x3
 1014 03b6 00000000 		.4byte	.LC0
 1015 03ba 00       		.byte	0
ARM GAS  C:\Users\UpBc\AppData\Local\Temp\cciUYCR8.s 			page 24


 1016 03bb 09       		.uleb128 0x9
 1017 03bc 64010000 		.4byte	.LVL45
 1018 03c0 75050000 		.4byte	0x575
 1019 03c4 CF030000 		.4byte	0x3cf
 1020 03c8 0A       		.uleb128 0xa
 1021 03c9 01       		.uleb128 0x1
 1022 03ca 50       		.byte	0x50
 1023 03cb 02       		.uleb128 0x2
 1024 03cc 08       		.byte	0x8
 1025 03cd 30       		.byte	0x30
 1026 03ce 00       		.byte	0
 1027 03cf 09       		.uleb128 0x9
 1028 03d0 70010000 		.4byte	.LVL48
 1029 03d4 75050000 		.4byte	0x575
 1030 03d8 E3030000 		.4byte	0x3e3
 1031 03dc 0A       		.uleb128 0xa
 1032 03dd 01       		.uleb128 0x1
 1033 03de 50       		.byte	0x50
 1034 03df 02       		.uleb128 0x2
 1035 03e0 08       		.byte	0x8
 1036 03e1 31       		.byte	0x31
 1037 03e2 00       		.byte	0
 1038 03e3 09       		.uleb128 0x9
 1039 03e4 7C010000 		.4byte	.LVL51
 1040 03e8 75050000 		.4byte	0x575
 1041 03ec F7030000 		.4byte	0x3f7
 1042 03f0 0A       		.uleb128 0xa
 1043 03f1 01       		.uleb128 0x1
 1044 03f2 50       		.byte	0x50
 1045 03f3 02       		.uleb128 0x2
 1046 03f4 08       		.byte	0x8
 1047 03f5 32       		.byte	0x32
 1048 03f6 00       		.byte	0
 1049 03f7 09       		.uleb128 0x9
 1050 03f8 88010000 		.4byte	.LVL54
 1051 03fc 75050000 		.4byte	0x575
 1052 0400 0B040000 		.4byte	0x40b
 1053 0404 0A       		.uleb128 0xa
 1054 0405 01       		.uleb128 0x1
 1055 0406 50       		.byte	0x50
 1056 0407 02       		.uleb128 0x2
 1057 0408 08       		.byte	0x8
 1058 0409 33       		.byte	0x33
 1059 040a 00       		.byte	0
 1060 040b 09       		.uleb128 0x9
 1061 040c 94010000 		.4byte	.LVL57
 1062 0410 75050000 		.4byte	0x575
 1063 0414 1F040000 		.4byte	0x41f
 1064 0418 0A       		.uleb128 0xa
 1065 0419 01       		.uleb128 0x1
 1066 041a 50       		.byte	0x50
 1067 041b 02       		.uleb128 0x2
 1068 041c 08       		.byte	0x8
 1069 041d 34       		.byte	0x34
 1070 041e 00       		.byte	0
 1071 041f 09       		.uleb128 0x9
 1072 0420 A0010000 		.4byte	.LVL60
ARM GAS  C:\Users\UpBc\AppData\Local\Temp\cciUYCR8.s 			page 25


 1073 0424 75050000 		.4byte	0x575
 1074 0428 33040000 		.4byte	0x433
 1075 042c 0A       		.uleb128 0xa
 1076 042d 01       		.uleb128 0x1
 1077 042e 50       		.byte	0x50
 1078 042f 02       		.uleb128 0x2
 1079 0430 08       		.byte	0x8
 1080 0431 35       		.byte	0x35
 1081 0432 00       		.byte	0
 1082 0433 09       		.uleb128 0x9
 1083 0434 AC010000 		.4byte	.LVL63
 1084 0438 75050000 		.4byte	0x575
 1085 043c 47040000 		.4byte	0x447
 1086 0440 0A       		.uleb128 0xa
 1087 0441 01       		.uleb128 0x1
 1088 0442 50       		.byte	0x50
 1089 0443 02       		.uleb128 0x2
 1090 0444 08       		.byte	0x8
 1091 0445 36       		.byte	0x36
 1092 0446 00       		.byte	0
 1093 0447 09       		.uleb128 0x9
 1094 0448 B8010000 		.4byte	.LVL66
 1095 044c 75050000 		.4byte	0x575
 1096 0450 5B040000 		.4byte	0x45b
 1097 0454 0A       		.uleb128 0xa
 1098 0455 01       		.uleb128 0x1
 1099 0456 50       		.byte	0x50
 1100 0457 02       		.uleb128 0x2
 1101 0458 08       		.byte	0x8
 1102 0459 37       		.byte	0x37
 1103 045a 00       		.byte	0
 1104 045b 09       		.uleb128 0x9
 1105 045c C4010000 		.4byte	.LVL69
 1106 0460 75050000 		.4byte	0x575
 1107 0464 6F040000 		.4byte	0x46f
 1108 0468 0A       		.uleb128 0xa
 1109 0469 01       		.uleb128 0x1
 1110 046a 50       		.byte	0x50
 1111 046b 02       		.uleb128 0x2
 1112 046c 08       		.byte	0x8
 1113 046d 38       		.byte	0x38
 1114 046e 00       		.byte	0
 1115 046f 09       		.uleb128 0x9
 1116 0470 D0010000 		.4byte	.LVL72
 1117 0474 75050000 		.4byte	0x575
 1118 0478 83040000 		.4byte	0x483
 1119 047c 0A       		.uleb128 0xa
 1120 047d 01       		.uleb128 0x1
 1121 047e 50       		.byte	0x50
 1122 047f 02       		.uleb128 0x2
 1123 0480 08       		.byte	0x8
 1124 0481 39       		.byte	0x39
 1125 0482 00       		.byte	0
 1126 0483 09       		.uleb128 0x9
 1127 0484 DC010000 		.4byte	.LVL75
 1128 0488 75050000 		.4byte	0x575
 1129 048c 97040000 		.4byte	0x497
ARM GAS  C:\Users\UpBc\AppData\Local\Temp\cciUYCR8.s 			page 26


 1130 0490 0A       		.uleb128 0xa
 1131 0491 01       		.uleb128 0x1
 1132 0492 50       		.byte	0x50
 1133 0493 02       		.uleb128 0x2
 1134 0494 08       		.byte	0x8
 1135 0495 41       		.byte	0x41
 1136 0496 00       		.byte	0
 1137 0497 09       		.uleb128 0x9
 1138 0498 E8010000 		.4byte	.LVL78
 1139 049c 75050000 		.4byte	0x575
 1140 04a0 AB040000 		.4byte	0x4ab
 1141 04a4 0A       		.uleb128 0xa
 1142 04a5 01       		.uleb128 0x1
 1143 04a6 50       		.byte	0x50
 1144 04a7 02       		.uleb128 0x2
 1145 04a8 08       		.byte	0x8
 1146 04a9 42       		.byte	0x42
 1147 04aa 00       		.byte	0
 1148 04ab 09       		.uleb128 0x9
 1149 04ac F4010000 		.4byte	.LVL81
 1150 04b0 75050000 		.4byte	0x575
 1151 04b4 BF040000 		.4byte	0x4bf
 1152 04b8 0A       		.uleb128 0xa
 1153 04b9 01       		.uleb128 0x1
 1154 04ba 50       		.byte	0x50
 1155 04bb 02       		.uleb128 0x2
 1156 04bc 08       		.byte	0x8
 1157 04bd 43       		.byte	0x43
 1158 04be 00       		.byte	0
 1159 04bf 09       		.uleb128 0x9
 1160 04c0 00020000 		.4byte	.LVL84
 1161 04c4 75050000 		.4byte	0x575
 1162 04c8 D3040000 		.4byte	0x4d3
 1163 04cc 0A       		.uleb128 0xa
 1164 04cd 01       		.uleb128 0x1
 1165 04ce 50       		.byte	0x50
 1166 04cf 02       		.uleb128 0x2
 1167 04d0 08       		.byte	0x8
 1168 04d1 44       		.byte	0x44
 1169 04d2 00       		.byte	0
 1170 04d3 09       		.uleb128 0x9
 1171 04d4 0C020000 		.4byte	.LVL87
 1172 04d8 75050000 		.4byte	0x575
 1173 04dc E7040000 		.4byte	0x4e7
 1174 04e0 0A       		.uleb128 0xa
 1175 04e1 01       		.uleb128 0x1
 1176 04e2 50       		.byte	0x50
 1177 04e3 02       		.uleb128 0x2
 1178 04e4 08       		.byte	0x8
 1179 04e5 45       		.byte	0x45
 1180 04e6 00       		.byte	0
 1181 04e7 09       		.uleb128 0x9
 1182 04e8 18020000 		.4byte	.LVL90
 1183 04ec 75050000 		.4byte	0x575
 1184 04f0 FB040000 		.4byte	0x4fb
 1185 04f4 0A       		.uleb128 0xa
 1186 04f5 01       		.uleb128 0x1
ARM GAS  C:\Users\UpBc\AppData\Local\Temp\cciUYCR8.s 			page 27


 1187 04f6 50       		.byte	0x50
 1188 04f7 02       		.uleb128 0x2
 1189 04f8 08       		.byte	0x8
 1190 04f9 46       		.byte	0x46
 1191 04fa 00       		.byte	0
 1192 04fb 0B       		.uleb128 0xb
 1193 04fc 20020000 		.4byte	.LVL93
 1194 0500 80050000 		.4byte	0x580
 1195 0504 0A       		.uleb128 0xa
 1196 0505 01       		.uleb128 0x1
 1197 0506 50       		.byte	0x50
 1198 0507 02       		.uleb128 0x2
 1199 0508 08       		.byte	0x8
 1200 0509 C8       		.byte	0xc8
 1201 050a 00       		.byte	0
 1202 050b 00       		.byte	0
 1203 050c 0C       		.uleb128 0xc
 1204 050d 2C010000 		.4byte	.LASF34
 1205 0511 09       		.byte	0x9
 1206 0512 1207     		.2byte	0x712
 1207 0514 18050000 		.4byte	0x518
 1208 0518 0D       		.uleb128 0xd
 1209 0519 76000000 		.4byte	0x76
 1210 051d 0E       		.uleb128 0xe
 1211 051e 21010000 		.4byte	.LASF20
 1212 0522 21010000 		.4byte	.LASF20
 1213 0526 04       		.byte	0x4
 1214 0527 54       		.byte	0x54
 1215 0528 0E       		.uleb128 0xe
 1216 0529 42000000 		.4byte	.LASF21
 1217 052d 42000000 		.4byte	.LASF21
 1218 0531 04       		.byte	0x4
 1219 0532 75       		.byte	0x75
 1220 0533 0E       		.uleb128 0xe
 1221 0534 16000000 		.4byte	.LASF22
 1222 0538 16000000 		.4byte	.LASF22
 1223 053c 04       		.byte	0x4
 1224 053d 70       		.byte	0x70
 1225 053e 0E       		.uleb128 0xe
 1226 053f 28000000 		.4byte	.LASF23
 1227 0543 28000000 		.4byte	.LASF23
 1228 0547 04       		.byte	0x4
 1229 0548 6F       		.byte	0x6f
 1230 0549 0E       		.uleb128 0xe
 1231 054a 0C000000 		.4byte	.LASF24
 1232 054e 0C000000 		.4byte	.LASF24
 1233 0552 05       		.byte	0x5
 1234 0553 26       		.byte	0x26
 1235 0554 0E       		.uleb128 0xe
 1236 0555 00000000 		.4byte	.LASF25
 1237 0559 00000000 		.4byte	.LASF25
 1238 055d 06       		.byte	0x6
 1239 055e 29       		.byte	0x29
 1240 055f 0E       		.uleb128 0xe
 1241 0560 75010000 		.4byte	.LASF26
 1242 0564 75010000 		.4byte	.LASF26
 1243 0568 07       		.byte	0x7
ARM GAS  C:\Users\UpBc\AppData\Local\Temp\cciUYCR8.s 			page 28


 1244 0569 26       		.byte	0x26
 1245 056a 0E       		.uleb128 0xe
 1246 056b 29020000 		.4byte	.LASF27
 1247 056f 29020000 		.4byte	.LASF27
 1248 0573 04       		.byte	0x4
 1249 0574 8B       		.byte	0x8b
 1250 0575 0E       		.uleb128 0xe
 1251 0576 8B010000 		.4byte	.LASF28
 1252 057a 8B010000 		.4byte	.LASF28
 1253 057e 04       		.byte	0x4
 1254 057f 8A       		.byte	0x8a
 1255 0580 0E       		.uleb128 0xe
 1256 0581 3F020000 		.4byte	.LASF29
 1257 0585 3F020000 		.4byte	.LASF29
 1258 0589 08       		.byte	0x8
 1259 058a 76       		.byte	0x76
 1260 058b 00       		.byte	0
 1261              		.section	.debug_abbrev,"",%progbits
 1262              	.Ldebug_abbrev0:
 1263 0000 01       		.uleb128 0x1
 1264 0001 11       		.uleb128 0x11
 1265 0002 01       		.byte	0x1
 1266 0003 25       		.uleb128 0x25
 1267 0004 0E       		.uleb128 0xe
 1268 0005 13       		.uleb128 0x13
 1269 0006 0B       		.uleb128 0xb
 1270 0007 03       		.uleb128 0x3
 1271 0008 0E       		.uleb128 0xe
 1272 0009 1B       		.uleb128 0x1b
 1273 000a 0E       		.uleb128 0xe
 1274 000b 55       		.uleb128 0x55
 1275 000c 17       		.uleb128 0x17
 1276 000d 11       		.uleb128 0x11
 1277 000e 01       		.uleb128 0x1
 1278 000f 10       		.uleb128 0x10
 1279 0010 17       		.uleb128 0x17
 1280 0011 00       		.byte	0
 1281 0012 00       		.byte	0
 1282 0013 02       		.uleb128 0x2
 1283 0014 24       		.uleb128 0x24
 1284 0015 00       		.byte	0
 1285 0016 0B       		.uleb128 0xb
 1286 0017 0B       		.uleb128 0xb
 1287 0018 3E       		.uleb128 0x3e
 1288 0019 0B       		.uleb128 0xb
 1289 001a 03       		.uleb128 0x3
 1290 001b 0E       		.uleb128 0xe
 1291 001c 00       		.byte	0
 1292 001d 00       		.byte	0
 1293 001e 03       		.uleb128 0x3
 1294 001f 16       		.uleb128 0x16
 1295 0020 00       		.byte	0
 1296 0021 03       		.uleb128 0x3
 1297 0022 0E       		.uleb128 0xe
 1298 0023 3A       		.uleb128 0x3a
 1299 0024 0B       		.uleb128 0xb
 1300 0025 3B       		.uleb128 0x3b
ARM GAS  C:\Users\UpBc\AppData\Local\Temp\cciUYCR8.s 			page 29


 1301 0026 0B       		.uleb128 0xb
 1302 0027 49       		.uleb128 0x49
 1303 0028 13       		.uleb128 0x13
 1304 0029 00       		.byte	0
 1305 002a 00       		.byte	0
 1306 002b 04       		.uleb128 0x4
 1307 002c 24       		.uleb128 0x24
 1308 002d 00       		.byte	0
 1309 002e 0B       		.uleb128 0xb
 1310 002f 0B       		.uleb128 0xb
 1311 0030 3E       		.uleb128 0x3e
 1312 0031 0B       		.uleb128 0xb
 1313 0032 03       		.uleb128 0x3
 1314 0033 08       		.uleb128 0x8
 1315 0034 00       		.byte	0
 1316 0035 00       		.byte	0
 1317 0036 05       		.uleb128 0x5
 1318 0037 2E       		.uleb128 0x2e
 1319 0038 01       		.byte	0x1
 1320 0039 3F       		.uleb128 0x3f
 1321 003a 19       		.uleb128 0x19
 1322 003b 03       		.uleb128 0x3
 1323 003c 0E       		.uleb128 0xe
 1324 003d 3A       		.uleb128 0x3a
 1325 003e 0B       		.uleb128 0xb
 1326 003f 3B       		.uleb128 0x3b
 1327 0040 0B       		.uleb128 0xb
 1328 0041 27       		.uleb128 0x27
 1329 0042 19       		.uleb128 0x19
 1330 0043 49       		.uleb128 0x49
 1331 0044 13       		.uleb128 0x13
 1332 0045 8701     		.uleb128 0x87
 1333 0047 19       		.uleb128 0x19
 1334 0048 11       		.uleb128 0x11
 1335 0049 01       		.uleb128 0x1
 1336 004a 12       		.uleb128 0x12
 1337 004b 06       		.uleb128 0x6
 1338 004c 40       		.uleb128 0x40
 1339 004d 18       		.uleb128 0x18
 1340 004e 9742     		.uleb128 0x2117
 1341 0050 19       		.uleb128 0x19
 1342 0051 01       		.uleb128 0x1
 1343 0052 13       		.uleb128 0x13
 1344 0053 00       		.byte	0
 1345 0054 00       		.byte	0
 1346 0055 06       		.uleb128 0x6
 1347 0056 34       		.uleb128 0x34
 1348 0057 00       		.byte	0
 1349 0058 03       		.uleb128 0x3
 1350 0059 0E       		.uleb128 0xe
 1351 005a 3A       		.uleb128 0x3a
 1352 005b 0B       		.uleb128 0xb
 1353 005c 3B       		.uleb128 0x3b
 1354 005d 0B       		.uleb128 0xb
 1355 005e 49       		.uleb128 0x49
 1356 005f 13       		.uleb128 0x13
 1357 0060 02       		.uleb128 0x2
ARM GAS  C:\Users\UpBc\AppData\Local\Temp\cciUYCR8.s 			page 30


 1358 0061 17       		.uleb128 0x17
 1359 0062 00       		.byte	0
 1360 0063 00       		.byte	0
 1361 0064 07       		.uleb128 0x7
 1362 0065 0A       		.uleb128 0xa
 1363 0066 00       		.byte	0
 1364 0067 03       		.uleb128 0x3
 1365 0068 0E       		.uleb128 0xe
 1366 0069 3A       		.uleb128 0x3a
 1367 006a 0B       		.uleb128 0xb
 1368 006b 3B       		.uleb128 0x3b
 1369 006c 0B       		.uleb128 0xb
 1370 006d 11       		.uleb128 0x11
 1371 006e 01       		.uleb128 0x1
 1372 006f 00       		.byte	0
 1373 0070 00       		.byte	0
 1374 0071 08       		.uleb128 0x8
 1375 0072 898201   		.uleb128 0x4109
 1376 0075 00       		.byte	0
 1377 0076 11       		.uleb128 0x11
 1378 0077 01       		.uleb128 0x1
 1379 0078 31       		.uleb128 0x31
 1380 0079 13       		.uleb128 0x13
 1381 007a 00       		.byte	0
 1382 007b 00       		.byte	0
 1383 007c 09       		.uleb128 0x9
 1384 007d 898201   		.uleb128 0x4109
 1385 0080 01       		.byte	0x1
 1386 0081 11       		.uleb128 0x11
 1387 0082 01       		.uleb128 0x1
 1388 0083 31       		.uleb128 0x31
 1389 0084 13       		.uleb128 0x13
 1390 0085 01       		.uleb128 0x1
 1391 0086 13       		.uleb128 0x13
 1392 0087 00       		.byte	0
 1393 0088 00       		.byte	0
 1394 0089 0A       		.uleb128 0xa
 1395 008a 8A8201   		.uleb128 0x410a
 1396 008d 00       		.byte	0
 1397 008e 02       		.uleb128 0x2
 1398 008f 18       		.uleb128 0x18
 1399 0090 9142     		.uleb128 0x2111
 1400 0092 18       		.uleb128 0x18
 1401 0093 00       		.byte	0
 1402 0094 00       		.byte	0
 1403 0095 0B       		.uleb128 0xb
 1404 0096 898201   		.uleb128 0x4109
 1405 0099 01       		.byte	0x1
 1406 009a 11       		.uleb128 0x11
 1407 009b 01       		.uleb128 0x1
 1408 009c 31       		.uleb128 0x31
 1409 009d 13       		.uleb128 0x13
 1410 009e 00       		.byte	0
 1411 009f 00       		.byte	0
 1412 00a0 0C       		.uleb128 0xc
 1413 00a1 34       		.uleb128 0x34
 1414 00a2 00       		.byte	0
ARM GAS  C:\Users\UpBc\AppData\Local\Temp\cciUYCR8.s 			page 31


 1415 00a3 03       		.uleb128 0x3
 1416 00a4 0E       		.uleb128 0xe
 1417 00a5 3A       		.uleb128 0x3a
 1418 00a6 0B       		.uleb128 0xb
 1419 00a7 3B       		.uleb128 0x3b
 1420 00a8 05       		.uleb128 0x5
 1421 00a9 49       		.uleb128 0x49
 1422 00aa 13       		.uleb128 0x13
 1423 00ab 3F       		.uleb128 0x3f
 1424 00ac 19       		.uleb128 0x19
 1425 00ad 3C       		.uleb128 0x3c
 1426 00ae 19       		.uleb128 0x19
 1427 00af 00       		.byte	0
 1428 00b0 00       		.byte	0
 1429 00b1 0D       		.uleb128 0xd
 1430 00b2 35       		.uleb128 0x35
 1431 00b3 00       		.byte	0
 1432 00b4 49       		.uleb128 0x49
 1433 00b5 13       		.uleb128 0x13
 1434 00b6 00       		.byte	0
 1435 00b7 00       		.byte	0
 1436 00b8 0E       		.uleb128 0xe
 1437 00b9 2E       		.uleb128 0x2e
 1438 00ba 00       		.byte	0
 1439 00bb 3F       		.uleb128 0x3f
 1440 00bc 19       		.uleb128 0x19
 1441 00bd 3C       		.uleb128 0x3c
 1442 00be 19       		.uleb128 0x19
 1443 00bf 6E       		.uleb128 0x6e
 1444 00c0 0E       		.uleb128 0xe
 1445 00c1 03       		.uleb128 0x3
 1446 00c2 0E       		.uleb128 0xe
 1447 00c3 3A       		.uleb128 0x3a
 1448 00c4 0B       		.uleb128 0xb
 1449 00c5 3B       		.uleb128 0x3b
 1450 00c6 0B       		.uleb128 0xb
 1451 00c7 00       		.byte	0
 1452 00c8 00       		.byte	0
 1453 00c9 00       		.byte	0
 1454              		.section	.debug_loc,"",%progbits
 1455              	.Ldebug_loc0:
 1456              	.LLST0:
 1457 0000 08000000 		.4byte	.LVL0
 1458 0004 0A000000 		.4byte	.LVL1
 1459 0008 0200     		.2byte	0x2
 1460 000a 30       		.byte	0x30
 1461 000b 9F       		.byte	0x9f
 1462 000c 28000000 		.4byte	.LVL7
 1463 0010 30000000 		.4byte	.LVL8
 1464 0014 0100     		.2byte	0x1
 1465 0016 50       		.byte	0x50
 1466 0017 5E010000 		.4byte	.LVL43
 1467 001b 60010000 		.4byte	.LVL44
 1468 001f 0100     		.2byte	0x1
 1469 0021 50       		.byte	0x50
 1470 0022 66010000 		.4byte	.LVL46
 1471 0026 6C010000 		.4byte	.LVL47
ARM GAS  C:\Users\UpBc\AppData\Local\Temp\cciUYCR8.s 			page 32


 1472 002a 0100     		.2byte	0x1
 1473 002c 50       		.byte	0x50
 1474 002d 72010000 		.4byte	.LVL49
 1475 0031 78010000 		.4byte	.LVL50
 1476 0035 0100     		.2byte	0x1
 1477 0037 50       		.byte	0x50
 1478 0038 7E010000 		.4byte	.LVL52
 1479 003c 84010000 		.4byte	.LVL53
 1480 0040 0100     		.2byte	0x1
 1481 0042 50       		.byte	0x50
 1482 0043 8A010000 		.4byte	.LVL55
 1483 0047 90010000 		.4byte	.LVL56
 1484 004b 0100     		.2byte	0x1
 1485 004d 50       		.byte	0x50
 1486 004e 96010000 		.4byte	.LVL58
 1487 0052 9C010000 		.4byte	.LVL59
 1488 0056 0100     		.2byte	0x1
 1489 0058 50       		.byte	0x50
 1490 0059 A2010000 		.4byte	.LVL61
 1491 005d A8010000 		.4byte	.LVL62
 1492 0061 0100     		.2byte	0x1
 1493 0063 50       		.byte	0x50
 1494 0064 AE010000 		.4byte	.LVL64
 1495 0068 B4010000 		.4byte	.LVL65
 1496 006c 0100     		.2byte	0x1
 1497 006e 50       		.byte	0x50
 1498 006f BA010000 		.4byte	.LVL67
 1499 0073 C0010000 		.4byte	.LVL68
 1500 0077 0100     		.2byte	0x1
 1501 0079 50       		.byte	0x50
 1502 007a C6010000 		.4byte	.LVL70
 1503 007e CC010000 		.4byte	.LVL71
 1504 0082 0100     		.2byte	0x1
 1505 0084 50       		.byte	0x50
 1506 0085 D2010000 		.4byte	.LVL73
 1507 0089 D8010000 		.4byte	.LVL74
 1508 008d 0100     		.2byte	0x1
 1509 008f 50       		.byte	0x50
 1510 0090 DE010000 		.4byte	.LVL76
 1511 0094 E4010000 		.4byte	.LVL77
 1512 0098 0100     		.2byte	0x1
 1513 009a 50       		.byte	0x50
 1514 009b EA010000 		.4byte	.LVL79
 1515 009f F0010000 		.4byte	.LVL80
 1516 00a3 0100     		.2byte	0x1
 1517 00a5 50       		.byte	0x50
 1518 00a6 F6010000 		.4byte	.LVL82
 1519 00aa FC010000 		.4byte	.LVL83
 1520 00ae 0100     		.2byte	0x1
 1521 00b0 50       		.byte	0x50
 1522 00b1 02020000 		.4byte	.LVL85
 1523 00b5 08020000 		.4byte	.LVL86
 1524 00b9 0100     		.2byte	0x1
 1525 00bb 50       		.byte	0x50
 1526 00bc 0E020000 		.4byte	.LVL88
 1527 00c0 14020000 		.4byte	.LVL89
 1528 00c4 0100     		.2byte	0x1
ARM GAS  C:\Users\UpBc\AppData\Local\Temp\cciUYCR8.s 			page 33


 1529 00c6 50       		.byte	0x50
 1530 00c7 1A020000 		.4byte	.LVL91
 1531 00cb 1C020000 		.4byte	.LVL92
 1532 00cf 0100     		.2byte	0x1
 1533 00d1 50       		.byte	0x50
 1534 00d2 00000000 		.4byte	0
 1535 00d6 00000000 		.4byte	0
 1536              	.LLST1:
 1537 00da 08000000 		.4byte	.LVL0
 1538 00de 0A000000 		.4byte	.LVL1
 1539 00e2 0200     		.2byte	0x2
 1540 00e4 30       		.byte	0x30
 1541 00e5 9F       		.byte	0x9f
 1542 00e6 0A000000 		.4byte	.LVL1
 1543 00ea 28020000 		.4byte	.LFE63
 1544 00ee 0100     		.2byte	0x1
 1545 00f0 54       		.byte	0x54
 1546 00f1 00000000 		.4byte	0
 1547 00f5 00000000 		.4byte	0
 1548              		.section	.debug_aranges,"",%progbits
 1549 0000 1C000000 		.4byte	0x1c
 1550 0004 0200     		.2byte	0x2
 1551 0006 00000000 		.4byte	.Ldebug_info0
 1552 000a 04       		.byte	0x4
 1553 000b 00       		.byte	0
 1554 000c 0000     		.2byte	0
 1555 000e 0000     		.2byte	0
 1556 0010 00000000 		.4byte	.LFB63
 1557 0014 28020000 		.4byte	.LFE63-.LFB63
 1558 0018 00000000 		.4byte	0
 1559 001c 00000000 		.4byte	0
 1560              		.section	.debug_ranges,"",%progbits
 1561              	.Ldebug_ranges0:
 1562 0000 00000000 		.4byte	.LFB63
 1563 0004 28020000 		.4byte	.LFE63
 1564 0008 00000000 		.4byte	0
 1565 000c 00000000 		.4byte	0
 1566              		.section	.debug_line,"",%progbits
 1567              	.Ldebug_line0:
 1568 0000 E7010000 		.section	.debug_str,"MS",%progbits,1
 1568      02004E01 
 1568      00000201 
 1568      FB0E0D00 
 1568      01010101 
 1569              	.LASF25:
 1570 0000 44496E70 		.ascii	"DInput_Read\000"
 1570      75745F52 
 1570      65616400 
 1571              	.LASF24:
 1572 000c 61636B5F 		.ascii	"ack_Write\000"
 1572      57726974 
 1572      6500
 1573              	.LASF22:
 1574 0016 55415254 		.ascii	"UART_ReadRxStatus\000"
 1574      5F526561 
 1574      64527853 
 1574      74617475 
ARM GAS  C:\Users\UpBc\AppData\Local\Temp\cciUYCR8.s 			page 34


 1574      7300
 1575              	.LASF23:
 1576 0028 55415254 		.ascii	"UART_ReadRxData\000"
 1576      5F526561 
 1576      64527844 
 1576      61746100 
 1577              	.LASF9:
 1578 0038 5F5F696E 		.ascii	"__int32_t\000"
 1578      7433325F 
 1578      7400
 1579              	.LASF21:
 1580 0042 55415254 		.ascii	"UART_ClearRxBuffer\000"
 1580      5F436C65 
 1580      61725278 
 1580      42756666 
 1580      657200
 1581              	.LASF11:
 1582 0055 666C6F61 		.ascii	"float\000"
 1582      7400
 1583              	.LASF17:
 1584 005b 64617461 		.ascii	"data\000"
 1584      00
 1585              	.LASF1:
 1586 0060 756E7369 		.ascii	"unsigned char\000"
 1586      676E6564 
 1586      20636861 
 1586      7200
 1587              	.LASF30:
 1588 006e 474E5520 		.ascii	"GNU C11 5.4.1 20160609 (release) [ARM/embedded-5-br"
 1588      43313120 
 1588      352E342E 
 1588      31203230 
 1588      31363036 
 1589 00a1 616E6368 		.ascii	"anch revision 237715] -mcpu=cortex-m3 -mthumb -g -O"
 1589      20726576 
 1589      6973696F 
 1589      6E203233 
 1589      37373135 
 1590 00d4 67202D66 		.ascii	"g -ffunction-sections -ffat-lto-objects\000"
 1590      66756E63 
 1590      74696F6E 
 1590      2D736563 
 1590      74696F6E 
 1591              	.LASF5:
 1592 00fc 6C6F6E67 		.ascii	"long unsigned int\000"
 1592      20756E73 
 1592      69676E65 
 1592      6420696E 
 1592      7400
 1593              	.LASF3:
 1594 010e 73686F72 		.ascii	"short unsigned int\000"
 1594      7420756E 
 1594      7369676E 
 1594      65642069 
 1594      6E7400
 1595              	.LASF20:
 1596 0121 55415254 		.ascii	"UART_Start\000"
ARM GAS  C:\Users\UpBc\AppData\Local\Temp\cciUYCR8.s 			page 35


 1596      5F537461 
 1596      727400
 1597              	.LASF34:
 1598 012c 49544D5F 		.ascii	"ITM_RxBuffer\000"
 1598      52784275 
 1598      66666572 
 1598      00
 1599              	.LASF12:
 1600 0139 646F7562 		.ascii	"double\000"
 1600      6C6500
 1601              	.LASF33:
 1602 0140 6D61696E 		.ascii	"main\000"
 1602      00
 1603              	.LASF19:
 1604 0145 72656164 		.ascii	"read\000"
 1604      00
 1605              	.LASF8:
 1606 014a 756E7369 		.ascii	"unsigned int\000"
 1606      676E6564 
 1606      20696E74 
 1606      00
 1607              	.LASF16:
 1608 0157 696E7075 		.ascii	"inputs\000"
 1608      747300
 1609              	.LASF7:
 1610 015e 6C6F6E67 		.ascii	"long long unsigned int\000"
 1610      206C6F6E 
 1610      6720756E 
 1610      7369676E 
 1610      65642069 
 1611              	.LASF26:
 1612 0175 444F7574 		.ascii	"DOutput_Write\000"
 1612      7075745F 
 1612      57726974 
 1612      6500
 1613              	.LASF10:
 1614 0183 696E7433 		.ascii	"int32_t\000"
 1614      325F7400 
 1615              	.LASF28:
 1616 018b 55415254 		.ascii	"UART_PutChar\000"
 1616      5F507574 
 1616      43686172 
 1616      00
 1617              	.LASF15:
 1618 0198 73697A65 		.ascii	"sizetype\000"
 1618      74797065 
 1618      00
 1619              	.LASF6:
 1620 01a1 6C6F6E67 		.ascii	"long long int\000"
 1620      206C6F6E 
 1620      6720696E 
 1620      7400
 1621              	.LASF31:
 1622 01af 6D61696E 		.ascii	"main.c\000"
 1622      2E6300
 1623              	.LASF13:
 1624 01b6 63686172 		.ascii	"char\000"
ARM GAS  C:\Users\UpBc\AppData\Local\Temp\cciUYCR8.s 			page 36


 1624      00
 1625              	.LASF2:
 1626 01bb 73686F72 		.ascii	"short int\000"
 1626      7420696E 
 1626      7400
 1627              	.LASF32:
 1628 01c5 433A5C55 		.ascii	"C:\\Users\\UpBc\\Documents\\PSoC Creator\\DAQ Examp"
 1628      73657273 
 1628      5C557042 
 1628      635C446F 
 1628      63756D65 
 1629 01f3 6C655C44 		.ascii	"le\\Digital I-O.cydsn\000"
 1629      69676974 
 1629      616C2049 
 1629      2D4F2E63 
 1629      7964736E 
 1630              	.LASF4:
 1631 0208 6C6F6E67 		.ascii	"long int\000"
 1631      20696E74 
 1631      00
 1632              	.LASF14:
 1633 0211 6C6F6E67 		.ascii	"long double\000"
 1633      20646F75 
 1633      626C6500 
 1634              	.LASF0:
 1635 021d 7369676E 		.ascii	"signed char\000"
 1635      65642063 
 1635      68617200 
 1636              	.LASF27:
 1637 0229 55415254 		.ascii	"UART_PutString\000"
 1637      5F507574 
 1637      53747269 
 1637      6E6700
 1638              	.LASF18:
 1639 0238 72657265 		.ascii	"reread\000"
 1639      616400
 1640              	.LASF29:
 1641 023f 43794465 		.ascii	"CyDelay\000"
 1641      6C617900 
 1642              		.ident	"GCC: (GNU Tools for ARM Embedded Processors) 5.4.1 20160609 (release) [ARM/embedded-5-bran
