--------------- Build Started: 08/02/2024 14:59:42 Project: D_Solenoid, Configuration: ARM GCC 5.4-2016-q2-update Debug ---------------
cydsfit.exe -.appdatapath "C:\Users\UpBc\AppData\Local\Cypress Semiconductor\PSoC Creator\4.4" -.fdsnotice -.fdswarpdepfile=warp_dependencies.txt -.fdselabdepfile=elab_dependencies.txt -.fdsbldfile=generated_files.txt -.fdsreffile=referenced_files.txt -p "C:\Users\UpBc\Documents\PSoC Creator\Sequence1\D_Solenoid.cydsn\D_Solenoid.cyprj" -d CY8C5888LTI-LP097 -s "C:\Users\UpBc\Documents\PSoC Creator\Sequence1\D_Solenoid.cydsn\Generated_Source\PSoC5" -- -yv2 -q10 -ygs -o2 -v3 -.fftcfgtype=LE
Elaborating Design...
ADD: fit.M0032: warning: Clock Warning: (Clock's accuracy range '1  Hz -50% +100%, (0.5  Hz - 2  Hz)' is not within the specified tolerance range '1  Hz +/- 5%, (0.95  Hz - 1.05  Hz)'.).
 * C:\Users\UpBc\Documents\PSoC Creator\Sequence1\D_Solenoid.cydsn\D_Solenoid.cydwr (Clock)
 * C:\Users\UpBc\Documents\PSoC Creator\Sequence1\D_Solenoid.cydsn\TopDesign\TopDesign.cysch (Instance:Clock)
HDL Generation...
Synthesis...
Tech Mapping...
Analog Placement...
Analog Routing...
Analog Code Generation...
Digital Placement...
Digital Routing...
Bitstream Generation...
Bitstream Verification...
Static timing analysis...
API Generation...
Dependency Generation...
Cleanup...
arm-none-eabi-gcc.exe -mcpu=cortex-m3 -mthumb -I. -IGenerated_Source\PSoC5 -Wa,-alh=.\CortexM3\ARM_GCC_541\Debug/cyfitter_cfg.lst -g -D DEBUG -D CY_CORE_ID=0 -Wall -ffunction-sections -ffat-lto-objects -Og -c Generated_Source\PSoC5\cyfitter_cfg.c -o .\CortexM3\ARM_GCC_541\Debug\cyfitter_cfg.o
arm-none-eabi-gcc.exe -mcpu=cortex-m3 -mthumb -I. -IGenerated_Source\PSoC5 -Wa,-alh=.\CortexM3\ARM_GCC_541\Debug/cymetadata.lst -g -D DEBUG -D CY_CORE_ID=0 -Wall -ffunction-sections -ffat-lto-objects -Og -c Generated_Source\PSoC5\cymetadata.c -o .\CortexM3\ARM_GCC_541\Debug\cymetadata.o
arm-none-eabi-ar.exe -rs .\CortexM3\ARM_GCC_541\Debug\D_Solenoid.a .\CortexM3\ARM_GCC_541\Debug\c_out.o .\CortexM3\ARM_GCC_541\Debug\CyDmac.o .\CortexM3\ARM_GCC_541\Debug\CyFlash.o .\CortexM3\ARM_GCC_541\Debug\CyLib.o .\CortexM3\ARM_GCC_541\Debug\cyPm.o .\CortexM3\ARM_GCC_541\Debug\CySpc.o .\CortexM3\ARM_GCC_541\Debug\cyutils.o .\CortexM3\ARM_GCC_541\Debug\cy_em_eeprom.o .\CortexM3\ARM_GCC_541\Debug\Clock.o .\CortexM3\ARM_GCC_541\Debug\start.o .\CortexM3\ARM_GCC_541\Debug\Rest_Sensor.o .\CortexM3\ARM_GCC_541\Debug\Work_Sensor.o .\CortexM3\ARM_GCC_541\Debug\Work_Pos.o .\CortexM3\ARM_GCC_541\Debug\Rest_Pos.o .\CortexM3\ARM_GCC_541\Debug\count_en.o .\CortexM3\ARM_GCC_541\Debug\CyBootAsmGnu.o
arm-none-eabi-ar.exe: creating .\CortexM3\ARM_GCC_541\Debug\D_Solenoid.a
arm-none-eabi-gcc.exe -Wl,--start-group -o "C:\Users\UpBc\Documents\PSoC Creator\Sequence1\D_Solenoid.cydsn\CortexM3\ARM_GCC_541\Debug\D_Solenoid.elf" .\CortexM3\ARM_GCC_541\Debug\main.o .\CortexM3\ARM_GCC_541\Debug\cyfitter_cfg.o .\CortexM3\ARM_GCC_541\Debug\cymetadata.o .\CortexM3\ARM_GCC_541\Debug\Cm3Start.o .\CortexM3\ARM_GCC_541\Debug\D_Solenoid.a "D:\Cypress\PSoC Creator\4.4\PSoC Creator\psoc\content\cycomponentlibrary\CyComponentLibrary.cylib\CortexM3\ARM_GCC_541\Debug\CyComponentLibrary.a" -mcpu=cortex-m3 -mthumb -L Generated_Source\PSoC5 -Wl,-Map,.\CortexM3\ARM_GCC_541\Debug/D_Solenoid.map -T Generated_Source\PSoC5\cm3gcc.ld -specs=nano.specs -Wl,--gc-sections -g -ffunction-sections -Og -ffat-lto-objects -Wl,--end-group
cyelftool.exe -C "C:\Users\UpBc\Documents\PSoC Creator\Sequence1\D_Solenoid.cydsn\CortexM3\ARM_GCC_541\Debug\D_Solenoid.elf" --flash_row_size 256 --flash_size 262144 --flash_offset 0x00000000
No ELF section .cychecksum found, creating one
Application checksum calculated and stored in ELF section .cychecksum
Checksum calculated and stored in ELF section .cymeta
cyelftool.exe -S "C:\Users\UpBc\Documents\PSoC Creator\Sequence1\D_Solenoid.cydsn\CortexM3\ARM_GCC_541\Debug\D_Solenoid.elf"
Flash used: 1246 of 262144 bytes (0.5%).
SRAM used: 2505 of 65536 bytes (3.8%). Stack: 2048 bytes. Heap: 128 bytes.
--------------- Build Succeeded: 08/02/2024 14:59:52 ---------------
