ARM GAS  C:\Users\UpBc\AppData\Local\Temp\ccyoMPmk.s 			page 1


   1              		.syntax unified
   2              		.cpu cortex-m3
   3              		.fpu softvfp
   4              		.eabi_attribute 20, 1
   5              		.eabi_attribute 21, 1
   6              		.eabi_attribute 23, 3
   7              		.eabi_attribute 24, 1
   8              		.eabi_attribute 25, 1
   9              		.eabi_attribute 26, 1
  10              		.eabi_attribute 30, 1
  11              		.eabi_attribute 34, 1
  12              		.eabi_attribute 18, 4
  13              		.thumb
  14              		.syntax unified
  15              		.file	"main.c"
  16              		.text
  17              	.Ltext0:
  18              		.cfi_sections	.debug_frame
  19              		.section	.text.main,"ax",%progbits
  20              		.align	2
  21              		.global	main
  22              		.thumb
  23              		.thumb_func
  24              		.type	main, %function
  25              	main:
  26              	.LFB64:
  27              		.file 1 "main.c"
   1:main.c        **** /* ========================================
   2:main.c        ****  *
   3:main.c        ****  * Copyright YOUR COMPANY, THE YEAR
   4:main.c        ****  * All Rights Reserved
   5:main.c        ****  * UNPUBLISHED, LICENSED SOFTWARE.
   6:main.c        ****  *
   7:main.c        ****  * CONFIDENTIAL AND PROPRIETARY INFORMATION
   8:main.c        ****  * WHICH IS THE PROPERTY OF your company.
   9:main.c        ****  *
  10:main.c        ****  * ========================================
  11:main.c        **** */
  12:main.c        **** #include "project.h"
  13:main.c        **** #include "stdio.h"
  14:main.c        **** 
  15:main.c        **** int main(void)
  16:main.c        **** {
  28              		.loc 1 16 0
  29              		.cfi_startproc
  30              		@ args = 0, pretend = 0, frame = 8
  31              		@ frame_needed = 0, uses_anonymous_args = 0
  32 0000 10B5     		push	{r4, lr}
  33              		.cfi_def_cfa_offset 8
  34              		.cfi_offset 4, -8
  35              		.cfi_offset 14, -4
  36 0002 82B0     		sub	sp, sp, #8
  37              		.cfi_def_cfa_offset 16
  17:main.c        ****     CyGlobalIntEnable; /* Enable global interrupts. */
  38              		.loc 1 17 0
  39              		.syntax unified
  40              	@ 17 "main.c" 1
ARM GAS  C:\Users\UpBc\AppData\Local\Temp\ccyoMPmk.s 			page 2


  41 0004 62B6     		CPSIE   i
  42              	@ 0 "" 2
  18:main.c        **** 
  19:main.c        ****     UART_Start();
  43              		.loc 1 19 0
  44              		.thumb
  45              		.syntax unified
  46 0006 FFF7FEFF 		bl	UART_Start
  47              	.LVL0:
  20:main.c        ****     ADC_Start();
  48              		.loc 1 20 0
  49 000a FFF7FEFF 		bl	ADC_Start
  50              	.LVL1:
  21:main.c        ****     int tx_data = 0;
  22:main.c        ****     int rx_data = 0;
  51              		.loc 1 22 0
  52 000e 0024     		movs	r4, #0
  53              	.LVL2:
  54              	.L2:
  23:main.c        ****     int result = 0;
  24:main.c        ****     char string[8];
  25:main.c        ****     
  26:main.c        **** 
  27:main.c        ****     while (1)
  28:main.c        ****     {
  29:main.c        ****  read:           
  30:main.c        ****      ADC_StartConvert();
  55              		.loc 1 30 0
  56 0010 FFF7FEFF 		bl	ADC_StartConvert
  57              	.LVL3:
  31:main.c        ****      ADC_IsEndConversion( ADC_WAIT_FOR_RESULT );
  58              		.loc 1 31 0
  59 0014 0020     		movs	r0, #0
  60 0016 FFF7FEFF 		bl	ADC_IsEndConversion
  61              	.LVL4:
  32:main.c        ****      tx_data=ADC_GetResult16();
  62              		.loc 1 32 0
  63 001a FFF7FEFF 		bl	ADC_GetResult16
  64              	.LVL5:
  33:main.c        ****      result=ADC_CountsTo_mVolts( tx_data );
  65              		.loc 1 33 0
  66 001e FFF7FEFF 		bl	ADC_CountsTo_mVolts
  67              	.LVL6:
  34:main.c        ****      sprintf(string, "%d", result);
  68              		.loc 1 34 0
  69 0022 0246     		mov	r2, r0
  70 0024 1649     		ldr	r1, .L8
  71 0026 6846     		mov	r0, sp
  72              	.LVL7:
  73 0028 FFF7FEFF 		bl	sprintf
  74              	.LVL8:
  35:main.c        ****      UART_PutChar('a');
  75              		.loc 1 35 0
  76 002c 6120     		movs	r0, #97
  77 002e FFF7FEFF 		bl	UART_PutChar
  78              	.LVL9:
  36:main.c        ****      UART_PutString( string );
ARM GAS  C:\Users\UpBc\AppData\Local\Temp\ccyoMPmk.s 			page 3


  79              		.loc 1 36 0
  80 0032 6846     		mov	r0, sp
  81 0034 FFF7FEFF 		bl	UART_PutString
  82              	.LVL10:
  37:main.c        ****      UART_PutCRLF( ' ' );
  83              		.loc 1 37 0
  84 0038 2020     		movs	r0, #32
  85 003a FFF7FEFF 		bl	UART_PutCRLF
  86              	.LVL11:
  38:main.c        ****      CyDelay( 200 ); 
  87              		.loc 1 38 0
  88 003e C820     		movs	r0, #200
  89 0040 FFF7FEFF 		bl	CyDelay
  90              	.LVL12:
  39:main.c        **** 
  40:main.c        ****     UART_ClearRxBuffer();
  91              		.loc 1 40 0
  92 0044 FFF7FEFF 		bl	UART_ClearRxBuffer
  93              	.LVL13:
  41:main.c        ****     if(UART_ReadRxStatus() == 0u)
  94              		.loc 1 41 0
  95 0048 FFF7FEFF 		bl	UART_ReadRxStatus
  96              	.LVL14:
  97 004c 10B9     		cbnz	r0, .L4
  42:main.c        ****         {
  43:main.c        ****            rx_data = UART_ReadRxData();
  98              		.loc 1 43 0
  99 004e FFF7FEFF 		bl	UART_ReadRxData
 100              	.LVL15:
 101 0052 0446     		mov	r4, r0
 102              	.LVL16:
 103              	.L4:
  44:main.c        ****         }
  45:main.c        ****         if(rx_data == 'e')
 104              		.loc 1 45 0
 105 0054 652C     		cmp	r4, #101
 106 0056 06D1     		bne	.L5
  46:main.c        ****         {
  47:main.c        ****             ack_Write( 1u );
 107              		.loc 1 47 0
 108 0058 0120     		movs	r0, #1
 109 005a FFF7FEFF 		bl	ack_Write
 110              	.LVL17:
  48:main.c        ****             no_rx_Write( 1u );
 111              		.loc 1 48 0
 112 005e 0120     		movs	r0, #1
 113 0060 FFF7FEFF 		bl	no_rx_Write
 114              	.LVL18:
  49:main.c        ****             goto read;
 115              		.loc 1 49 0
 116 0064 D4E7     		b	.L2
 117              	.L5:
  50:main.c        ****         }
  51:main.c        ****         if(rx_data == 'n')
 118              		.loc 1 51 0
 119 0066 6E2C     		cmp	r4, #110
 120 0068 06D1     		bne	.L6
ARM GAS  C:\Users\UpBc\AppData\Local\Temp\ccyoMPmk.s 			page 4


  52:main.c        ****         {
  53:main.c        ****             ack_Write( 0u );
 121              		.loc 1 53 0
 122 006a 0020     		movs	r0, #0
 123 006c FFF7FEFF 		bl	ack_Write
 124              	.LVL19:
  54:main.c        ****             no_rx_Write( 1u );
 125              		.loc 1 54 0
 126 0070 0120     		movs	r0, #1
 127 0072 FFF7FEFF 		bl	no_rx_Write
 128              	.LVL20:
  55:main.c        ****             goto read;
 129              		.loc 1 55 0
 130 0076 CBE7     		b	.L2
 131              	.L6:
  56:main.c        ****         }
  57:main.c        ****         else
  58:main.c        ****         {
  59:main.c        ****             no_rx_Write( 0u );
 132              		.loc 1 59 0
 133 0078 0020     		movs	r0, #0
 134 007a FFF7FEFF 		bl	no_rx_Write
 135              	.LVL21:
 136              	.L3:
  60:main.c        ****         }
  61:main.c        ****     
  62:main.c        ****     }
 137              		.loc 1 62 0
 138 007e C7E7     		b	.L2
 139              	.L9:
 140              		.align	2
 141              	.L8:
 142 0080 00000000 		.word	.LC0
 143              		.cfi_endproc
 144              	.LFE64:
 145              		.size	main, .-main
 146              		.section	.rodata.str1.4,"aMS",%progbits,1
 147              		.align	2
 148              	.LC0:
 149 0000 256400   		.ascii	"%d\000"
 150              		.text
 151              	.Letext0:
 152              		.file 2 "d:\\cypress\\psoc creator\\4.4\\psoc creator\\import\\gnu\\arm\\5.4.1\\arm-none-eabi\\inc
 153              		.file 3 "d:\\cypress\\psoc creator\\4.4\\psoc creator\\import\\gnu\\arm\\5.4.1\\arm-none-eabi\\inc
 154              		.file 4 "Generated_Source\\PSoC5/UART.h"
 155              		.file 5 "Generated_Source\\PSoC5/ADC.h"
 156              		.file 6 "d:\\cypress\\psoc creator\\4.4\\psoc creator\\import\\gnu\\arm\\5.4.1\\arm-none-eabi\\inc
 157              		.file 7 "Generated_Source\\PSoC5/CyLib.h"
 158              		.file 8 "Generated_Source\\PSoC5/ack.h"
 159              		.file 9 "Generated_Source\\PSoC5/no_rx.h"
 160              		.file 10 "Generated_Source\\PSoC5/core_cm3.h"
 161              		.section	.debug_info,"",%progbits
 162              	.Ldebug_info0:
 163 0000 F5020000 		.4byte	0x2f5
 164 0004 0400     		.2byte	0x4
 165 0006 00000000 		.4byte	.Ldebug_abbrev0
 166 000a 04       		.byte	0x4
ARM GAS  C:\Users\UpBc\AppData\Local\Temp\ccyoMPmk.s 			page 5


 167 000b 01       		.uleb128 0x1
 168 000c 77000000 		.4byte	.LASF36
 169 0010 0C       		.byte	0xc
 170 0011 0E020000 		.4byte	.LASF37
 171 0015 2D020000 		.4byte	.LASF38
 172 0019 00000000 		.4byte	.Ldebug_ranges0+0
 173 001d 00000000 		.4byte	0
 174 0021 00000000 		.4byte	.Ldebug_line0
 175 0025 02       		.uleb128 0x2
 176 0026 01       		.byte	0x1
 177 0027 06       		.byte	0x6
 178 0028 7C020000 		.4byte	.LASF0
 179 002c 02       		.uleb128 0x2
 180 002d 01       		.byte	0x1
 181 002e 08       		.byte	0x8
 182 002f 69000000 		.4byte	.LASF1
 183 0033 02       		.uleb128 0x2
 184 0034 02       		.byte	0x2
 185 0035 05       		.byte	0x5
 186 0036 1A020000 		.4byte	.LASF2
 187 003a 02       		.uleb128 0x2
 188 003b 02       		.byte	0x2
 189 003c 07       		.byte	0x7
 190 003d 2A010000 		.4byte	.LASF3
 191 0041 03       		.uleb128 0x3
 192 0042 24000000 		.4byte	.LASF9
 193 0046 02       		.byte	0x2
 194 0047 3F       		.byte	0x3f
 195 0048 4C000000 		.4byte	0x4c
 196 004c 02       		.uleb128 0x2
 197 004d 04       		.byte	0x4
 198 004e 05       		.byte	0x5
 199 004f 24020000 		.4byte	.LASF4
 200 0053 02       		.uleb128 0x2
 201 0054 04       		.byte	0x4
 202 0055 07       		.byte	0x7
 203 0056 65010000 		.4byte	.LASF5
 204 005a 02       		.uleb128 0x2
 205 005b 08       		.byte	0x8
 206 005c 05       		.byte	0x5
 207 005d 00020000 		.4byte	.LASF6
 208 0061 02       		.uleb128 0x2
 209 0062 08       		.byte	0x8
 210 0063 07       		.byte	0x7
 211 0064 91010000 		.4byte	.LASF7
 212 0068 04       		.uleb128 0x4
 213 0069 04       		.byte	0x4
 214 006a 05       		.byte	0x5
 215 006b 696E7400 		.ascii	"int\000"
 216 006f 02       		.uleb128 0x2
 217 0070 04       		.byte	0x4
 218 0071 07       		.byte	0x7
 219 0072 84010000 		.4byte	.LASF8
 220 0076 03       		.uleb128 0x3
 221 0077 E2010000 		.4byte	.LASF10
 222 007b 03       		.byte	0x3
 223 007c 2C       		.byte	0x2c
ARM GAS  C:\Users\UpBc\AppData\Local\Temp\ccyoMPmk.s 			page 6


 224 007d 41000000 		.4byte	0x41
 225 0081 02       		.uleb128 0x2
 226 0082 04       		.byte	0x4
 227 0083 04       		.byte	0x4
 228 0084 63000000 		.4byte	.LASF11
 229 0088 02       		.uleb128 0x2
 230 0089 08       		.byte	0x8
 231 008a 04       		.byte	0x4
 232 008b 55000000 		.4byte	.LASF12
 233 008f 02       		.uleb128 0x2
 234 0090 01       		.byte	0x1
 235 0091 08       		.byte	0x8
 236 0092 15020000 		.4byte	.LASF13
 237 0096 02       		.uleb128 0x2
 238 0097 08       		.byte	0x8
 239 0098 04       		.byte	0x4
 240 0099 70020000 		.4byte	.LASF14
 241 009d 02       		.uleb128 0x2
 242 009e 04       		.byte	0x4
 243 009f 07       		.byte	0x7
 244 00a0 F7010000 		.4byte	.LASF15
 245 00a4 05       		.uleb128 0x5
 246 00a5 8F000000 		.4byte	0x8f
 247 00a9 B4000000 		.4byte	0xb4
 248 00ad 06       		.uleb128 0x6
 249 00ae 9D000000 		.4byte	0x9d
 250 00b2 07       		.byte	0x7
 251 00b3 00       		.byte	0
 252 00b4 07       		.uleb128 0x7
 253 00b5 77010000 		.4byte	.LASF39
 254 00b9 01       		.byte	0x1
 255 00ba 0F       		.byte	0xf
 256 00bb 68000000 		.4byte	0x68
 257 00bf 00000000 		.4byte	.LFB64
 258 00c3 84000000 		.4byte	.LFE64-.LFB64
 259 00c7 01       		.uleb128 0x1
 260 00c8 9C       		.byte	0x9c
 261 00c9 37020000 		.4byte	0x237
 262 00cd 08       		.uleb128 0x8
 263 00ce 7C010000 		.4byte	.LASF16
 264 00d2 01       		.byte	0x1
 265 00d3 15       		.byte	0x15
 266 00d4 68000000 		.4byte	0x68
 267 00d8 00000000 		.4byte	.LLST0
 268 00dc 08       		.uleb128 0x8
 269 00dd 1C000000 		.4byte	.LASF17
 270 00e1 01       		.byte	0x1
 271 00e2 16       		.byte	0x16
 272 00e3 68000000 		.4byte	0x68
 273 00e7 25000000 		.4byte	.LLST1
 274 00eb 08       		.uleb128 0x8
 275 00ec B4010000 		.4byte	.LASF18
 276 00f0 01       		.byte	0x1
 277 00f1 17       		.byte	0x17
 278 00f2 68000000 		.4byte	0x68
 279 00f6 44000000 		.4byte	.LLST2
 280 00fa 09       		.uleb128 0x9
ARM GAS  C:\Users\UpBc\AppData\Local\Temp\ccyoMPmk.s 			page 7


 281 00fb 5C000000 		.4byte	.LASF19
 282 00ff 01       		.byte	0x1
 283 0100 18       		.byte	0x18
 284 0101 A4000000 		.4byte	0xa4
 285 0105 02       		.uleb128 0x2
 286 0106 91       		.byte	0x91
 287 0107 70       		.sleb128 -16
 288 0108 0A       		.uleb128 0xa
 289 0109 A7020000 		.4byte	.LASF40
 290 010d 01       		.byte	0x1
 291 010e 1D       		.byte	0x1d
 292 010f 7E000000 		.4byte	.L3
 293 0113 0B       		.uleb128 0xb
 294 0114 0A000000 		.4byte	.LVL0
 295 0118 48020000 		.4byte	0x248
 296 011c 0B       		.uleb128 0xb
 297 011d 0E000000 		.4byte	.LVL1
 298 0121 53020000 		.4byte	0x253
 299 0125 0B       		.uleb128 0xb
 300 0126 14000000 		.4byte	.LVL3
 301 012a 5E020000 		.4byte	0x25e
 302 012e 0C       		.uleb128 0xc
 303 012f 1A000000 		.4byte	.LVL4
 304 0133 69020000 		.4byte	0x269
 305 0137 41010000 		.4byte	0x141
 306 013b 0D       		.uleb128 0xd
 307 013c 01       		.uleb128 0x1
 308 013d 50       		.byte	0x50
 309 013e 01       		.uleb128 0x1
 310 013f 30       		.byte	0x30
 311 0140 00       		.byte	0
 312 0141 0B       		.uleb128 0xb
 313 0142 1E000000 		.4byte	.LVL5
 314 0146 74020000 		.4byte	0x274
 315 014a 0B       		.uleb128 0xb
 316 014b 22000000 		.4byte	.LVL6
 317 014f 7F020000 		.4byte	0x27f
 318 0153 0C       		.uleb128 0xc
 319 0154 2C000000 		.4byte	.LVL8
 320 0158 8A020000 		.4byte	0x28a
 321 015c 70010000 		.4byte	0x170
 322 0160 0D       		.uleb128 0xd
 323 0161 01       		.uleb128 0x1
 324 0162 50       		.byte	0x50
 325 0163 02       		.uleb128 0x2
 326 0164 7D       		.byte	0x7d
 327 0165 00       		.sleb128 0
 328 0166 0D       		.uleb128 0xd
 329 0167 01       		.uleb128 0x1
 330 0168 51       		.byte	0x51
 331 0169 05       		.uleb128 0x5
 332 016a 03       		.byte	0x3
 333 016b 00000000 		.4byte	.LC0
 334 016f 00       		.byte	0
 335 0170 0C       		.uleb128 0xc
 336 0171 32000000 		.4byte	.LVL9
 337 0175 95020000 		.4byte	0x295
ARM GAS  C:\Users\UpBc\AppData\Local\Temp\ccyoMPmk.s 			page 8


 338 0179 84010000 		.4byte	0x184
 339 017d 0D       		.uleb128 0xd
 340 017e 01       		.uleb128 0x1
 341 017f 50       		.byte	0x50
 342 0180 02       		.uleb128 0x2
 343 0181 08       		.byte	0x8
 344 0182 61       		.byte	0x61
 345 0183 00       		.byte	0
 346 0184 0C       		.uleb128 0xc
 347 0185 38000000 		.4byte	.LVL10
 348 0189 A0020000 		.4byte	0x2a0
 349 018d 98010000 		.4byte	0x198
 350 0191 0D       		.uleb128 0xd
 351 0192 01       		.uleb128 0x1
 352 0193 50       		.byte	0x50
 353 0194 02       		.uleb128 0x2
 354 0195 7D       		.byte	0x7d
 355 0196 00       		.sleb128 0
 356 0197 00       		.byte	0
 357 0198 0C       		.uleb128 0xc
 358 0199 3E000000 		.4byte	.LVL11
 359 019d AB020000 		.4byte	0x2ab
 360 01a1 AC010000 		.4byte	0x1ac
 361 01a5 0D       		.uleb128 0xd
 362 01a6 01       		.uleb128 0x1
 363 01a7 50       		.byte	0x50
 364 01a8 02       		.uleb128 0x2
 365 01a9 08       		.byte	0x8
 366 01aa 20       		.byte	0x20
 367 01ab 00       		.byte	0
 368 01ac 0C       		.uleb128 0xc
 369 01ad 44000000 		.4byte	.LVL12
 370 01b1 B6020000 		.4byte	0x2b6
 371 01b5 C0010000 		.4byte	0x1c0
 372 01b9 0D       		.uleb128 0xd
 373 01ba 01       		.uleb128 0x1
 374 01bb 50       		.byte	0x50
 375 01bc 02       		.uleb128 0x2
 376 01bd 08       		.byte	0x8
 377 01be C8       		.byte	0xc8
 378 01bf 00       		.byte	0
 379 01c0 0B       		.uleb128 0xb
 380 01c1 48000000 		.4byte	.LVL13
 381 01c5 C1020000 		.4byte	0x2c1
 382 01c9 0B       		.uleb128 0xb
 383 01ca 4C000000 		.4byte	.LVL14
 384 01ce CC020000 		.4byte	0x2cc
 385 01d2 0B       		.uleb128 0xb
 386 01d3 52000000 		.4byte	.LVL15
 387 01d7 D7020000 		.4byte	0x2d7
 388 01db 0C       		.uleb128 0xc
 389 01dc 5E000000 		.4byte	.LVL17
 390 01e0 E2020000 		.4byte	0x2e2
 391 01e4 EE010000 		.4byte	0x1ee
 392 01e8 0D       		.uleb128 0xd
 393 01e9 01       		.uleb128 0x1
 394 01ea 50       		.byte	0x50
ARM GAS  C:\Users\UpBc\AppData\Local\Temp\ccyoMPmk.s 			page 9


 395 01eb 01       		.uleb128 0x1
 396 01ec 31       		.byte	0x31
 397 01ed 00       		.byte	0
 398 01ee 0C       		.uleb128 0xc
 399 01ef 64000000 		.4byte	.LVL18
 400 01f3 ED020000 		.4byte	0x2ed
 401 01f7 01020000 		.4byte	0x201
 402 01fb 0D       		.uleb128 0xd
 403 01fc 01       		.uleb128 0x1
 404 01fd 50       		.byte	0x50
 405 01fe 01       		.uleb128 0x1
 406 01ff 31       		.byte	0x31
 407 0200 00       		.byte	0
 408 0201 0C       		.uleb128 0xc
 409 0202 70000000 		.4byte	.LVL19
 410 0206 E2020000 		.4byte	0x2e2
 411 020a 14020000 		.4byte	0x214
 412 020e 0D       		.uleb128 0xd
 413 020f 01       		.uleb128 0x1
 414 0210 50       		.byte	0x50
 415 0211 01       		.uleb128 0x1
 416 0212 30       		.byte	0x30
 417 0213 00       		.byte	0
 418 0214 0C       		.uleb128 0xc
 419 0215 76000000 		.4byte	.LVL20
 420 0219 ED020000 		.4byte	0x2ed
 421 021d 27020000 		.4byte	0x227
 422 0221 0D       		.uleb128 0xd
 423 0222 01       		.uleb128 0x1
 424 0223 50       		.byte	0x50
 425 0224 01       		.uleb128 0x1
 426 0225 31       		.byte	0x31
 427 0226 00       		.byte	0
 428 0227 0E       		.uleb128 0xe
 429 0228 7E000000 		.4byte	.LVL21
 430 022c ED020000 		.4byte	0x2ed
 431 0230 0D       		.uleb128 0xd
 432 0231 01       		.uleb128 0x1
 433 0232 50       		.byte	0x50
 434 0233 01       		.uleb128 0x1
 435 0234 30       		.byte	0x30
 436 0235 00       		.byte	0
 437 0236 00       		.byte	0
 438 0237 0F       		.uleb128 0xf
 439 0238 58010000 		.4byte	.LASF41
 440 023c 0A       		.byte	0xa
 441 023d 1207     		.2byte	0x712
 442 023f 43020000 		.4byte	0x243
 443 0243 10       		.uleb128 0x10
 444 0244 76000000 		.4byte	0x76
 445 0248 11       		.uleb128 0x11
 446 0249 3D010000 		.4byte	.LASF20
 447 024d 3D010000 		.4byte	.LASF20
 448 0251 04       		.byte	0x4
 449 0252 54       		.byte	0x54
 450 0253 11       		.uleb128 0x11
 451 0254 BB010000 		.4byte	.LASF21
ARM GAS  C:\Users\UpBc\AppData\Local\Temp\ccyoMPmk.s 			page 10


 452 0258 BB010000 		.4byte	.LASF21
 453 025c 05       		.byte	0x5
 454 025d 34       		.byte	0x34
 455 025e 11       		.uleb128 0x11
 456 025f 05010000 		.4byte	.LASF22
 457 0263 05010000 		.4byte	.LASF22
 458 0267 05       		.byte	0x5
 459 0268 D1       		.byte	0xd1
 460 0269 11       		.uleb128 0x11
 461 026a 16010000 		.4byte	.LASF23
 462 026e 16010000 		.4byte	.LASF23
 463 0272 05       		.byte	0x5
 464 0273 39       		.byte	0x39
 465 0274 11       		.uleb128 0x11
 466 0275 48010000 		.4byte	.LASF24
 467 0279 48010000 		.4byte	.LASF24
 468 027d 05       		.byte	0x5
 469 027e 3B       		.byte	0x3b
 470 027f 11       		.uleb128 0x11
 471 0280 2E000000 		.4byte	.LASF25
 472 0284 2E000000 		.4byte	.LASF25
 473 0288 05       		.byte	0x5
 474 0289 3F       		.byte	0x3f
 475 028a 11       		.uleb128 0x11
 476 028b 97020000 		.4byte	.LASF26
 477 028f 97020000 		.4byte	.LASF26
 478 0293 06       		.byte	0x6
 479 0294 E7       		.byte	0xe7
 480 0295 11       		.uleb128 0x11
 481 0296 EA010000 		.4byte	.LASF27
 482 029a EA010000 		.4byte	.LASF27
 483 029e 04       		.byte	0x4
 484 029f 8A       		.byte	0x8a
 485 02a0 11       		.uleb128 0x11
 486 02a1 88020000 		.4byte	.LASF28
 487 02a5 88020000 		.4byte	.LASF28
 488 02a9 04       		.byte	0x4
 489 02aa 8B       		.byte	0x8b
 490 02ab 11       		.uleb128 0x11
 491 02ac C5010000 		.4byte	.LASF29
 492 02b0 C5010000 		.4byte	.LASF29
 493 02b4 04       		.byte	0x4
 494 02b5 8E       		.byte	0x8e
 495 02b6 11       		.uleb128 0x11
 496 02b7 9F020000 		.4byte	.LASF30
 497 02bb 9F020000 		.4byte	.LASF30
 498 02bf 07       		.byte	0x7
 499 02c0 76       		.byte	0x76
 500 02c1 11       		.uleb128 0x11
 501 02c2 42000000 		.4byte	.LASF31
 502 02c6 42000000 		.4byte	.LASF31
 503 02ca 04       		.byte	0x4
 504 02cb 75       		.byte	0x75
 505 02cc 11       		.uleb128 0x11
 506 02cd 0A000000 		.4byte	.LASF32
 507 02d1 0A000000 		.4byte	.LASF32
 508 02d5 04       		.byte	0x4
ARM GAS  C:\Users\UpBc\AppData\Local\Temp\ccyoMPmk.s 			page 11


 509 02d6 70       		.byte	0x70
 510 02d7 11       		.uleb128 0x11
 511 02d8 D2010000 		.4byte	.LASF33
 512 02dc D2010000 		.4byte	.LASF33
 513 02e0 04       		.byte	0x4
 514 02e1 6F       		.byte	0x6f
 515 02e2 11       		.uleb128 0x11
 516 02e3 00000000 		.4byte	.LASF34
 517 02e7 00000000 		.4byte	.LASF34
 518 02eb 08       		.byte	0x8
 519 02ec 26       		.byte	0x26
 520 02ed 11       		.uleb128 0x11
 521 02ee A8010000 		.4byte	.LASF35
 522 02f2 A8010000 		.4byte	.LASF35
 523 02f6 09       		.byte	0x9
 524 02f7 26       		.byte	0x26
 525 02f8 00       		.byte	0
 526              		.section	.debug_abbrev,"",%progbits
 527              	.Ldebug_abbrev0:
 528 0000 01       		.uleb128 0x1
 529 0001 11       		.uleb128 0x11
 530 0002 01       		.byte	0x1
 531 0003 25       		.uleb128 0x25
 532 0004 0E       		.uleb128 0xe
 533 0005 13       		.uleb128 0x13
 534 0006 0B       		.uleb128 0xb
 535 0007 03       		.uleb128 0x3
 536 0008 0E       		.uleb128 0xe
 537 0009 1B       		.uleb128 0x1b
 538 000a 0E       		.uleb128 0xe
 539 000b 55       		.uleb128 0x55
 540 000c 17       		.uleb128 0x17
 541 000d 11       		.uleb128 0x11
 542 000e 01       		.uleb128 0x1
 543 000f 10       		.uleb128 0x10
 544 0010 17       		.uleb128 0x17
 545 0011 00       		.byte	0
 546 0012 00       		.byte	0
 547 0013 02       		.uleb128 0x2
 548 0014 24       		.uleb128 0x24
 549 0015 00       		.byte	0
 550 0016 0B       		.uleb128 0xb
 551 0017 0B       		.uleb128 0xb
 552 0018 3E       		.uleb128 0x3e
 553 0019 0B       		.uleb128 0xb
 554 001a 03       		.uleb128 0x3
 555 001b 0E       		.uleb128 0xe
 556 001c 00       		.byte	0
 557 001d 00       		.byte	0
 558 001e 03       		.uleb128 0x3
 559 001f 16       		.uleb128 0x16
 560 0020 00       		.byte	0
 561 0021 03       		.uleb128 0x3
 562 0022 0E       		.uleb128 0xe
 563 0023 3A       		.uleb128 0x3a
 564 0024 0B       		.uleb128 0xb
 565 0025 3B       		.uleb128 0x3b
ARM GAS  C:\Users\UpBc\AppData\Local\Temp\ccyoMPmk.s 			page 12


 566 0026 0B       		.uleb128 0xb
 567 0027 49       		.uleb128 0x49
 568 0028 13       		.uleb128 0x13
 569 0029 00       		.byte	0
 570 002a 00       		.byte	0
 571 002b 04       		.uleb128 0x4
 572 002c 24       		.uleb128 0x24
 573 002d 00       		.byte	0
 574 002e 0B       		.uleb128 0xb
 575 002f 0B       		.uleb128 0xb
 576 0030 3E       		.uleb128 0x3e
 577 0031 0B       		.uleb128 0xb
 578 0032 03       		.uleb128 0x3
 579 0033 08       		.uleb128 0x8
 580 0034 00       		.byte	0
 581 0035 00       		.byte	0
 582 0036 05       		.uleb128 0x5
 583 0037 01       		.uleb128 0x1
 584 0038 01       		.byte	0x1
 585 0039 49       		.uleb128 0x49
 586 003a 13       		.uleb128 0x13
 587 003b 01       		.uleb128 0x1
 588 003c 13       		.uleb128 0x13
 589 003d 00       		.byte	0
 590 003e 00       		.byte	0
 591 003f 06       		.uleb128 0x6
 592 0040 21       		.uleb128 0x21
 593 0041 00       		.byte	0
 594 0042 49       		.uleb128 0x49
 595 0043 13       		.uleb128 0x13
 596 0044 2F       		.uleb128 0x2f
 597 0045 0B       		.uleb128 0xb
 598 0046 00       		.byte	0
 599 0047 00       		.byte	0
 600 0048 07       		.uleb128 0x7
 601 0049 2E       		.uleb128 0x2e
 602 004a 01       		.byte	0x1
 603 004b 3F       		.uleb128 0x3f
 604 004c 19       		.uleb128 0x19
 605 004d 03       		.uleb128 0x3
 606 004e 0E       		.uleb128 0xe
 607 004f 3A       		.uleb128 0x3a
 608 0050 0B       		.uleb128 0xb
 609 0051 3B       		.uleb128 0x3b
 610 0052 0B       		.uleb128 0xb
 611 0053 27       		.uleb128 0x27
 612 0054 19       		.uleb128 0x19
 613 0055 49       		.uleb128 0x49
 614 0056 13       		.uleb128 0x13
 615 0057 8701     		.uleb128 0x87
 616 0059 19       		.uleb128 0x19
 617 005a 11       		.uleb128 0x11
 618 005b 01       		.uleb128 0x1
 619 005c 12       		.uleb128 0x12
 620 005d 06       		.uleb128 0x6
 621 005e 40       		.uleb128 0x40
 622 005f 18       		.uleb128 0x18
ARM GAS  C:\Users\UpBc\AppData\Local\Temp\ccyoMPmk.s 			page 13


 623 0060 9742     		.uleb128 0x2117
 624 0062 19       		.uleb128 0x19
 625 0063 01       		.uleb128 0x1
 626 0064 13       		.uleb128 0x13
 627 0065 00       		.byte	0
 628 0066 00       		.byte	0
 629 0067 08       		.uleb128 0x8
 630 0068 34       		.uleb128 0x34
 631 0069 00       		.byte	0
 632 006a 03       		.uleb128 0x3
 633 006b 0E       		.uleb128 0xe
 634 006c 3A       		.uleb128 0x3a
 635 006d 0B       		.uleb128 0xb
 636 006e 3B       		.uleb128 0x3b
 637 006f 0B       		.uleb128 0xb
 638 0070 49       		.uleb128 0x49
 639 0071 13       		.uleb128 0x13
 640 0072 02       		.uleb128 0x2
 641 0073 17       		.uleb128 0x17
 642 0074 00       		.byte	0
 643 0075 00       		.byte	0
 644 0076 09       		.uleb128 0x9
 645 0077 34       		.uleb128 0x34
 646 0078 00       		.byte	0
 647 0079 03       		.uleb128 0x3
 648 007a 0E       		.uleb128 0xe
 649 007b 3A       		.uleb128 0x3a
 650 007c 0B       		.uleb128 0xb
 651 007d 3B       		.uleb128 0x3b
 652 007e 0B       		.uleb128 0xb
 653 007f 49       		.uleb128 0x49
 654 0080 13       		.uleb128 0x13
 655 0081 02       		.uleb128 0x2
 656 0082 18       		.uleb128 0x18
 657 0083 00       		.byte	0
 658 0084 00       		.byte	0
 659 0085 0A       		.uleb128 0xa
 660 0086 0A       		.uleb128 0xa
 661 0087 00       		.byte	0
 662 0088 03       		.uleb128 0x3
 663 0089 0E       		.uleb128 0xe
 664 008a 3A       		.uleb128 0x3a
 665 008b 0B       		.uleb128 0xb
 666 008c 3B       		.uleb128 0x3b
 667 008d 0B       		.uleb128 0xb
 668 008e 11       		.uleb128 0x11
 669 008f 01       		.uleb128 0x1
 670 0090 00       		.byte	0
 671 0091 00       		.byte	0
 672 0092 0B       		.uleb128 0xb
 673 0093 898201   		.uleb128 0x4109
 674 0096 00       		.byte	0
 675 0097 11       		.uleb128 0x11
 676 0098 01       		.uleb128 0x1
 677 0099 31       		.uleb128 0x31
 678 009a 13       		.uleb128 0x13
 679 009b 00       		.byte	0
ARM GAS  C:\Users\UpBc\AppData\Local\Temp\ccyoMPmk.s 			page 14


 680 009c 00       		.byte	0
 681 009d 0C       		.uleb128 0xc
 682 009e 898201   		.uleb128 0x4109
 683 00a1 01       		.byte	0x1
 684 00a2 11       		.uleb128 0x11
 685 00a3 01       		.uleb128 0x1
 686 00a4 31       		.uleb128 0x31
 687 00a5 13       		.uleb128 0x13
 688 00a6 01       		.uleb128 0x1
 689 00a7 13       		.uleb128 0x13
 690 00a8 00       		.byte	0
 691 00a9 00       		.byte	0
 692 00aa 0D       		.uleb128 0xd
 693 00ab 8A8201   		.uleb128 0x410a
 694 00ae 00       		.byte	0
 695 00af 02       		.uleb128 0x2
 696 00b0 18       		.uleb128 0x18
 697 00b1 9142     		.uleb128 0x2111
 698 00b3 18       		.uleb128 0x18
 699 00b4 00       		.byte	0
 700 00b5 00       		.byte	0
 701 00b6 0E       		.uleb128 0xe
 702 00b7 898201   		.uleb128 0x4109
 703 00ba 01       		.byte	0x1
 704 00bb 11       		.uleb128 0x11
 705 00bc 01       		.uleb128 0x1
 706 00bd 31       		.uleb128 0x31
 707 00be 13       		.uleb128 0x13
 708 00bf 00       		.byte	0
 709 00c0 00       		.byte	0
 710 00c1 0F       		.uleb128 0xf
 711 00c2 34       		.uleb128 0x34
 712 00c3 00       		.byte	0
 713 00c4 03       		.uleb128 0x3
 714 00c5 0E       		.uleb128 0xe
 715 00c6 3A       		.uleb128 0x3a
 716 00c7 0B       		.uleb128 0xb
 717 00c8 3B       		.uleb128 0x3b
 718 00c9 05       		.uleb128 0x5
 719 00ca 49       		.uleb128 0x49
 720 00cb 13       		.uleb128 0x13
 721 00cc 3F       		.uleb128 0x3f
 722 00cd 19       		.uleb128 0x19
 723 00ce 3C       		.uleb128 0x3c
 724 00cf 19       		.uleb128 0x19
 725 00d0 00       		.byte	0
 726 00d1 00       		.byte	0
 727 00d2 10       		.uleb128 0x10
 728 00d3 35       		.uleb128 0x35
 729 00d4 00       		.byte	0
 730 00d5 49       		.uleb128 0x49
 731 00d6 13       		.uleb128 0x13
 732 00d7 00       		.byte	0
 733 00d8 00       		.byte	0
 734 00d9 11       		.uleb128 0x11
 735 00da 2E       		.uleb128 0x2e
 736 00db 00       		.byte	0
ARM GAS  C:\Users\UpBc\AppData\Local\Temp\ccyoMPmk.s 			page 15


 737 00dc 3F       		.uleb128 0x3f
 738 00dd 19       		.uleb128 0x19
 739 00de 3C       		.uleb128 0x3c
 740 00df 19       		.uleb128 0x19
 741 00e0 6E       		.uleb128 0x6e
 742 00e1 0E       		.uleb128 0xe
 743 00e2 03       		.uleb128 0x3
 744 00e3 0E       		.uleb128 0xe
 745 00e4 3A       		.uleb128 0x3a
 746 00e5 0B       		.uleb128 0xb
 747 00e6 3B       		.uleb128 0x3b
 748 00e7 0B       		.uleb128 0xb
 749 00e8 00       		.byte	0
 750 00e9 00       		.byte	0
 751 00ea 00       		.byte	0
 752              		.section	.debug_loc,"",%progbits
 753              	.Ldebug_loc0:
 754              	.LLST0:
 755 0000 0E000000 		.4byte	.LVL1
 756 0004 10000000 		.4byte	.LVL2
 757 0008 0200     		.2byte	0x2
 758 000a 30       		.byte	0x30
 759 000b 9F       		.byte	0x9f
 760 000c 1E000000 		.4byte	.LVL5
 761 0010 21000000 		.4byte	.LVL6-1
 762 0014 0700     		.2byte	0x7
 763 0016 70       		.byte	0x70
 764 0017 00       		.sleb128 0
 765 0018 40       		.byte	0x40
 766 0019 24       		.byte	0x24
 767 001a 40       		.byte	0x40
 768 001b 26       		.byte	0x26
 769 001c 9F       		.byte	0x9f
 770 001d 00000000 		.4byte	0
 771 0021 00000000 		.4byte	0
 772              	.LLST1:
 773 0025 0E000000 		.4byte	.LVL1
 774 0029 10000000 		.4byte	.LVL2
 775 002d 0200     		.2byte	0x2
 776 002f 30       		.byte	0x30
 777 0030 9F       		.byte	0x9f
 778 0031 10000000 		.4byte	.LVL2
 779 0035 84000000 		.4byte	.LFE64
 780 0039 0100     		.2byte	0x1
 781 003b 54       		.byte	0x54
 782 003c 00000000 		.4byte	0
 783 0040 00000000 		.4byte	0
 784              	.LLST2:
 785 0044 0E000000 		.4byte	.LVL1
 786 0048 10000000 		.4byte	.LVL2
 787 004c 0200     		.2byte	0x2
 788 004e 30       		.byte	0x30
 789 004f 9F       		.byte	0x9f
 790 0050 22000000 		.4byte	.LVL6
 791 0054 28000000 		.4byte	.LVL7
 792 0058 0100     		.2byte	0x1
 793 005a 50       		.byte	0x50
ARM GAS  C:\Users\UpBc\AppData\Local\Temp\ccyoMPmk.s 			page 16


 794 005b 28000000 		.4byte	.LVL7
 795 005f 2B000000 		.4byte	.LVL8-1
 796 0063 0100     		.2byte	0x1
 797 0065 52       		.byte	0x52
 798 0066 00000000 		.4byte	0
 799 006a 00000000 		.4byte	0
 800              		.section	.debug_aranges,"",%progbits
 801 0000 1C000000 		.4byte	0x1c
 802 0004 0200     		.2byte	0x2
 803 0006 00000000 		.4byte	.Ldebug_info0
 804 000a 04       		.byte	0x4
 805 000b 00       		.byte	0
 806 000c 0000     		.2byte	0
 807 000e 0000     		.2byte	0
 808 0010 00000000 		.4byte	.LFB64
 809 0014 84000000 		.4byte	.LFE64-.LFB64
 810 0018 00000000 		.4byte	0
 811 001c 00000000 		.4byte	0
 812              		.section	.debug_ranges,"",%progbits
 813              	.Ldebug_ranges0:
 814 0000 00000000 		.4byte	.LFB64
 815 0004 84000000 		.4byte	.LFE64
 816 0008 00000000 		.4byte	0
 817 000c 00000000 		.4byte	0
 818              		.section	.debug_line,"",%progbits
 819              	.Ldebug_line0:
 820 0000 D7010000 		.section	.debug_str,"MS",%progbits,1
 820      0200A801 
 820      00000201 
 820      FB0E0D00 
 820      01010101 
 821              	.LASF34:
 822 0000 61636B5F 		.ascii	"ack_Write\000"
 822      57726974 
 822      6500
 823              	.LASF32:
 824 000a 55415254 		.ascii	"UART_ReadRxStatus\000"
 824      5F526561 
 824      64527853 
 824      74617475 
 824      7300
 825              	.LASF17:
 826 001c 72785F64 		.ascii	"rx_data\000"
 826      61746100 
 827              	.LASF9:
 828 0024 5F5F696E 		.ascii	"__int32_t\000"
 828      7433325F 
 828      7400
 829              	.LASF25:
 830 002e 4144435F 		.ascii	"ADC_CountsTo_mVolts\000"
 830      436F756E 
 830      7473546F 
 830      5F6D566F 
 830      6C747300 
 831              	.LASF31:
 832 0042 55415254 		.ascii	"UART_ClearRxBuffer\000"
 832      5F436C65 
ARM GAS  C:\Users\UpBc\AppData\Local\Temp\ccyoMPmk.s 			page 17


 832      61725278 
 832      42756666 
 832      657200
 833              	.LASF12:
 834 0055 646F7562 		.ascii	"double\000"
 834      6C6500
 835              	.LASF19:
 836 005c 73747269 		.ascii	"string\000"
 836      6E6700
 837              	.LASF11:
 838 0063 666C6F61 		.ascii	"float\000"
 838      7400
 839              	.LASF1:
 840 0069 756E7369 		.ascii	"unsigned char\000"
 840      676E6564 
 840      20636861 
 840      7200
 841              	.LASF36:
 842 0077 474E5520 		.ascii	"GNU C11 5.4.1 20160609 (release) [ARM/embedded-5-br"
 842      43313120 
 842      352E342E 
 842      31203230 
 842      31363036 
 843 00aa 616E6368 		.ascii	"anch revision 237715] -mcpu=cortex-m3 -mthumb -g -O"
 843      20726576 
 843      6973696F 
 843      6E203233 
 843      37373135 
 844 00dd 67202D66 		.ascii	"g -ffunction-sections -ffat-lto-objects\000"
 844      66756E63 
 844      74696F6E 
 844      2D736563 
 844      74696F6E 
 845              	.LASF22:
 846 0105 4144435F 		.ascii	"ADC_StartConvert\000"
 846      53746172 
 846      74436F6E 
 846      76657274 
 846      00
 847              	.LASF23:
 848 0116 4144435F 		.ascii	"ADC_IsEndConversion\000"
 848      4973456E 
 848      64436F6E 
 848      76657273 
 848      696F6E00 
 849              	.LASF3:
 850 012a 73686F72 		.ascii	"short unsigned int\000"
 850      7420756E 
 850      7369676E 
 850      65642069 
 850      6E7400
 851              	.LASF20:
 852 013d 55415254 		.ascii	"UART_Start\000"
 852      5F537461 
 852      727400
 853              	.LASF24:
 854 0148 4144435F 		.ascii	"ADC_GetResult16\000"
ARM GAS  C:\Users\UpBc\AppData\Local\Temp\ccyoMPmk.s 			page 18


 854      47657452 
 854      6573756C 
 854      74313600 
 855              	.LASF41:
 856 0158 49544D5F 		.ascii	"ITM_RxBuffer\000"
 856      52784275 
 856      66666572 
 856      00
 857              	.LASF5:
 858 0165 6C6F6E67 		.ascii	"long unsigned int\000"
 858      20756E73 
 858      69676E65 
 858      6420696E 
 858      7400
 859              	.LASF39:
 860 0177 6D61696E 		.ascii	"main\000"
 860      00
 861              	.LASF16:
 862 017c 74785F64 		.ascii	"tx_data\000"
 862      61746100 
 863              	.LASF8:
 864 0184 756E7369 		.ascii	"unsigned int\000"
 864      676E6564 
 864      20696E74 
 864      00
 865              	.LASF7:
 866 0191 6C6F6E67 		.ascii	"long long unsigned int\000"
 866      206C6F6E 
 866      6720756E 
 866      7369676E 
 866      65642069 
 867              	.LASF35:
 868 01a8 6E6F5F72 		.ascii	"no_rx_Write\000"
 868      785F5772 
 868      69746500 
 869              	.LASF18:
 870 01b4 72657375 		.ascii	"result\000"
 870      6C7400
 871              	.LASF21:
 872 01bb 4144435F 		.ascii	"ADC_Start\000"
 872      53746172 
 872      7400
 873              	.LASF29:
 874 01c5 55415254 		.ascii	"UART_PutCRLF\000"
 874      5F507574 
 874      43524C46 
 874      00
 875              	.LASF33:
 876 01d2 55415254 		.ascii	"UART_ReadRxData\000"
 876      5F526561 
 876      64527844 
 876      61746100 
 877              	.LASF10:
 878 01e2 696E7433 		.ascii	"int32_t\000"
 878      325F7400 
 879              	.LASF27:
 880 01ea 55415254 		.ascii	"UART_PutChar\000"
ARM GAS  C:\Users\UpBc\AppData\Local\Temp\ccyoMPmk.s 			page 19


 880      5F507574 
 880      43686172 
 880      00
 881              	.LASF15:
 882 01f7 73697A65 		.ascii	"sizetype\000"
 882      74797065 
 882      00
 883              	.LASF6:
 884 0200 6C6F6E67 		.ascii	"long long int\000"
 884      206C6F6E 
 884      6720696E 
 884      7400
 885              	.LASF37:
 886 020e 6D61696E 		.ascii	"main.c\000"
 886      2E6300
 887              	.LASF13:
 888 0215 63686172 		.ascii	"char\000"
 888      00
 889              	.LASF2:
 890 021a 73686F72 		.ascii	"short int\000"
 890      7420696E 
 890      7400
 891              	.LASF4:
 892 0224 6C6F6E67 		.ascii	"long int\000"
 892      20696E74 
 892      00
 893              	.LASF38:
 894 022d 433A5C55 		.ascii	"C:\\Users\\UpBc\\Documents\\PSoC Creator\\DAQ Examp"
 894      73657273 
 894      5C557042 
 894      635C446F 
 894      63756D65 
 895 025b 6C655C41 		.ascii	"le\\Analog Read.cydsn\000"
 895      6E616C6F 
 895      67205265 
 895      61642E63 
 895      7964736E 
 896              	.LASF14:
 897 0270 6C6F6E67 		.ascii	"long double\000"
 897      20646F75 
 897      626C6500 
 898              	.LASF0:
 899 027c 7369676E 		.ascii	"signed char\000"
 899      65642063 
 899      68617200 
 900              	.LASF28:
 901 0288 55415254 		.ascii	"UART_PutString\000"
 901      5F507574 
 901      53747269 
 901      6E6700
 902              	.LASF26:
 903 0297 73707269 		.ascii	"sprintf\000"
 903      6E746600 
 904              	.LASF30:
 905 029f 43794465 		.ascii	"CyDelay\000"
 905      6C617900 
 906              	.LASF40:
ARM GAS  C:\Users\UpBc\AppData\Local\Temp\ccyoMPmk.s 			page 20


 907 02a7 72656164 		.ascii	"read\000"
 907      00
 908              		.ident	"GCC: (GNU Tools for ARM Embedded Processors) 5.4.1 20160609 (release) [ARM/embedded-5-bran
