ARM GAS  C:\Users\UpBc\AppData\Local\Temp\ccXXEF5J.s 			page 1


   1              		.syntax unified
   2              		.cpu cortex-m3
   3              		.fpu softvfp
   4              		.eabi_attribute 20, 1
   5              		.eabi_attribute 21, 1
   6              		.eabi_attribute 23, 3
   7              		.eabi_attribute 24, 1
   8              		.eabi_attribute 25, 1
   9              		.eabi_attribute 26, 1
  10              		.eabi_attribute 30, 1
  11              		.eabi_attribute 34, 1
  12              		.eabi_attribute 18, 4
  13              		.thumb
  14              		.syntax unified
  15              		.file	"cymetadata.c"
  16              		.text
  17              	.Ltext0:
  18              		.cfi_sections	.debug_frame
  19              		.global	cy_metadata
  20              		.global	cy_meta_flashprotect
  21              		.global	cy_meta_wonvl
  22              		.global	cy_meta_custnvl
  23              		.global	cy_meta_configecc
  24              		.section	.cyconfigecc,"a",%progbits
  25              		.align	2
  26              		.type	cy_meta_configecc, %object
  27              		.size	cy_meta_configecc, 344
  28              	cy_meta_configecc:
  29 0000 04       		.byte	4
  30 0001 52       		.byte	82
  31 0002 00       		.byte	0
  32 0003 40       		.byte	64
  33 0004 01       		.byte	1
  34 0005 05       		.byte	5
  35 0006 01       		.byte	1
  36 0007 40       		.byte	64
  37 0008 02       		.byte	2
  38 0009 07       		.byte	7
  39 000a 01       		.byte	1
  40 000b 40       		.byte	64
  41 000c 05       		.byte	5
  42 000d 09       		.byte	9
  43 000e 01       		.byte	1
  44 000f 40       		.byte	64
  45 0010 30       		.byte	48
  46 0011 0A       		.byte	10
  47 0012 01       		.byte	1
  48 0013 40       		.byte	64
  49 0014 24       		.byte	36
  50 0015 0B       		.byte	11
  51 0016 01       		.byte	1
  52 0017 40       		.byte	64
  53 0018 05       		.byte	5
  54 0019 41       		.byte	65
  55 001a 01       		.byte	1
  56 001b 40       		.byte	64
  57 001c 05       		.byte	5
ARM GAS  C:\Users\UpBc\AppData\Local\Temp\ccXXEF5J.s 			page 2


  58 001d 42       		.byte	66
  59 001e 01       		.byte	1
  60 001f 40       		.byte	64
  61 0020 01       		.byte	1
  62 0021 43       		.byte	67
  63 0022 01       		.byte	1
  64 0023 40       		.byte	64
  65 0024 0A       		.byte	10
  66 0025 45       		.byte	69
  67 0026 01       		.byte	1
  68 0027 40       		.byte	64
  69 0028 0B       		.byte	11
  70 0029 46       		.byte	70
  71 002a 01       		.byte	1
  72 002b 40       		.byte	64
  73 002c 01       		.byte	1
  74 002d 47       		.byte	71
  75 002e 01       		.byte	1
  76 002f 40       		.byte	64
  77 0030 02       		.byte	2
  78 0031 50       		.byte	80
  79 0032 01       		.byte	1
  80 0033 40       		.byte	64
  81 0034 00       		.byte	0
  82 0035 01       		.byte	1
  83 0036 01       		.byte	1
  84 0037 03       		.byte	3
  85 0038 10       		.byte	16
  86 0039 40       		.byte	64
  87 003a 11       		.byte	17
  88 003b C0       		.byte	-64
  89 003c E6       		.byte	-26
  90 003d 08       		.byte	8
  91 003e EA       		.byte	-22
  92 003f 80       		.byte	-128
  93 0040 EE       		.byte	-18
  94 0041 20       		.byte	32
  95 0042 AF       		.byte	-81
  96 0043 40       		.byte	64
  97 0044 B0       		.byte	-80
  98 0045 40       		.byte	64
  99 0046 B1       		.byte	-79
 100 0047 40       		.byte	64
 101 0048 EA       		.byte	-22
 102 0049 80       		.byte	-128
 103 004a EE       		.byte	-18
 104 004b 22       		.byte	34
 105 004c 04       		.byte	4
 106 004d 7F       		.byte	127
 107 004e 06       		.byte	6
 108 004f 80       		.byte	-128
 109 0050 09       		.byte	9
 110 0051 44       		.byte	68
 111 0052 0B       		.byte	11
 112 0053 AA       		.byte	-86
 113 0054 0C       		.byte	12
 114 0055 9E       		.byte	-98
ARM GAS  C:\Users\UpBc\AppData\Local\Temp\ccXXEF5J.s 			page 3


 115 0056 0D       		.byte	13
 116 0057 11       		.byte	17
 117 0058 0E       		.byte	14
 118 0059 61       		.byte	97
 119 005a 11       		.byte	17
 120 005b BB       		.byte	-69
 121 005c 13       		.byte	19
 122 005d 44       		.byte	68
 123 005e 14       		.byte	20
 124 005f 61       		.byte	97
 125 0060 15       		.byte	21
 126 0061 0C       		.byte	12
 127 0062 16       		.byte	22
 128 0063 94       		.byte	-108
 129 0064 17       		.byte	23
 130 0065 03       		.byte	3
 131 0066 18       		.byte	24
 132 0067 8A       		.byte	-118
 133 0068 19       		.byte	25
 134 0069 77       		.byte	119
 135 006a 1A       		.byte	26
 136 006b 54       		.byte	84
 137 006c 1B       		.byte	27
 138 006d 88       		.byte	-120
 139 006e 1C       		.byte	28
 140 006f 01       		.byte	1
 141 0070 1D       		.byte	29
 142 0071 B0       		.byte	-80
 143 0072 1E       		.byte	30
 144 0073 06       		.byte	6
 145 0074 1F       		.byte	31
 146 0075 40       		.byte	64
 147 0076 20       		.byte	32
 148 0077 94       		.byte	-108
 149 0078 22       		.byte	34
 150 0079 61       		.byte	97
 151 007a 29       		.byte	41
 152 007b 99       		.byte	-103
 153 007c 2B       		.byte	43
 154 007d 22       		.byte	34
 155 007e 2C       		.byte	44
 156 007f 0A       		.byte	10
 157 0080 2D       		.byte	45
 158 0081 AA       		.byte	-86
 159 0082 2F       		.byte	47
 160 0083 44       		.byte	68
 161 0084 30       		.byte	48
 162 0085 38       		.byte	56
 163 0086 32       		.byte	50
 164 0087 C0       		.byte	-64
 165 0088 33       		.byte	51
 166 0089 0F       		.byte	15
 167 008a 34       		.byte	52
 168 008b 20       		.byte	32
 169 008c 36       		.byte	54
 170 008d 07       		.byte	7
 171 008e 37       		.byte	55
ARM GAS  C:\Users\UpBc\AppData\Local\Temp\ccXXEF5J.s 			page 4


 172 008f F0       		.byte	-16
 173 0090 3A       		.byte	58
 174 0091 AA       		.byte	-86
 175 0092 3B       		.byte	59
 176 0093 88       		.byte	-120
 177 0094 58       		.byte	88
 178 0095 04       		.byte	4
 179 0096 59       		.byte	89
 180 0097 04       		.byte	4
 181 0098 5F       		.byte	95
 182 0099 01       		.byte	1
 183 009a 8E       		.byte	-114
 184 009b 01       		.byte	1
 185 009c 96       		.byte	-106
 186 009d 03       		.byte	3
 187 009e 9E       		.byte	-98
 188 009f 07       		.byte	7
 189 00a0 B0       		.byte	-80
 190 00a1 01       		.byte	1
 191 00a2 B2       		.byte	-78
 192 00a3 04       		.byte	4
 193 00a4 B6       		.byte	-74
 194 00a5 02       		.byte	2
 195 00a6 BA       		.byte	-70
 196 00a7 8A       		.byte	-118
 197 00a8 D8       		.byte	-40
 198 00a9 04       		.byte	4
 199 00aa DF       		.byte	-33
 200 00ab 01       		.byte	1
 201 00ac 01       		.byte	1
 202 00ad 08       		.byte	8
 203 00ae 03       		.byte	3
 204 00af 02       		.byte	2
 205 00b0 05       		.byte	5
 206 00b1 40       		.byte	64
 207 00b2 0A       		.byte	10
 208 00b3 05       		.byte	5
 209 00b4 0B       		.byte	11
 210 00b5 20       		.byte	32
 211 00b6 0E       		.byte	14
 212 00b7 21       		.byte	33
 213 00b8 10       		.byte	16
 214 00b9 40       		.byte	64
 215 00ba 13       		.byte	19
 216 00bb 40       		.byte	64
 217 00bc 19       		.byte	25
 218 00bd 18       		.byte	24
 219 00be 1A       		.byte	26
 220 00bf 25       		.byte	37
 221 00c0 1B       		.byte	27
 222 00c1 02       		.byte	2
 223 00c2 1C       		.byte	28
 224 00c3 80       		.byte	-128
 225 00c4 1D       		.byte	29
 226 00c5 40       		.byte	64
 227 00c6 1E       		.byte	30
 228 00c7 20       		.byte	32
ARM GAS  C:\Users\UpBc\AppData\Local\Temp\ccXXEF5J.s 			page 5


 229 00c8 21       		.byte	33
 230 00c9 88       		.byte	-120
 231 00ca 29       		.byte	41
 232 00cb 10       		.byte	16
 233 00cc 2B       		.byte	43
 234 00cd 01       		.byte	1
 235 00ce 31       		.byte	49
 236 00cf 88       		.byte	-120
 237 00d0 32       		.byte	50
 238 00d1 10       		.byte	16
 239 00d2 33       		.byte	51
 240 00d3 02       		.byte	2
 241 00d4 3B       		.byte	59
 242 00d5 60       		.byte	96
 243 00d6 86       		.byte	-122
 244 00d7 11       		.byte	17
 245 00d8 88       		.byte	-120
 246 00d9 40       		.byte	64
 247 00da 89       		.byte	-119
 248 00db 80       		.byte	-128
 249 00dc 8B       		.byte	-117
 250 00dd 01       		.byte	1
 251 00de 8D       		.byte	-115
 252 00df 08       		.byte	8
 253 00e0 93       		.byte	-109
 254 00e1 20       		.byte	32
 255 00e2 AF       		.byte	-81
 256 00e3 10       		.byte	16
 257 00e4 C0       		.byte	-64
 258 00e5 85       		.byte	-123
 259 00e6 C2       		.byte	-62
 260 00e7 A7       		.byte	-89
 261 00e8 C4       		.byte	-60
 262 00e9 09       		.byte	9
 263 00ea CA       		.byte	-54
 264 00eb 0C       		.byte	12
 265 00ec CC       		.byte	-52
 266 00ed 0F       		.byte	15
 267 00ee CE       		.byte	-50
 268 00ef 0C       		.byte	12
 269 00f0 E0       		.byte	-32
 270 00f1 08       		.byte	8
 271 00f2 EE       		.byte	-18
 272 00f3 02       		.byte	2
 273 00f4 50       		.byte	80
 274 00f5 08       		.byte	8
 275 00f6 56       		.byte	86
 276 00f7 02       		.byte	2
 277 00f8 58       		.byte	88
 278 00f9 20       		.byte	32
 279 00fa D4       		.byte	-44
 280 00fb A0       		.byte	-96
 281 00fc D6       		.byte	-42
 282 00fd 20       		.byte	32
 283 00fe 86       		.byte	-122
 284 00ff 02       		.byte	2
 285 0100 9C       		.byte	-100
ARM GAS  C:\Users\UpBc\AppData\Local\Temp\ccXXEF5J.s 			page 6


 286 0101 20       		.byte	32
 287 0102 9E       		.byte	-98
 288 0103 02       		.byte	2
 289 0104 A4       		.byte	-92
 290 0105 08       		.byte	8
 291 0106 E6       		.byte	-26
 292 0107 10       		.byte	16
 293 0108 B0       		.byte	-80
 294 0109 28       		.byte	40
 295 010a 01       		.byte	1
 296 010b 20       		.byte	32
 297 010c 05       		.byte	5
 298 010d 40       		.byte	64
 299 010e 0B       		.byte	11
 300 010f 40       		.byte	64
 301 0110 62       		.byte	98
 302 0111 08       		.byte	8
 303 0112 63       		.byte	99
 304 0113 01       		.byte	1
 305 0114 67       		.byte	103
 306 0115 20       		.byte	32
 307 0116 C0       		.byte	-64
 308 0117 03       		.byte	3
 309 0118 C2       		.byte	-62
 310 0119 08       		.byte	8
 311 011a D6       		.byte	-42
 312 011b 02       		.byte	2
 313 011c D8       		.byte	-40
 314 011d 03       		.byte	3
 315 011e 86       		.byte	-122
 316 011f 08       		.byte	8
 317 0120 89       		.byte	-119
 318 0121 40       		.byte	64
 319 0122 8B       		.byte	-117
 320 0123 10       		.byte	16
 321 0124 8F       		.byte	-113
 322 0125 01       		.byte	1
 323 0126 97       		.byte	-105
 324 0127 21       		.byte	33
 325 0128 99       		.byte	-103
 326 0129 60       		.byte	96
 327 012a A6       		.byte	-90
 328 012b 08       		.byte	8
 329 012c AF       		.byte	-81
 330 012d 40       		.byte	64
 331 012e E0       		.byte	-32
 332 012f 04       		.byte	4
 333 0130 E2       		.byte	-30
 334 0131 01       		.byte	1
 335 0132 E4       		.byte	-28
 336 0133 08       		.byte	8
 337 0134 AD       		.byte	-83
 338 0135 20       		.byte	32
 339 0136 00       		.byte	0
 340 0137 01       		.byte	1
 341 0138 0C       		.byte	12
 342 0139 01       		.byte	1
ARM GAS  C:\Users\UpBc\AppData\Local\Temp\ccXXEF5J.s 			page 7


 343 013a 00       		.byte	0
 344 013b 00       		.byte	0
 345 013c 00       		.byte	0
 346 013d 07       		.byte	7
 347 013e 07       		.byte	7
 348 013f 00       		.byte	0
 349 0140 07       		.byte	7
 350 0141 00       		.byte	0
 351 0142 00       		.byte	0
 352 0143 00       		.byte	0
 353 0144 00       		.byte	0
 354 0145 0B       		.byte	11
 355 0146 0B       		.byte	11
 356 0147 00       		.byte	0
 357 0148 00       		.byte	0
 358 0149 00       		.byte	0
 359 014a 00       		.byte	0
 360 014b 00       		.byte	0
 361 014c 1C       		.byte	28
 362 014d 00       		.byte	0
 363 014e 00       		.byte	0
 364 014f FC       		.byte	-4
 365 0150 E0       		.byte	-32
 366 0151 00       		.byte	0
 367 0152 E0       		.byte	-32
 368 0153 00       		.byte	0
 369 0154 00       		.byte	0
 370 0155 00       		.byte	0
 371 0156 00       		.byte	0
 372 0157 00       		.byte	0
 373              		.section	.cywolatch,"a",%progbits
 374              		.align	2
 375              		.type	cy_meta_wonvl, %object
 376              		.size	cy_meta_wonvl, 4
 377              	cy_meta_wonvl:
 378 0000 BC       		.byte	-68
 379 0001 90       		.byte	-112
 380 0002 AC       		.byte	-84
 381 0003 AF       		.byte	-81
 382              		.section	.cycustnvl,"a",%progbits
 383              		.align	2
 384              		.type	cy_meta_custnvl, %object
 385              		.size	cy_meta_custnvl, 4
 386              	cy_meta_custnvl:
 387 0000 00       		.byte	0
 388 0001 00       		.byte	0
 389 0002 40       		.byte	64
 390 0003 05       		.byte	5
 391              		.section	.cymeta,"a",%progbits
 392              		.align	2
 393              		.type	cy_metadata, %object
 394              		.size	cy_metadata, 12
 395              	cy_metadata:
 396 0000 00       		.byte	0
 397 0001 01       		.byte	1
 398 0002 2E       		.byte	46
 399 0003 16       		.byte	22
ARM GAS  C:\Users\UpBc\AppData\Local\Temp\ccXXEF5J.s 			page 8


 400 0004 10       		.byte	16
 401 0005 69       		.byte	105
 402 0006 00       		.byte	0
 403 0007 01       		.byte	1
 404 0008 00       		.byte	0
 405 0009 00       		.byte	0
 406 000a 00       		.byte	0
 407 000b 00       		.byte	0
 408              		.section	.cyflashprotect,"a",%progbits
 409              		.align	2
 410              		.type	cy_meta_flashprotect, %object
 411              		.size	cy_meta_flashprotect, 256
 412              	cy_meta_flashprotect:
 413 0000 00000000 		.space	256
 413      00000000 
 413      00000000 
 413      00000000 
 413      00000000 
 414              		.text
 415              	.Letext0:
 416              		.file 1 "d:\\cypress\\psoc creator\\4.4\\psoc creator\\import\\gnu\\arm\\5.4.1\\arm-none-eabi\\inc
 417              		.file 2 "d:\\cypress\\psoc creator\\4.4\\psoc creator\\import\\gnu\\arm\\5.4.1\\arm-none-eabi\\inc
 418              		.file 3 "Generated_Source\\PSoC5\\cymetadata.c"
 419              		.section	.debug_info,"",%progbits
 420              	.Ldebug_info0:
 421 0000 31010000 		.4byte	0x131
 422 0004 0400     		.2byte	0x4
 423 0006 00000000 		.4byte	.Ldebug_abbrev0
 424 000a 04       		.byte	0x4
 425 000b 01       		.uleb128 0x1
 426 000c 24000000 		.4byte	.LASF17
 427 0010 0C       		.byte	0xc
 428 0011 BE010000 		.4byte	.LASF18
 429 0015 25010000 		.4byte	.LASF19
 430 0019 00000000 		.4byte	.Ldebug_line0
 431 001d 02       		.uleb128 0x2
 432 001e 01       		.byte	0x1
 433 001f 06       		.byte	0x6
 434 0020 B2010000 		.4byte	.LASF0
 435 0024 03       		.uleb128 0x3
 436 0025 00000000 		.4byte	.LASF9
 437 0029 01       		.byte	0x1
 438 002a 1D       		.byte	0x1d
 439 002b 2F000000 		.4byte	0x2f
 440 002f 02       		.uleb128 0x2
 441 0030 01       		.byte	0x1
 442 0031 08       		.byte	0x8
 443 0032 16000000 		.4byte	.LASF1
 444 0036 02       		.uleb128 0x2
 445 0037 02       		.byte	0x2
 446 0038 05       		.byte	0x5
 447 0039 9F010000 		.4byte	.LASF2
 448 003d 02       		.uleb128 0x2
 449 003e 02       		.byte	0x2
 450 003f 07       		.byte	0x7
 451 0040 C4000000 		.4byte	.LASF3
 452 0044 02       		.uleb128 0x2
ARM GAS  C:\Users\UpBc\AppData\Local\Temp\ccXXEF5J.s 			page 9


 453 0045 04       		.byte	0x4
 454 0046 05       		.byte	0x5
 455 0047 A9010000 		.4byte	.LASF4
 456 004b 02       		.uleb128 0x2
 457 004c 04       		.byte	0x4
 458 004d 07       		.byte	0x7
 459 004e B2000000 		.4byte	.LASF5
 460 0052 02       		.uleb128 0x2
 461 0053 08       		.byte	0x8
 462 0054 05       		.byte	0x5
 463 0055 91010000 		.4byte	.LASF6
 464 0059 02       		.uleb128 0x2
 465 005a 08       		.byte	0x8
 466 005b 07       		.byte	0x7
 467 005c 06010000 		.4byte	.LASF7
 468 0060 04       		.uleb128 0x4
 469 0061 04       		.byte	0x4
 470 0062 05       		.byte	0x5
 471 0063 696E7400 		.ascii	"int\000"
 472 0067 02       		.uleb128 0x2
 473 0068 04       		.byte	0x4
 474 0069 07       		.byte	0x7
 475 006a F9000000 		.4byte	.LASF8
 476 006e 03       		.uleb128 0x3
 477 006f 1D010000 		.4byte	.LASF10
 478 0073 02       		.byte	0x2
 479 0074 18       		.byte	0x18
 480 0075 24000000 		.4byte	0x24
 481 0079 05       		.uleb128 0x5
 482 007a 91000000 		.4byte	0x91
 483 007e 8A000000 		.4byte	0x8a
 484 0082 06       		.uleb128 0x6
 485 0083 8A000000 		.4byte	0x8a
 486 0087 5701     		.2byte	0x157
 487 0089 00       		.byte	0
 488 008a 02       		.uleb128 0x2
 489 008b 04       		.byte	0x4
 490 008c 07       		.byte	0x7
 491 008d 88010000 		.4byte	.LASF11
 492 0091 07       		.uleb128 0x7
 493 0092 6E000000 		.4byte	0x6e
 494 0096 08       		.uleb128 0x8
 495 0097 E7000000 		.4byte	.LASF12
 496 009b 03       		.byte	0x3
 497 009c 1F       		.byte	0x1f
 498 009d A7000000 		.4byte	0xa7
 499 00a1 05       		.uleb128 0x5
 500 00a2 03       		.byte	0x3
 501 00a3 00000000 		.4byte	cy_meta_configecc
 502 00a7 07       		.uleb128 0x7
 503 00a8 79000000 		.4byte	0x79
 504 00ac 05       		.uleb128 0x5
 505 00ad 91000000 		.4byte	0x91
 506 00b1 BC000000 		.4byte	0xbc
 507 00b5 09       		.uleb128 0x9
 508 00b6 8A000000 		.4byte	0x8a
 509 00ba 03       		.byte	0x3
ARM GAS  C:\Users\UpBc\AppData\Local\Temp\ccXXEF5J.s 			page 10


 510 00bb 00       		.byte	0
 511 00bc 08       		.uleb128 0x8
 512 00bd D7000000 		.4byte	.LASF13
 513 00c1 03       		.byte	0x3
 514 00c2 57       		.byte	0x57
 515 00c3 CD000000 		.4byte	0xcd
 516 00c7 05       		.uleb128 0x5
 517 00c8 03       		.byte	0x3
 518 00c9 00000000 		.4byte	cy_meta_custnvl
 519 00cd 07       		.uleb128 0x7
 520 00ce AC000000 		.4byte	0xac
 521 00d2 08       		.uleb128 0x8
 522 00d3 7A010000 		.4byte	.LASF14
 523 00d7 03       		.byte	0x3
 524 00d8 65       		.byte	0x65
 525 00d9 E3000000 		.4byte	0xe3
 526 00dd 05       		.uleb128 0x5
 527 00de 03       		.byte	0x3
 528 00df 00000000 		.4byte	cy_meta_wonvl
 529 00e3 07       		.uleb128 0x7
 530 00e4 AC000000 		.4byte	0xac
 531 00e8 05       		.uleb128 0x5
 532 00e9 91000000 		.4byte	0x91
 533 00ed F8000000 		.4byte	0xf8
 534 00f1 09       		.uleb128 0x9
 535 00f2 8A000000 		.4byte	0x8a
 536 00f6 FF       		.byte	0xff
 537 00f7 00       		.byte	0
 538 00f8 08       		.uleb128 0x8
 539 00f9 65010000 		.4byte	.LASF15
 540 00fd 03       		.byte	0x3
 541 00fe 73       		.byte	0x73
 542 00ff 09010000 		.4byte	0x109
 543 0103 05       		.uleb128 0x5
 544 0104 03       		.byte	0x3
 545 0105 00000000 		.4byte	cy_meta_flashprotect
 546 0109 07       		.uleb128 0x7
 547 010a E8000000 		.4byte	0xe8
 548 010e 05       		.uleb128 0x5
 549 010f 91000000 		.4byte	0x91
 550 0113 1E010000 		.4byte	0x11e
 551 0117 09       		.uleb128 0x9
 552 0118 8A000000 		.4byte	0x8a
 553 011c 0B       		.byte	0xb
 554 011d 00       		.byte	0
 555 011e 08       		.uleb128 0x8
 556 011f 0A000000 		.4byte	.LASF16
 557 0123 03       		.byte	0x3
 558 0124 A0       		.byte	0xa0
 559 0125 2F010000 		.4byte	0x12f
 560 0129 05       		.uleb128 0x5
 561 012a 03       		.byte	0x3
 562 012b 00000000 		.4byte	cy_metadata
 563 012f 07       		.uleb128 0x7
 564 0130 0E010000 		.4byte	0x10e
 565 0134 00       		.byte	0
 566              		.section	.debug_abbrev,"",%progbits
ARM GAS  C:\Users\UpBc\AppData\Local\Temp\ccXXEF5J.s 			page 11


 567              	.Ldebug_abbrev0:
 568 0000 01       		.uleb128 0x1
 569 0001 11       		.uleb128 0x11
 570 0002 01       		.byte	0x1
 571 0003 25       		.uleb128 0x25
 572 0004 0E       		.uleb128 0xe
 573 0005 13       		.uleb128 0x13
 574 0006 0B       		.uleb128 0xb
 575 0007 03       		.uleb128 0x3
 576 0008 0E       		.uleb128 0xe
 577 0009 1B       		.uleb128 0x1b
 578 000a 0E       		.uleb128 0xe
 579 000b 10       		.uleb128 0x10
 580 000c 17       		.uleb128 0x17
 581 000d 00       		.byte	0
 582 000e 00       		.byte	0
 583 000f 02       		.uleb128 0x2
 584 0010 24       		.uleb128 0x24
 585 0011 00       		.byte	0
 586 0012 0B       		.uleb128 0xb
 587 0013 0B       		.uleb128 0xb
 588 0014 3E       		.uleb128 0x3e
 589 0015 0B       		.uleb128 0xb
 590 0016 03       		.uleb128 0x3
 591 0017 0E       		.uleb128 0xe
 592 0018 00       		.byte	0
 593 0019 00       		.byte	0
 594 001a 03       		.uleb128 0x3
 595 001b 16       		.uleb128 0x16
 596 001c 00       		.byte	0
 597 001d 03       		.uleb128 0x3
 598 001e 0E       		.uleb128 0xe
 599 001f 3A       		.uleb128 0x3a
 600 0020 0B       		.uleb128 0xb
 601 0021 3B       		.uleb128 0x3b
 602 0022 0B       		.uleb128 0xb
 603 0023 49       		.uleb128 0x49
 604 0024 13       		.uleb128 0x13
 605 0025 00       		.byte	0
 606 0026 00       		.byte	0
 607 0027 04       		.uleb128 0x4
 608 0028 24       		.uleb128 0x24
 609 0029 00       		.byte	0
 610 002a 0B       		.uleb128 0xb
 611 002b 0B       		.uleb128 0xb
 612 002c 3E       		.uleb128 0x3e
 613 002d 0B       		.uleb128 0xb
 614 002e 03       		.uleb128 0x3
 615 002f 08       		.uleb128 0x8
 616 0030 00       		.byte	0
 617 0031 00       		.byte	0
 618 0032 05       		.uleb128 0x5
 619 0033 01       		.uleb128 0x1
 620 0034 01       		.byte	0x1
 621 0035 49       		.uleb128 0x49
 622 0036 13       		.uleb128 0x13
 623 0037 01       		.uleb128 0x1
ARM GAS  C:\Users\UpBc\AppData\Local\Temp\ccXXEF5J.s 			page 12


 624 0038 13       		.uleb128 0x13
 625 0039 00       		.byte	0
 626 003a 00       		.byte	0
 627 003b 06       		.uleb128 0x6
 628 003c 21       		.uleb128 0x21
 629 003d 00       		.byte	0
 630 003e 49       		.uleb128 0x49
 631 003f 13       		.uleb128 0x13
 632 0040 2F       		.uleb128 0x2f
 633 0041 05       		.uleb128 0x5
 634 0042 00       		.byte	0
 635 0043 00       		.byte	0
 636 0044 07       		.uleb128 0x7
 637 0045 26       		.uleb128 0x26
 638 0046 00       		.byte	0
 639 0047 49       		.uleb128 0x49
 640 0048 13       		.uleb128 0x13
 641 0049 00       		.byte	0
 642 004a 00       		.byte	0
 643 004b 08       		.uleb128 0x8
 644 004c 34       		.uleb128 0x34
 645 004d 00       		.byte	0
 646 004e 03       		.uleb128 0x3
 647 004f 0E       		.uleb128 0xe
 648 0050 3A       		.uleb128 0x3a
 649 0051 0B       		.uleb128 0xb
 650 0052 3B       		.uleb128 0x3b
 651 0053 0B       		.uleb128 0xb
 652 0054 49       		.uleb128 0x49
 653 0055 13       		.uleb128 0x13
 654 0056 3F       		.uleb128 0x3f
 655 0057 19       		.uleb128 0x19
 656 0058 02       		.uleb128 0x2
 657 0059 18       		.uleb128 0x18
 658 005a 00       		.byte	0
 659 005b 00       		.byte	0
 660 005c 09       		.uleb128 0x9
 661 005d 21       		.uleb128 0x21
 662 005e 00       		.byte	0
 663 005f 49       		.uleb128 0x49
 664 0060 13       		.uleb128 0x13
 665 0061 2F       		.uleb128 0x2f
 666 0062 0B       		.uleb128 0xb
 667 0063 00       		.byte	0
 668 0064 00       		.byte	0
 669 0065 00       		.byte	0
 670              		.section	.debug_aranges,"",%progbits
 671 0000 14000000 		.4byte	0x14
 672 0004 0200     		.2byte	0x2
 673 0006 00000000 		.4byte	.Ldebug_info0
 674 000a 04       		.byte	0x4
 675 000b 00       		.byte	0
 676 000c 0000     		.2byte	0
 677 000e 0000     		.2byte	0
 678 0010 00000000 		.4byte	0
 679 0014 00000000 		.4byte	0
 680              		.section	.debug_line,"",%progbits
ARM GAS  C:\Users\UpBc\AppData\Local\Temp\ccXXEF5J.s 			page 13


 681              	.Ldebug_line0:
 682 0000 15010000 		.section	.debug_str,"MS",%progbits,1
 682      02000F01 
 682      00000201 
 682      FB0E0D00 
 682      01010101 
 683              	.LASF9:
 684 0000 5F5F7569 		.ascii	"__uint8_t\000"
 684      6E74385F 
 684      7400
 685              	.LASF16:
 686 000a 63795F6D 		.ascii	"cy_metadata\000"
 686      65746164 
 686      61746100 
 687              	.LASF1:
 688 0016 756E7369 		.ascii	"unsigned char\000"
 688      676E6564 
 688      20636861 
 688      7200
 689              	.LASF17:
 690 0024 474E5520 		.ascii	"GNU C11 5.4.1 20160609 (release) [ARM/embedded-5-br"
 690      43313120 
 690      352E342E 
 690      31203230 
 690      31363036 
 691 0057 616E6368 		.ascii	"anch revision 237715] -mcpu=cortex-m3 -mthumb -g -O"
 691      20726576 
 691      6973696F 
 691      6E203233 
 691      37373135 
 692 008a 67202D66 		.ascii	"g -ffunction-sections -ffat-lto-objects\000"
 692      66756E63 
 692      74696F6E 
 692      2D736563 
 692      74696F6E 
 693              	.LASF5:
 694 00b2 6C6F6E67 		.ascii	"long unsigned int\000"
 694      20756E73 
 694      69676E65 
 694      6420696E 
 694      7400
 695              	.LASF3:
 696 00c4 73686F72 		.ascii	"short unsigned int\000"
 696      7420756E 
 696      7369676E 
 696      65642069 
 696      6E7400
 697              	.LASF13:
 698 00d7 63795F6D 		.ascii	"cy_meta_custnvl\000"
 698      6574615F 
 698      63757374 
 698      6E766C00 
 699              	.LASF12:
 700 00e7 63795F6D 		.ascii	"cy_meta_configecc\000"
 700      6574615F 
 700      636F6E66 
 700      69676563 
ARM GAS  C:\Users\UpBc\AppData\Local\Temp\ccXXEF5J.s 			page 14


 700      6300
 701              	.LASF8:
 702 00f9 756E7369 		.ascii	"unsigned int\000"
 702      676E6564 
 702      20696E74 
 702      00
 703              	.LASF7:
 704 0106 6C6F6E67 		.ascii	"long long unsigned int\000"
 704      206C6F6E 
 704      6720756E 
 704      7369676E 
 704      65642069 
 705              	.LASF10:
 706 011d 75696E74 		.ascii	"uint8_t\000"
 706      385F7400 
 707              	.LASF19:
 708 0125 433A5C55 		.ascii	"C:\\Users\\UpBc\\Documents\\PSoC Creator\\Sequence1"
 708      73657273 
 708      5C557042 
 708      635C446F 
 708      63756D65 
 709 0153 5C445F53 		.ascii	"\\D_Solenoid.cydsn\000"
 709      6F6C656E 
 709      6F69642E 
 709      63796473 
 709      6E00
 710              	.LASF15:
 711 0165 63795F6D 		.ascii	"cy_meta_flashprotect\000"
 711      6574615F 
 711      666C6173 
 711      6870726F 
 711      74656374 
 712              	.LASF14:
 713 017a 63795F6D 		.ascii	"cy_meta_wonvl\000"
 713      6574615F 
 713      776F6E76 
 713      6C00
 714              	.LASF11:
 715 0188 73697A65 		.ascii	"sizetype\000"
 715      74797065 
 715      00
 716              	.LASF6:
 717 0191 6C6F6E67 		.ascii	"long long int\000"
 717      206C6F6E 
 717      6720696E 
 717      7400
 718              	.LASF2:
 719 019f 73686F72 		.ascii	"short int\000"
 719      7420696E 
 719      7400
 720              	.LASF4:
 721 01a9 6C6F6E67 		.ascii	"long int\000"
 721      20696E74 
 721      00
 722              	.LASF0:
 723 01b2 7369676E 		.ascii	"signed char\000"
 723      65642063 
ARM GAS  C:\Users\UpBc\AppData\Local\Temp\ccXXEF5J.s 			page 15


 723      68617200 
 724              	.LASF18:
 725 01be 47656E65 		.ascii	"Generated_Source\\PSoC5\\cymetadata.c\000"
 725      72617465 
 725      645F536F 
 725      75726365 
 725      5C50536F 
 726              		.ident	"GCC: (GNU Tools for ARM Embedded Processors) 5.4.1 20160609 (release) [ARM/embedded-5-bran
