--------------- Build Started: 05/27/2022 17:18:23 Project: Design01, Configuration: ARM GCC 5.4-2016-q2-update Debug ---------------
cydsfit.exe -.appdatapath "C:\Users\UpBc\AppData\Local\Cypress Semiconductor\PSoC Creator\4.4" -.fdsnotice -.fdswarpdepfile=warp_dependencies.txt -.fdselabdepfile=elab_dependencies.txt -.fdsbldfile=generated_files.txt -.fdsreffile=referenced_files.txt -p "C:\Users\UpBc\Documents\PSoC Creator\DAQ Example\Design01.cydsn\Design01.cyprj" -d CY8C5888LTI-LP097 -s "C:\Users\UpBc\Documents\PSoC Creator\DAQ Example\Design01.cydsn\Generated_Source\PSoC5" -- -yv2 -q10 -ygs -o2 -v3 -.fftcfgtype=LE
Elaborating Design...
HDL Generation...
Synthesis...
Tech Mapping...
ADD: pft.M0040: information: The following 9 pin(s) will be assigned a location by the fitter: DInput(0), DInput(1), DInput(2), DInput(3), DOutput(0), DOutput(1), DOutput(2), DOutput(3), Pot(0)
Analog Placement...
Log: apr.M0058: The analog placement iterative improvement is 35% done. (App=cydsfit)
Log: apr.M0058: The analog placement iterative improvement is 65% done. (App=cydsfit)
Analog Routing...
Analog Code Generation...
Digital Placement...
Digital Routing...
Bitstream Generation...
Bitstream Verification...
Static timing analysis...
API Generation...
Dependency Generation...
Cleanup...
--------------- Build Succeeded: 05/27/2022 17:18:33 ---------------
